   1.00099996E-05   9103.57422      -1.00000000       0.00000000    
   1.03387874E-05   8814.06836      -1.00000000       0.00000000    
   1.06783791E-05   8533.76465      -1.00000000       0.00000000    
   1.10291239E-05   8262.37695      -1.00000000       0.00000000    
   1.13913902E-05   7999.61816      -1.00000000       0.00000000    
   1.17655554E-05   7745.21631      -1.00000000       0.00000000    
   1.21520106E-05   7498.90527      -1.00000000       0.00000000    
   1.25511588E-05   7260.42725      -1.00000000       1696969.13    
   1.29634182E-05   7029.53271      -1.00000000       0.00000000    
   1.33892190E-05   6805.98145      -1.00000000       0.00000000    
   1.38290052E-05   6589.53955      -1.00000000       0.00000000    
   1.42832369E-05   6379.98047      -1.00000000       0.00000000    
   1.47523888E-05   6177.08594      -1.00000000       0.00000000    
   1.52369503E-05   5980.64404      -1.00000000       0.00000000    
   1.57374270E-05   5790.44922      -1.00000000       0.00000000    
   1.62543438E-05   5606.30273      -1.00000000       0.00000000    
   1.67882390E-05   5428.01270      -1.00000000       0.00000000    
   1.73396711E-05   5255.39209      -1.00000000       0.00000000    
   1.79092149E-05   5088.26172      -1.00000000       0.00000000    
   1.84974670E-05   4926.44629      -1.00000000       0.00000000    
   1.91050403E-05   4769.77637      -1.00000000       0.00000000    
   1.97325699E-05   4618.08936      -1.00000000       1079379.13    
   2.03807122E-05   4471.22607      -1.00000000       0.00000000    
   2.10501439E-05   4329.03320      -1.00000000       1011817.63    
   2.17415636E-05   4191.36230      -1.00000000       0.00000000    
   2.24556934E-05   4058.06982      -1.00000000       0.00000000    
   2.31932790E-05   3929.01636      -1.00000000       0.00000000    
   2.39550936E-05   3804.06665      -1.00000000       0.00000000    
   2.47419302E-05   3683.09082      -1.00000000       0.00000000    
   2.55546111E-05   3565.96216      -1.00000000       0.00000000    
   2.63939855E-05   3452.55835      -1.00000000       0.00000000    
   2.72609304E-05   3342.76099      -1.00000000       0.00000000    
   2.81563516E-05   3236.45532      -1.00000000       0.00000000    
   2.90811840E-05   3133.53052      -1.00000000       0.00000000    
   3.00363936E-05   3033.87866      -1.00000000       0.00000000    
   3.10229771E-05   2937.39624      -1.00000000       0.00000000    
   3.20419676E-05   2843.98193      -1.00000000       664719.438    
   3.30944276E-05   2753.53833      -1.00000000       0.00000000    
   3.41814593E-05   2665.97095      -1.00000000       0.00000000    
   3.53041942E-05   2581.18823      -1.00000000       0.00000000    
   3.64638072E-05   2499.10205      -1.00000000       0.00000000    
   3.76615062E-05   2419.62646      -1.00000000       0.00000000    
   3.88985500E-05   2342.67798      -1.00000000       0.00000000    
   4.01762227E-05   2268.17676      -1.00000000       0.00000000    
   4.14958631E-05   2196.04492      -1.00000000       0.00000000    
   4.28588501E-05   2126.20679      -1.00000000       0.00000000    
   4.42666023E-05   2058.58984      -1.00000000       0.00000000    
   4.57205970E-05   1993.12305      -1.00000000       0.00000000    
   4.72223510E-05   1929.73816      -1.00000000       0.00000000    
   4.87734324E-05   1868.36914      -1.00000000       0.00000000    
   5.03754600E-05   1808.95166      -1.00000000       0.00000000    
   5.20301073E-05   1751.42395      -1.00000000       0.00000000    
   5.37391024E-05   1695.72571      -1.00000000       0.00000000    
   5.55042352E-05   1641.79858      -1.00000000       0.00000000    
   5.73273428E-05   1589.58655      -1.00000000       0.00000000    
   5.92103352E-05   1539.03491      -1.00000000       0.00000000    
   6.11551732E-05   1490.09106      -1.00000000       0.00000000    
   6.31638977E-05   1442.70349      -1.00000000       0.00000000    
   6.52386007E-05   1396.82300      -1.00000000       0.00000000    
   6.73814429E-05   1352.40161      -1.00000000       316094.688    
   6.95946801E-05   1309.39282      -1.00000000       0.00000000    
   7.18806041E-05   1267.75195      -1.00000000       0.00000000    
   7.42416159E-05   1227.43518      -1.00000000       0.00000000    
   7.66801822E-05   1188.40063      -1.00000000       0.00000000    
   7.91988423E-05   1150.60742      -1.00000000       0.00000000    
   8.18002300E-05   1114.01611      -1.00000000       0.00000000    
   8.44870665E-05   1078.58850      -1.00000000       0.00000000    
   8.72621531E-05   1044.28748      -1.00000000       0.00000000    
   9.01283929E-05   1011.07733      -1.00000000       0.00000000    
   9.30887836E-05   978.923279      -1.00000000       0.00000000    
   9.61464029E-05   947.791809      -1.00000000       0.00000000    
   9.93044596E-05   917.650391      -1.00000000       0.00000000    
   1.02566242E-04   888.467529      -1.00000000       207662.063    
   1.05935105E-04   860.213196      -1.00000000       0.00000000    
   1.09414621E-04   832.857361      -1.00000000       0.00000000    
   1.13008427E-04   806.371521      -1.00000000       0.00000000    
   1.16720272E-04   780.727905      -1.00000000       0.00000000    
   1.20554039E-04   755.899780       2.07944155       176676.594    
   1.24513797E-04   731.860840      -1.00000000       0.00000000    
   1.28603613E-04   708.586426       2.07944155       165616.750    
   1.32827772E-04   686.052124      -1.00000000       0.00000000    
   1.37190669E-04   664.234497      -1.00000000       0.00000000    
   1.41696873E-04   643.110718      -1.00000000       0.00000000    
   1.46351013E-04   622.658997      -1.00000000       0.00000000    
   1.51158019E-04   602.857666      -1.00000000       0.00000000    
   1.56122915E-04   583.686096      -1.00000000       0.00000000    
   1.61250893E-04   565.124146      -1.00000000       0.00000000    
   1.66547383E-04   547.152222      -1.00000000       0.00000000    
   1.72017768E-04   529.752075      -1.00000000       0.00000000    
   1.77667913E-04   512.905090      -1.00000000       0.00000000    
   1.83503638E-04   496.593842      0.980829298       116069.180    
   1.89530954E-04   480.801544      -1.00000000       0.00000000    
   1.95756249E-04   465.511444       1.38629436       108804.117    
   2.02186115E-04   450.707397       2.07944155       105343.133    
   2.08827187E-04   436.374084      -1.00000000       0.00000000    
   2.15686377E-04   422.496674      -1.00000000       0.00000000    
   2.22770759E-04   409.060760      -1.00000000       0.00000000    
   2.30087826E-04   396.052124      -1.00000000       0.00000000    
   2.37645232E-04   383.457184      -1.00000000       89626.2891    
   2.45450879E-04   371.262787      -1.00000000       0.00000000    
   2.53513019E-04   359.455994      -1.00000000       0.00000000    
   2.61839858E-04   348.024841      0.980829298       81343.8984    
   2.70440330E-04   336.957031      -1.00000000       0.00000000    
   2.79323285E-04   326.241241       1.67397642       152505.188    
   2.88497860E-04   315.866394      -1.00000000       0.00000000    
   2.97973806E-04   305.821442       1.38629436       71479.7344    
   3.07761133E-04   296.095795      -1.00000000       69206.6875    
   3.17869766E-04   286.679596      -1.00000000       0.00000000    
   3.28310445E-04   277.562836      -1.00000000       0.00000000    
   3.39094055E-04   268.735992       2.07944155       62811.7617    
   3.50232032E-04   260.189728      -1.00000000       0.00000000    
   3.61735671E-04   251.915375      -1.00000000       0.00000000    
   3.73617338E-04   243.904037       1.67397642       114015.641    
   3.85889085E-04   236.147583       1.38629436       55195.3438    
   3.98563890E-04   228.637802      0.693147182       53440.0625    
   4.11655026E-04   221.366852      -1.00000000       0.00000000    
   4.25176142E-04   214.327118       2.07944155       50094.7422    
   4.39141615E-04   207.511139      -1.00000000       0.00000000    
   4.53565794E-04   200.911926      -1.00000000       0.00000000    
   4.68463753E-04   194.522568      -1.00000000       45465.4531    
   4.83851065E-04   188.336411       3.46573591       176078.234    
   4.99743794E-04   182.346985      -1.00000000       0.00000000    
   5.16158529E-04   176.548035      -1.00000000       0.00000000    
   5.33112441E-04   170.933502      0.133531332       39952.0664    
   5.50623168E-04   165.497528       1.38629436       38681.8516    
   5.68708812E-04   160.234497      -1.00000000       37451.9883    
   5.87388466E-04   155.138855      -1.00000000       0.00000000    
   6.06681686E-04   150.205246       2.07944155       35107.8125    
   6.26608613E-04   145.428543       1.16315079       67982.1328    
   6.47190376E-04   140.803665       1.67397642       65820.2578    
   6.68447814E-04   136.325943      -1.00000000       0.00000000    
   6.90403511E-04   131.990601      -1.00000000       0.00000000    
   7.13080692E-04   127.793076       1.67397642       59738.3203    
   7.36502348E-04   123.729103       1.16315079       57838.9844    
   7.60693336E-04   119.794365       2.48490667       83998.6641    
   7.85679324E-04   115.984695       2.77258873       54217.8320    
   8.11485981E-04   112.296181       1.38629436       26246.8066    
   8.38140317E-04   108.724960       2.07944155       25412.1250    
   8.65670096E-04   105.267326      0.693147182       24604.2012    
   8.94103665E-04   101.919701      0.980829179       47643.8672    
   9.23471176E-04   98.6785278       2.07944155       69192.5156    
   9.53803770E-04   95.5403824       1.67397642       89322.8047    
   9.85132181E-04   92.5020752      -1.00000000       0.00000000    
   1.01748959E-03   89.5604019       2.77258873       41865.9844    
   1.05091033E-03   86.7122269     -0.117783159       20267.2930    
   1.08542829E-03   83.9546738      0.470003635       19622.9121    
   1.12108001E-03   81.2848053       1.16315079       37997.4453    
   1.15790335E-03   78.6998138      -1.00000000       0.00000000    
   1.19593623E-03   76.1970215       1.38629436       35618.8359    
   1.23521825E-03   73.7738266       1.38629436       17243.2051    
   1.27578992E-03   71.4277267      0.287682027       16694.9707    
   1.31769420E-03   69.1562347      0.470003575       16163.9180    
   1.36097556E-03   66.9569550      0.133531332       15649.8750    
   1.40567787E-03   64.8276367       1.38629436       30304.3789    
   1.45184912E-03   62.7660103      0.287682027       14670.3379    
   1.49953621E-03   60.7699738      -1.00000000       0.00000000    
   1.54878956E-03   58.8374138     -0.405465245       13752.2119    
   1.59966073E-03   56.9663124       1.89712000       66574.3359    
   1.65220280E-03   55.1547165      -1.00000000       0.00000000    
   1.70647155E-03   53.4006996      0.287682027       12481.3682    
   1.76252192E-03   51.7024918       1.16315079       24168.8848    
   1.82041421E-03   50.0582619      0.980829179       23400.2871    
   1.88020710E-03   48.4663506      0.875468552       33984.1602    
   1.94196496E-03   46.9250336       1.16315067       43870.8945    
   2.00575124E-03   45.4327393       1.67397642       42476.1055    
   2.07163161E-03   43.9879227      0.207639307       20562.8086    
   2.13967590E-03   42.5890541      0.875468552       29863.3262    
   2.20995513E-03   41.2346725       1.06784046       38551.4844    
   2.28254288E-03   39.9233589     -0.693147182       9331.29297    
   2.35751597E-03   38.6537247      0.757685781       36137.8906    
   2.43495172E-03   37.4244690       1.51982570       34988.6367    
   2.51493091E-03   36.2343063     -0.559615731       8468.98633    
   2.59753712E-03   35.0819893       1.72276664       57397.6484    
   2.68285652E-03   33.9663239     -0.223143458       15877.9473    
   2.77097686E-03   32.8861542      0.207639307       15373.1172    
   2.86199176E-03   31.8403339      0.233614713       22326.1484    
   2.95599760E-03   30.8277569      0.826678634       28821.5391    
   3.05308960E-03   29.8473969       1.09861243       41857.4453    
   3.15337232E-03   28.8981972       1.29098403       33771.6641    
   3.25694890E-03   27.9791851       1.16315091       39237.2109    
   3.36392759E-03   27.0893974      0.521297157       25326.4785    
   3.47441831E-03   26.2279224      0.916290820       30651.5781    
   3.58853815E-03   25.3938427       1.38629448       41547.5547    
   3.70640634E-03   24.5862885      0.575364232       22986.4492    
   3.82814603E-03   23.8044147      0.693147302       22255.4473    
   3.95388436E-03   23.0474052      0.757685661       21547.5020    
   4.08375496E-03   22.3144569       1.47330570       31293.1563    
   4.21789102E-03   21.6048203       1.50407755       45447.3750    
   4.35643084E-03   20.9177608       1.56861591       44002.4102    
   4.49952111E-03   20.2525501       1.26851153       37869.1016    
   4.64731362E-03   19.6084843      0.757685781       18332.3965    
   4.79995832E-03   18.9849091       1.05779064       39936.1367    
   4.95761912E-03   18.3811569       8.70115161E-02   12888.7158    
   5.12045575E-03   17.7966137      0.826678813       33277.1680    
   5.28864097E-03   17.2306595      0.470003873       20136.8164    
   5.46235032E-03   16.6827049      0.780158937       23395.5371    
   5.64176822E-03   16.1521664       1.43281472       41527.8125    
   5.82707627E-03   15.6385069      0.940007508       29241.8066    
   6.01847097E-03   15.1411839       1.16315103       42467.8164    
   6.21615211E-03   14.6596756       1.17865527       44543.7188    
   6.42032642E-03   14.1934795      0.575364411       21523.1152    
   6.59999996E-03   13.8070869       1.38629436       39176.0430    
   6.63121045E-03   13.7421026      0.470003784       22117.5293    
   6.84902119E-03   13.3050804     -0.117782824       15368.1631    
   6.89999992E-03   13.2067795      0.744440734       30603.2637    
   7.07398634E-03   12.8819551      0.806476057       32128.4551    
   7.19999988E-03   12.6564970      0.405465037       17778.0254    
   7.30634062E-03   12.4722862     -0.189241827       11927.4502    
   7.54632708E-03   12.0756464      0.336472571       19756.9590    
   7.79419579E-03   11.6916199       1.01473117       30350.8379    
   7.99999945E-03   11.3908472       1.19213855       37649.5586    
   8.05020239E-03   11.3198118     -0.117782891       9179.54395    
   8.29999987E-03   10.9791298      -1.00000000       0.00000000    
   8.31462163E-03   10.9598217      0.693147421       28713.3828    
   8.58772639E-03   10.6112804      0.553385496       24124.6777    
   8.60000029E-03   10.5961361       1.19213855       34170.1992    
   8.86980072E-03   10.2738247      0.739667594       26992.1641    
   9.16113611E-03   9.94710445      0.648695827       25574.5430    
   9.46204085E-03   9.63077354      0.445311368       20442.0488    
   9.69999935E-03   9.39451313     -0.117782958       8860.78711    
   9.77283344E-03   9.32449913      0.980829537       36718.1797    
   9.99999978E-03   9.11267757      -1.00000000       0.00000000    
   1.00938324E-02   9.02796555      0.842679322       41307.9531    
   1.03000002E-02   8.84725952       1.12393034       41531.1406    
   1.04253748E-02   8.74086285      0.387765914       20603.6563    
   1.07678073E-02   8.46289063      0.133531332       15824.2891    
   1.11214863E-02   8.19375896      0.716137052       21066.4375    
   1.14867836E-02   7.93318462      0.594056368       22250.7188    
   1.18640782E-02   7.68089819     -0.384411544       10731.8145    
   1.19999992E-02   7.59389830      0.632522941       28267.4277    
   1.22537659E-02   7.43663406      -1.00000000       0.00000000    
   1.22999996E-02   7.40868092      0.315853238       23861.3184    
   1.26000000E-02   7.23228359      0.356675297       19325.1582    
   1.26562538E-02   7.20013809      0.563094378       26257.2207    
   1.30719617E-02   6.97116280      0.632522583       19552.4648    
   1.35013238E-02   6.74946976       1.14334810       31551.1445    
   1.39447879E-02   6.53482676      0.817199767       22910.8301    
   1.44028189E-02   6.32700968      0.847297132       31055.0918    
   1.48758944E-02   6.12580156      0.735706449       27625.2168    
   1.52999992E-02   5.95599890      0.767255425       19726.2891    
   1.53645081E-02   5.93099213      0.644357264       22948.8613    
   1.55999996E-02   5.84146023      0.909370661       24555.7422    
   1.58691723E-02   5.74237728      -8.00426379E-02   13769.3574    
   1.58999991E-02   5.73124409       1.01160121       29058.2129    
   1.63904112E-02   5.55976152      0.938269019       30783.7988    
   1.69287696E-02   5.38295317      0.395895123       16356.0771    
   1.74848139E-02   5.21176672      0.324048936       17054.0703    
   1.80591196E-02   5.04602528      0.581920743       20049.9727    
   1.86522901E-02   4.88555431       1.00582993       30831.3574    
   1.92649439E-02   4.73018646       1.03147233       29850.9023    
   1.98977198E-02   4.57975960       1.12392986       32978.1719    
   2.01000012E-02   4.53366995      0.105360776       13706.8086    
   2.04000007E-02   4.46699858      -1.00000000       0.00000000    
   2.05512810E-02   4.43411636      -8.00426379E-02   13769.3574    
   2.07000002E-02   4.40225983       1.03347337       26517.6133    
   2.12263092E-02   4.29310513      0.920930266       30385.6914    
   2.19235104E-02   4.15657759      0.672527134       23316.4512    
   2.26436090E-02   4.02439260      0.980828822       31040.5879    
   2.33873613E-02   3.89641118       1.00123715       30053.4023    
   2.41555441E-02   3.77249932      0.864104688       30861.1387    
   2.49489583E-02   3.65252829      0.794242442       22196.3926    
   2.57684309E-02   3.53637266      0.502526522       20663.9492    
   2.66148224E-02   3.42391062      0.812947929       24808.4121    
   2.74890140E-02   3.31502533      0.855666161       23333.1777    
   2.74999999E-02   3.31370091       1.51982594       53131.7695    
   2.77999993E-02   3.27794170      0.923670650       39013.1797    
   2.80999988E-02   3.24294591       1.35552275       37219.5156    
   2.83919182E-02   3.20960259      0.714199901       26988.0957    
   2.93244794E-02   3.10753250      0.811753094       27600.3496    
   3.02876718E-02   3.00870848      0.805264115       23206.4590    
   3.12825032E-02   2.91302705      0.855666280       30638.8086    
   3.23100090E-02   2.82038832       1.14990532       29664.5000    
   3.33712623E-02   2.73069596      0.684563339       18509.1582    
   3.44673768E-02   2.64385581      0.795425951       22246.1738    
   3.55994925E-02   2.55977726      0.572194993       20940.4277    
   3.67687941E-02   2.47837257      0.395896167       15061.0439    
   3.79765034E-02   2.39955664      0.672527552       20190.5781    
   3.92238796E-02   2.32324743      0.969399631       23168.6641    
   3.96999978E-02   2.29538488      0.997635961       35482.5078    
   3.99999991E-02   2.27816939      0.930819094       29833.4258    
   4.03000005E-02   2.26121020      0.909370661       24192.9902    
   4.05122302E-02   2.24936461      0.918308079       27665.4609    
   4.18428965E-02   2.17783141      0.773569047       27996.4180    
   4.32172678E-02   2.10857320      0.942363322       25134.7480    
   4.46367823E-02   2.04151750      0.869604528       24335.3867    
   4.61029261E-02   1.97659421      0.653256238       19865.5605    
   4.76172231E-02   1.91373563       1.09666193       28627.0996    
   4.91812602E-02   1.85287595       1.01362002       26850.5664    
   5.07966690E-02   1.79395175      0.604095280       21384.3633    
   5.24651371E-02   1.73690152      0.572897553       18268.5039    
   5.41884080E-02   1.68166542      0.646822572       22797.2832    
   5.59682809E-02   1.62818611      0.883190572       24736.1816    
   5.78066185E-02   1.57640731      0.838457525       22475.7148    
   5.97053356E-02   1.52627528      0.756516993       20334.0195    
   6.16664179E-02   1.47773743      0.707962275       18766.3555    
   6.21999986E-02   1.46506071      0.668454885       16518.2715    
   6.25000000E-02   1.45802844       1.07391989       34423.3945    
   6.27999976E-02   1.45106339       1.22296870       35812.0898    
   6.36919141E-02   1.43074322      0.832908392       31839.9082    
   6.57839403E-02   1.38524354      0.941326320       29463.4004    
   6.79446831E-02   1.34119070      0.945237458       28839.9141    
   7.01763928E-02   1.29853892      0.864190996       29440.3047    
   7.24814087E-02   1.25724339      0.789290607       26447.0449    
   7.48621374E-02   1.21726120      0.791171372       23614.4199    
   7.73210600E-02   1.17855048      0.864657760       25342.6426    
   7.98607469E-02   1.14107084      0.930056036       25603.4902    
   8.24838579E-02   1.10478318      0.673601866       19624.8184    
   8.51931274E-02   1.06964934      0.862647116       23250.9082    
   8.79913792E-02   1.03563297      0.836038053       22269.4414    
   9.08815488E-02   1.00269830      0.681585371       20155.0547    
   9.38666463E-02  0.970811009      0.626656234       18152.6523    
   9.69497934E-02  0.939937770      0.716135919       19332.9102    
  0.100134209      0.910046399      0.586824596       16591.0508    
  0.103423215      0.881105602      0.536142886       15445.6094    
  0.106820256      0.853085160      0.718182325       18144.6855    
  0.110328875      0.825955808      0.465252757       14280.1953    
  0.110870004      0.821924508       1.25276315       11459.0879    
  0.111170001      0.819706500       1.23214364       48193.0469    
  0.111469999      0.817500472       1.19739330       49976.0430    
  0.113952741      0.799689174       1.14629841       48653.7227    
  0.115800001      0.786932409       1.24412096       46170.1797    
  0.116099998      0.784898996      0.887302935       39013.4219    
  0.116399996      0.782876074       1.16315138       50050.2773    
  0.117695637      0.774257898       1.05110323       44550.7617    
  0.121561475      0.749635339       1.01543248       45136.6484    
  0.122180000      0.745840371       1.17498457       50968.5195    
  0.122479998      0.744013548       1.32802522       57372.6719    
  0.122779995      0.742195606       1.11245680       44788.8008    
  0.125554278      0.725795865      0.995346010       36927.1250    
  0.129678249      0.702714384      0.964775860       33834.6172    
  0.133937657      0.680367112       1.01856685       35446.6836    
  0.137019992      0.665061891       1.15019178       37452.7539    
  0.137319997      0.663608909      0.718465269       22948.5039    
  0.137620002      0.662162304      0.863045514       32494.8203    
  0.138336971      0.658730447      0.990535855       36119.3945    
  0.142880797      0.637781799      0.934538007       29366.6035    
  0.147573858      0.617499411      0.842849076       26989.4277    
  0.152421072      0.597862065      0.845160604       27249.0078    
  0.157427505      0.578849137      0.894606411       28547.1797    
  0.162598372      0.560440898      0.825951636       25805.4492    
  0.167939082      0.542618036      0.777740896       23843.3594    
  0.173455209      0.525362015      0.729512274       21488.7637    
  0.179152533      0.508654654      0.743807614       19854.2930    
  0.185036972      0.492478728      0.739936650       20143.7676    
  0.191114709      0.476817161      0.621285915       16828.4375    
  0.197392061      0.461653709      0.762040675       19854.0508    
  0.203875616      0.446972400      0.730727613       19118.1992    
  0.210572109      0.432758033      0.780663610       18105.6211    
  0.217488572      0.418995678      0.935824215       20565.7480    
  0.224632204      0.405671030      0.722057402       18299.8125    
  0.232010484      0.392770082      0.632184029       16065.3984    
  0.239631101      0.380279422      0.759429932       17167.2773    
  0.247329995      0.368442059      0.947210610       20467.8711    
  0.247502029      0.368185967     -0.559615731       4589.70068    
  0.247630000      0.367995709     -0.223143309       6434.62598    
  0.247930005      0.367550403      0.914136946       19866.3203    
  0.249639988      0.365032762       1.06783950       21921.4551    
  0.249939993      0.364594609       1.31591344       110152.797    
  0.250239998      0.364157498       1.36680245       122899.953    
  0.255631477      0.356477141       1.29548299       107154.750    
  0.264027953      0.345140636       1.26770055       90702.0469    
  0.266000003      0.342581868       1.35552073       96965.3984    
  0.266299993      0.342195928       1.41944540       105568.328    
  0.266599983      0.341810882       1.25718772       94445.3438    
  0.272700250      0.334164619       1.24113703       90439.4922    
  0.281657368      0.323537678       1.18960023       78796.4453    
  0.290908694      0.313248724       1.16040623       70561.3047    
  0.291590005      0.312516809       1.14373314       71561.7422    
  0.291889995      0.312195599       1.26199579       78028.7734    
  0.292189986      0.311875075       1.02104592       62471.9609    
  0.300463885      0.303286940       1.02152169       56464.8477    
  0.310332924      0.293641984      0.984843373       51406.1680    
  0.320526123      0.284303725      0.882080257       44388.9727    
  0.331054121      0.275262475      0.903615534       40339.4648    
  0.341927946      0.266508698      0.877563596       38745.1484    
  0.353158921      0.258033335      0.827915251       34919.6523    
  0.364758790      0.249827489      0.864210486       33517.2266    
  0.376739651      0.241882622      0.853164673       31829.4434    
  0.389114052      0.234190404      0.766675234       28956.1191    
  0.401894897      0.226742804      0.963855326       33016.9570    
  0.415095568      0.219532028      0.791853189       26887.1484    
  0.428729802      0.212550595      0.880616665       30006.4785    
  0.442811877      0.205791175      0.700895131       31168.6113    
  0.457356483      0.199246705      0.408146650       48013.5547    
  0.472378820      0.192910373      0.432501793       49778.1289    
  0.487894595      0.186775535      0.440465063       51818.5469    
  0.503919959      0.180835813      0.384910583       49959.3945    
  0.520471692      0.175084978      0.438452929       53854.1445    
  0.537567139      0.169517010      0.451003373       56143.3086    
  0.555224061      0.164126128      0.446656764       56812.9297    
  0.573460996      0.158906668      0.448127061       60094.5195    
  0.592296898      0.153853208      0.428254694       59370.1563    
  0.611751497      0.148960441      0.417983502       62321.5820    
  0.631845117      0.144223273      0.404799074       62025.1484    
  0.652598739      0.139636755      0.340120167       60281.1797    
  0.674033999      0.135196105      0.344733953       60797.2813    
  0.696173370      0.130896673      0.264515102       57609.4688    
  0.719039917      0.126733959      0.197799340       53585.4766    
  0.742657542      0.122703627      0.120971382       45749.9297    
  0.761145711      0.119723164       7.08367527E-02   46097.8281    
  0.761445701      0.119676001       6.74406439E-02   52784.1836    
  0.761745691      0.119628869      0.148901835       50604.8867    
  0.767050862      0.118801475       5.58889247E-02   47674.0508    
  0.792245448      0.115023412       3.95437516E-02   48418.8008    
  0.818267584      0.111365497       3.92323695E-02   50325.5000    
  0.827294469      0.110150352       3.07150148E-02   50046.7930    
  0.827594459      0.110110424       8.70111883E-02   41309.3594    
  0.827894449      0.110070519      -3.19717266E-03   51625.3672    
  0.845144451      0.107823901       3.35072130E-02   52434.6484    
  0.872904062      0.104394950       4.05680947E-02   55192.9648    
  0.901575506      0.101075031      0.105037250       59414.4336    
  0.931188703       9.78606939E-02  -1.91530418E-02   53842.5859    
  0.961774528       9.47485864E-02   1.56337600E-02   54211.9414    
  0.993364990       9.17354375E-02   4.00087535E-02   50898.8125    
  0.999134004       9.12057608E-02  -4.22516875E-02   50594.1836    
  0.999433994       9.11783800E-02   2.56738281       826187.875    
  0.999733984       9.11510214E-02   2.38395143       772545.750    
   1.00075114       9.10583735E-02   2.40630579       779827.938    
   1.00105119       9.10310820E-02   2.59466267       871914.375    
   1.00135124       9.10038054E-02   2.43149734       787128.313    
   1.02599311       8.88181180E-02   2.01433492       480382.344    
   1.05969286       8.59935731E-02   1.45035124       252693.766    
   1.06763482       8.53538811E-02   1.36072516       225701.219    
   1.06793487       8.53298977E-02   1.42967367       243217.859    
   1.06823492       8.53059292E-02   1.28738022       219824.063    
   1.09449959       8.32588449E-02  0.955576777       150652.813    
   1.13044953       8.06110948E-02  0.573499441       101700.055    
   1.15803826       7.86906406E-02  0.387254000       86056.0859    
   1.15833831       7.86702558E-02  0.205309391       75718.7734    
   1.15863836       7.86498860E-02  0.397495061       84772.8672    
   1.16758037       7.80475363E-02  0.319050461       80648.9453    
   1.20593071       7.55655169E-02  0.247874960       74585.1250    
   1.24554074       7.31624216E-02  0.183582142       71922.3594    
   1.28645182       7.08357468E-02  0.197208360       75164.7656    
   1.32870662       6.85830638E-02  0.148130640       74233.0391    
   1.37234938       6.64020255E-02  0.172613904       79818.3047    
   1.41742563       6.42903373E-02   1.17644489       249095.875    
   1.46398246       6.22458085E-02  0.127651125       82474.6719    
   1.51206851       6.02663010E-02  0.153048232       88275.0547    
   1.56173396       5.83497435E-02  0.136890665       91041.8281    
   1.58433020       5.75175397E-02  0.199355245       97543.6719    
   1.58463025       5.75066470E-02 -0.263075888       61951.7266    
   1.58493030       5.74957617E-02  0.166595072       94928.5313    
   1.61303079       5.64941317E-02  0.115396321       93432.4609    
   1.66601241       5.46975359E-02  0.135911003       98617.5078    
   1.71442270       5.31530380E-02  0.129134893       100857.547    
   1.71472275       5.31437360E-02  0.183322757       114725.406    
   1.71502280       5.31344377E-02   6.24484010E-02   94139.7266    
   1.72073424       5.29580750E-02  0.130033195       104455.727    
   1.77725351       5.12739308E-02  0.128726855       107646.078    
   1.79159629       5.08634523E-02  0.139489368       106823.852    
   1.79189634       5.08549362E-02  -1.00000000       0.00000000    
   1.79219639       5.08464240E-02   9.58384871E-02   106897.008    
   1.80773997       5.04092276E-02  0.820052683       229001.844    
   1.80804002       5.04008606E-02  0.711740613       217978.344    
   1.80834007       5.03924973E-02  0.806369841       225185.438    
   1.83562922       4.96433452E-02  0.535988390       174947.813    
   1.89592242       4.80646119E-02  0.241674349       131773.797    
   1.95819592       4.65360880E-02  0.141111910       123536.563    
   2.02251482       4.50561717E-02  0.115128301       123685.109    
   2.03046679       4.48797159E-02   4.09758687E-02   116970.969    
   2.03076673       4.48730886E-02  0.153785497       130838.945    
   2.03106666       4.48664613E-02  0.105177730       125597.398    
   2.08894634       4.36233208E-02  0.102955811       126942.539    
   2.15755987       4.22360338E-02  0.104431763       131830.156    
   2.17525935       4.18923721E-02  0.143719807       139074.422    
   2.17555928       4.18865979E-02  -1.00000000       0.00000000    
   2.17585921       4.18808237E-02   9.48048458E-02   132486.734    
   2.22842717       4.08928655E-02   9.52332541E-02   135751.156    
   2.30162215       3.95924114E-02   9.48756412E-02   140102.453    
   2.37722135       3.83333154E-02   9.36272815E-02   144555.609    
   2.45530367       3.71142589E-02   8.89555961E-02   148340.938    
   2.53595066       3.59339714E-02   8.32227692E-02   151261.797    
   2.55965710       3.56011651E-02  0.127553642       159048.750    
   2.55995703       3.55969928E-02  -1.00000000       0.00000000    
   2.56025696       3.55928242E-02   6.38377145E-02   150243.172    
   2.58097148       3.53071615E-02   5.32178394E-02   151291.500    
   2.58127141       3.53030562E-02  -1.00000000       0.00000000    
   2.58157134       3.52989547E-02   9.01716724E-02   156779.969    
   2.61924648       3.47912163E-02   8.31255838E-02   156378.375    
   2.70527840       3.36848050E-02   9.39977169E-02   162710.344    
   2.79413605       3.26135792E-02   7.46449679E-02   164192.641    
   2.88591242       3.15764174E-02   7.60406479E-02   167896.531    
   2.98070335       3.05722393E-02   8.11475888E-02   171289.219    
   2.99403405       3.04361191E-02   4.52920832E-02   160315.219    
   2.99433398       3.04330699E-02  -1.00000000       0.00000000    
   2.99463391       3.04300208E-02  -1.94758356       120606.336    
   3.01020336       3.02726310E-02   8.76300409E-02   156006.094    
   3.01050329       3.02696154E-02  0.103508234       172156.469    
   3.01080322       3.02665997E-02   6.43967390E-02   170594.203    
   3.07860780       2.95999944E-02   6.52149320E-02   174146.938    
   3.17972803       2.86586694E-02   6.87807500E-02   178078.828    
   3.28416944       2.77472809E-02   5.06701544E-02   178656.828    
   3.39204121       2.68648788E-02   6.11546114E-02   183597.953    
   3.47691989       2.62090527E-02   5.04290946E-02   183615.500    
   3.47721982       2.62067914E-02  -1.00000000       0.00000000    
   3.47751975       2.62045320E-02   4.76288013E-02   184975.250    
   3.48720956       2.61317175E-02   7.56715760E-02   185664.422    
   3.48750949       2.61294693E-02   6.54023215E-02   176747.328    
   3.48780942       2.61272229E-02   7.69919902E-02   187280.953    
   3.50345635       2.60105357E-02   4.54697981E-02   184110.797    
   3.51954889       2.58916058E-02   1.59510523E-02   178242.250    
   3.51984882       2.58894004E-02 -0.114559919       158383.969    
   3.52014875       2.58871950E-02  -6.64402395E-02   165355.828    
   3.61853099       2.51833610E-02   5.34972139E-02   186432.609    
   3.73738527       2.43824944E-02   2.68065799E-02   178865.313    
   3.86014366       2.36070938E-02   5.47287129E-02   151955.047    
   3.98693395       2.28563547E-02   4.31839712E-02   87237.0938    
   3.99970007       2.27834024E-02   6.16642609E-02   77351.0156    
   4.00000000       2.27816943E-02  -1.00000000       0.00000000    
   4.00029993       2.27799863E-02  -1.87784076       14421.3945    
   4.03771400       2.25689020E-02  -1.71358788       15078.5771    
   4.03801394       2.25672256E-02  -1.00000000       0.00000000    
   4.03831387       2.25655511E-02  -1.70659971       14945.9287    
   4.11788893       2.21294891E-02  -1.45768631       15907.8691    
   4.25314522       2.14257371E-02  -1.28316569       16325.2930    
   4.39284420       2.07443684E-02  -1.17531633       17159.9922    
   4.39565277       2.07311139E-02  -1.00000000       0.00000000    
   4.39595270       2.07296982E-02  -1.34915578       13772.5215    
   4.39625263       2.07282845E-02  -1.13336027       17360.4746    
   4.53713179       2.00846661E-02  -1.08956420       17386.9219    
   4.66392231       1.95386559E-02 -0.981802940       18645.7734    
   4.66422224       1.95374005E-02  -1.00000000       0.00000000    
   4.66452217       1.95361432E-02  -1.00950766       17952.4004    
   4.68615818       1.94459446E-02  -1.01275313       17765.4805    
   4.73962593       1.92265753E-02  -1.01786089       17362.9141    
   4.73992586       1.92253590E-02  -1.00000000       0.00000000    
   4.74022579       1.92241427E-02 -0.978813767       18257.6699    
   4.84007978       1.88275352E-02 -0.974329889       17539.0938    
   4.99905729       1.82287917E-02 -0.877426565       18524.7656    
   5.16325665       1.76490881E-02 -0.814440072       18810.1582    
   5.33284903       1.70878228E-02 -0.758271933       19095.1914    
   5.34157991       1.70598924E-02 -0.696552217       19516.2324    
   5.34187984       1.70589332E-02  -1.00000000       0.00000000    
   5.34217978       1.70579758E-02 -0.776945531       18432.7715    
   5.50801182       1.65444035E-02 -0.693187177       19570.7832    
   5.51356649       1.65277366E-02 -0.696866035       19755.7910    
   5.51386642       1.65268369E-02  -1.00000000       0.00000000    
   5.51416636       1.65259391E-02 -0.741059124       17972.3066    
   5.68892813       1.60182677E-02 -0.639580786       19836.2910    
   5.68922853       1.60174221E-02  -1.00000000       0.00000000    
   5.68952847       1.60165783E-02  -1.00000000       0.00000000    
   5.68982840       1.60157327E-02  -1.00000000       0.00000000    
   5.69363832       1.60050169E-02 -0.857132018       15746.4902    
   5.69393826       1.60041731E-02  -1.00000000       0.00000000    
   5.69423819       1.60033312E-02 -0.664019287       18770.4492    
   5.87578678       1.55088631E-02 -0.591338158       19564.6973    
   6.06878328       1.50156580E-02 -0.555948436       19439.2832    
   6.26811838       1.45381391E-02 -0.535164595       19151.4160    
   6.47125387       1.40817799E-02 -0.497931540       19377.6582    
   6.47155380       1.40811279E-02  -1.00000000       0.00000000    
   6.47185373       1.40804751E-02 -0.478490621       18564.5957    
   6.47400141       1.40758036E-02 -0.490418762       19103.0566    
   6.68664646       1.36281727E-02 -0.491867572       18576.0938    
   6.68880939       1.36237657E-02  -1.00000000       0.00000000    
   6.68910933       1.36231557E-02  -1.00000000       0.00000000    
   6.68940926       1.36225447E-02 -0.459145784       18723.0273    
   6.90627623       1.31947771E-02 -0.433148295       18721.2637    
   7.13312006       1.27751632E-02 -0.382351130       19243.8184    
   7.13788605       1.27666332E-02 -0.442533970       17395.4102    
   7.13818598       1.27660967E-02  -1.00000000       0.00000000    
   7.13848591       1.27655603E-02 -0.379646420       18736.1953    
   7.19447994       1.26662077E-02 -0.425152451       18320.3770    
   7.19477987       1.26656797E-02  -1.00000000       0.00000000    
   7.19507980       1.26651516E-02 -0.389738441       18496.1582    
   7.36741447       1.23688951E-02 -0.368470013       18517.0527    
   7.60940504       1.19755454E-02 -0.324458688       18523.6133    
   7.85934353       1.15947053E-02 -0.309431225       17950.8047    
   8.11749172       1.12259770E-02 -0.310292453       17243.1816    
   8.37119293       1.08857574E-02 -0.244064152       17769.6094    
   8.37149334       1.08853662E-02  -1.00000000       0.00000000    
   8.37179375       1.08849760E-02 -0.187743440       17558.3574    
   8.38411903       1.08689740E-02 -0.283053100       16721.3984    
   8.65950394       1.05233248E-02 -0.259991109       16456.8828    
   8.94393444       1.01886671E-02 -0.230785444       16050.2119    
   9.23770714       9.86465253E-03 -0.207330868       15598.1494    
   9.27522564       9.82475001E-03 -0.200305358       15655.7021    
   9.27552605       9.82443150E-03  -1.00000000       0.00000000    
   9.27582645       9.82411392E-03 -0.197052747       15132.3848    
   9.54112911       9.55094211E-03 -0.205487251       14601.9717    
   9.85451698       9.24720895E-03 -0.164309561       14268.1738    
   10.1498594       8.97813123E-03 -0.160021216       13734.5254    
   10.1501598       8.97786580E-03  -1.00000000       0.00000000    
   10.1504602       8.97760037E-03 -0.159558490       13554.2168    
   10.1781979       8.95313453E-03 -0.179251060       13002.7266    
   10.5125113       8.66841152E-03 -0.172236711       12354.6680    
   10.8578053       8.39274377E-03 -0.146716237       11616.5313    
   11.2144413       8.12584162E-03 -0.122386761       11024.9121    
   11.5827904       7.86742847E-03 -0.121875793       10171.1641    
   11.6051311       7.85228331E-03  -1.00000000       0.00000000    
   11.6054316       7.85207935E-03  -1.00000000       0.00000000    
   11.6057320       7.85187632E-03  -9.19389725E-02   10097.6650    
   11.9632397       7.61723239E-03  -9.97596458E-02   9324.25879    
   12.3561840       7.37499353E-03 -0.119386263       8294.54980    
   12.7620354       7.14045763E-03  -8.42175707E-02   7638.57178    
   13.1812181       6.91338023E-03  -8.40578750E-02   6889.90918    
   13.6141682       6.69352477E-03  -6.12204149E-02   6279.69922    
   14.0613394       6.48066122E-03  -5.79696819E-02   5469.57422    
   14.5231991       6.27456605E-03  -5.93897514E-02   9098.28320    
   15.0002279       6.07502600E-03  -1.00000000       0.00000000    
