   0.00000000       0.00000000       0.00000000    
   28221.9902       59.2396507       50.0000000    
   19279.1953       59.1781425       50.0000000    
   28290.0996       59.2397156       50.0000000    
   23945.5098       59.2277298       50.0000000    
   18576.2070       59.1596794       50.0000000    
   20800.5762       59.2043152       50.0000000    
   20027.3535       59.1935654       50.0000000    
   17452.6289       59.1060295       50.0000000    
   18361.7773       59.1533051       50.0000000    
   18142.6797       59.1439781       50.0000000    
   16604.7578       59.0208664       50.0000000    
   17159.9727       59.0898094       50.0000000    
   17066.1895       59.0812454       50.0000000    
   16145.1543       58.9185371       50.0000000    
   16501.2969       59.0165558       50.0000000    
   16464.1719       59.0060883       50.0000000    
   15834.4014       58.7874222       50.0000000    
   16068.1738       58.9322701       50.0000000    
   16063.5801       58.9204254       50.0000000    
   15589.2441       58.6245461       50.0000000    
   15839.8750       58.8346825       50.0000000    
   15837.5078       58.8259354       50.0000000    
   15377.7969       58.4499702       50.0000000    
   15631.2793       58.7283020       50.0000000    
   15639.0693       58.7158127       50.0000000    
   15128.0518       58.2404366       50.0000000    
   15426.2344       58.6141052       50.0000000    
   15460.2529       58.5958061       50.0000000    
   14884.7324       58.0125732       50.0000000    
   15292.9004       58.4755554       50.0000000    
   15224.6924       58.4622154       50.0000000    
   14579.7783       57.7635155       50.0000000    
   15119.9746       58.3199310       50.0000000    
   15090.6133       58.3035393       50.0000000    
   14363.3770       57.4491577       50.0000000    
   14964.9873       58.1625938       50.0000000    
   14927.0723       58.1353798       50.0000000    
   0.00000000       0.00000000       0.00000000    
   14765.0938       57.9885788       50.0000000    
   14719.5674       57.9470215       50.0000000    
   0.00000000       0.00000000       0.00000000    
   14574.6240       57.7866478       50.0000000    
   14456.1016       57.7328453       50.0000000    
   0.00000000       0.00000000       0.00000000    
   13208.2607       112.957001       100.000000    
   13253.1055       112.642097       100.000000    
   0.00000000       0.00000000       0.00000000    
   12898.6709       111.791206       100.000000    
   12953.1660       111.358955       100.000000    
   12175.4141       108.044853       100.000000    
   12784.0840       110.129211       100.000000    
   12742.8496       109.879890       100.000000    
   11748.8467       104.876968       100.000000    
   12559.6680       108.349525       100.000000    
   12404.2383       108.037476       100.000000    
   11519.2715       99.6241684       100.000000    
   12128.6934       106.396461       100.000000    
   12056.5215       105.660881       100.000000    
   11129.0186       92.8508759       100.000000    
   11767.9248       103.267197       100.000000    
   11848.9717       101.498924       100.000000    
   10722.6621       83.5301361       100.000000    
   0.00000000       0.00000000       0.00000000    
   0.00000000       0.00000000       0.00000000    
   0.00000000       0.00000000       0.00000000    
   28206.6563       59.2396851       50.0000000    
   23898.0703       59.2276688       50.0000000    
   18589.0020       59.1596603       50.0000000    
   23977.7305       59.2277718       50.0000000    
   21955.0430       59.2158813       50.0000000    
   18097.9629       59.1414032       50.0000000    
   20009.6699       59.1936646       50.0000000    
   19454.3516       59.1829376       50.0000000    
   17186.2012       59.0881042       50.0000000    
   18093.4355       59.1437645       50.0000000    
   17877.5801       59.1342392       50.0000000    
   16526.2656       59.0065231       50.0000000    
   17071.9102       59.0814400       50.0000000    
   16988.4258       59.0730896       50.0000000    
   16100.9551       58.9010353       50.0000000    
   16459.7520       59.0077934       50.0000000    
   16438.5215       59.0003548       50.0000000    
   15818.7617       58.7709885       50.0000000    
   16048.7656       58.9230766       50.0000000    
   16081.7324       58.9164543       50.0000000    
   15598.2383       58.6180344       50.0000000    
   15831.4932       58.8263283       50.0000000    
   15805.3633       58.8207703       50.0000000    
   15345.9521       58.4402924       50.0000000    
   15643.3232       58.7195892       50.0000000    
   15623.2158       58.7149811       50.0000000    
   15090.9053       58.2343216       50.0000000    
   15438.5244       58.5941849       50.0000000    
   15436.8525       58.5966187       50.0000000    
   14818.4824       58.0087852       50.0000000    
   15261.4150       58.4587097       50.0000000    
   15280.0391       58.4577675       50.0000000    
   14559.3105       57.7815819       50.0000000    
   15058.4336       58.3143158       50.0000000    
   15080.3691       58.3017883       50.0000000    
   14343.1572       57.4946632       50.0000000    
   14910.7637       58.1374702       50.0000000    
   14892.9443       58.1320648       50.0000000    
   0.00000000       0.00000000       0.00000000    
   14697.7480       57.9601593       50.0000000    
   14680.9951       57.9327393       50.0000000    
   0.00000000       0.00000000       0.00000000    
   14477.5391       57.7603569       50.0000000    
   14494.8301       57.7212029       50.0000000    
   0.00000000       0.00000000       0.00000000    
   13201.3438       112.794861       100.000000    
   13301.5127       112.648415       100.000000    
   0.00000000       0.00000000       0.00000000    
   12979.4014       111.707153       100.000000    
   12949.3350       111.484756       100.000000    
   12120.0195       108.035805       100.000000    
   12687.9580       110.313248       100.000000    
   12722.2334       110.055229       100.000000    
   11830.2979       104.567612       100.000000    
   12490.7754       108.529877       100.000000    
   12434.2305       108.200241       100.000000    
   11452.6094       99.5841217       100.000000    
   12194.1094       106.298218       100.000000    
   12141.4229       105.767151       100.000000    
   11156.3896       91.4922028       100.000000    
   11844.4648       103.092209       100.000000    
   11794.0635       102.140999       100.000000    
   10697.7969       84.1232452       100.000000    
   0.00000000       0.00000000       0.00000000    
   0.00000000       0.00000000       0.00000000    
   0.00000000       0.00000000       0.00000000    
   20812.8633       59.2044106       50.0000000    
   20018.3477       59.1934013       50.0000000    
   17419.4082       59.1045074       50.0000000    
   19969.4395       59.1933784       50.0000000    
   19438.9902       59.1829376       50.0000000    
   17220.3867       59.0890160       50.0000000    
   18646.0332       59.1633034       50.0000000    
   18365.7949       59.1533127       50.0000000    
   16747.5547       59.0380440       50.0000000    
   17548.7617       59.1167755       50.0000000    
   17386.7910       59.1075249       50.0000000    
   16307.6084       58.9591789       50.0000000    
   16824.8809       59.0572815       50.0000000    
   16735.3262       59.0480156       50.0000000    
   15973.3057       58.8535500       50.0000000    
   16349.5977       58.9847794       50.0000000    
   16265.2559       58.9770126       50.0000000    
   15726.1006       58.7248459       50.0000000    
   15959.3682       58.9018402       50.0000000    
   15991.9414       58.8954735       50.0000000    
   15521.4434       58.5729599       50.0000000    
   15779.4678       58.8067551       50.0000000    
   15769.6123       58.8008804       50.0000000    
   15294.2373       58.3948784       50.0000000    
   15591.9629       58.6988640       50.0000000    
   15581.4453       58.6976242       50.0000000    
   15037.6367       58.1949768       50.0000000    
   15355.2900       58.5825081       50.0000000    
   15402.0947       58.5750160       50.0000000    
   14797.8750       57.9713631       50.0000000    
   15266.5771       58.4454842       50.0000000    
   15253.3828       58.4409904       50.0000000    
   14509.5771       57.7147903       50.0000000    
   15086.9131       58.2772598       50.0000000    
   15030.2217       58.2820969       50.0000000    
   14260.7412       57.4515686       50.0000000    
   14880.1318       58.1136093       50.0000000    
   14873.1074       58.1092491       50.0000000    
   0.00000000       0.00000000       0.00000000    
   14689.4160       57.9210281       50.0000000    
   14673.8984       57.9241028       50.0000000    
   0.00000000       0.00000000       0.00000000    
   14445.6934       57.7181702       50.0000000    
   14454.0322       57.7164040       50.0000000    
   0.00000000       0.00000000       0.00000000    
   13220.8271       112.631096       100.000000    
   13223.4678       112.514427       100.000000    
   0.00000000       0.00000000       0.00000000    
   12915.6816       111.422729       100.000000    
   12929.9961       111.315048       100.000000    
   12082.3877       108.187553       100.000000    
   12702.8887       109.765732       100.000000    
   12714.6230       109.787201       100.000000    
   11844.9814       104.522453       100.000000    
   12395.8008       107.869629       100.000000    
   12388.9668       107.868614       100.000000    
   11441.7256       99.7538681       100.000000    
   12127.8086       105.655220       100.000000    
   12072.6348       105.366608       100.000000    
   11072.6611       92.5771561       100.000000    
   11812.9561       101.633141       100.000000    
   11787.2861       101.408554       100.000000    
   10647.5029       81.8400116       100.000000    
   0.00000000       0.00000000       0.00000000    
   0.00000000       0.00000000       0.00000000    
   0.00000000       0.00000000       0.00000000    
   18345.3301       59.1533661       50.0000000    
   18068.9063       59.1435852       50.0000000    
   16585.5898       59.0204010       50.0000000    
   18123.1797       59.1437225       50.0000000    
   17929.6836       59.1343117       50.0000000    
   16514.8535       59.0057449       50.0000000    
   17551.2832       59.1165199       50.0000000    
   17447.9434       59.1075897       50.0000000    
   16299.9814       58.9590797       50.0000000    
   16909.3535       59.0742760       50.0000000    
   16905.8789       59.0647583       50.0000000    
   16065.1797       58.8865051       50.0000000    
   16515.7695       59.0166969       50.0000000    
   16451.7148       59.0084190       50.0000000    
   15839.7920       58.7871437       50.0000000    
   16157.9082       58.9472275       50.0000000    
   16138.8916       58.9393082       50.0000000    
   15619.5869       58.6579399       50.0000000    
   15907.1426       58.8669014       50.0000000    
   15882.0693       58.8581200       50.0000000    
   15421.6064       58.5068703       50.0000000    
   15721.1768       58.7711258       50.0000000    
   15653.9590       58.7638550       50.0000000    
   15174.8164       58.3418770       50.0000000    
   15513.2773       58.6629791       50.0000000    
   15490.9619       58.6577415       50.0000000    
   14951.7324       58.1421013       50.0000000    
   15342.4209       58.5474854       50.0000000    
   15345.2422       58.5420609       50.0000000    
   14668.0283       57.9060249       50.0000000    
   15173.4766       58.4137840       50.0000000    
   15145.8398       58.4085274       50.0000000    
   14440.0615       57.6703491       50.0000000    
   14931.4277       58.2571373       50.0000000    
   15015.5059       58.2593155       50.0000000    
   14224.1738       57.4104233       50.0000000    
   14691.6367       58.1062126       50.0000000    
   14817.0557       58.0829926       50.0000000    
   0.00000000       0.00000000       0.00000000    
   14644.9082       57.9085007       50.0000000    
   14661.0859       57.8987198       50.0000000    
   0.00000000       0.00000000       0.00000000    
   14412.5313       57.7194862       50.0000000    
   14396.7334       57.6957283       50.0000000    
   0.00000000       0.00000000       0.00000000    
   13196.0771       112.574875       100.000000    
   13206.6572       112.556053       100.000000    
   12290.9199       109.061264       100.000000    
   12963.5801       111.300156       100.000000    
   12876.4883       111.228477       100.000000    
   11917.9766       106.468758       100.000000    
   12724.1328       109.777771       100.000000    
   12657.9990       109.553566       100.000000    
   11599.7178       103.162048       100.000000    
   12466.9395       107.725731       100.000000    
   12363.2666       107.596397       100.000000    
   11321.6816       98.2503128       100.000000    
   12057.6348       105.608238       100.000000    
   12037.4453       105.063461       100.000000    
   11027.6455       90.7600937       100.000000    
   11820.2773       102.027763       100.000000    
   11757.8193       100.672211       100.000000    
   0.00000000       0.00000000       0.00000000    
   0.00000000       0.00000000       0.00000000    
   0.00000000       0.00000000       0.00000000    
   0.00000000       0.00000000       0.00000000    
   17168.6523       59.0896530       50.0000000    
   17048.7148       59.0816917       50.0000000    
   16133.3369       58.9139519       50.0000000    
   17049.9727       59.0816727       50.0000000    
   16979.1934       59.0733871       50.0000000    
   16100.8945       58.8978767       50.0000000    
   16795.2285       59.0566444       50.0000000    
   16764.1523       59.0475807       50.0000000    
   15993.8467       58.8560944       50.0000000    
   16455.1641       59.0162468       50.0000000    
   16472.7051       59.0089035       50.0000000    
   15825.1426       58.7853317       50.0000000    
   16220.7021       58.9628944       50.0000000    
   16190.0889       58.9554672       50.0000000    
   15694.4609       58.6882172       50.0000000    
   15920.6211       58.8956718       50.0000000    
   15963.5010       58.8887215       50.0000000    
   15521.6943       58.5603409       50.0000000    
   15779.9199       58.8133049       50.0000000    
   15779.9707       58.8085289       50.0000000    
   15294.9463       58.4226303       50.0000000    
   15553.5381       58.7251549       50.0000000    
   15600.4414       58.7167435       50.0000000    
   15101.5537       58.2388458       50.0000000    
   15446.2822       58.6139374       50.0000000    
   15435.3467       58.6085548       50.0000000    
   14850.1924       58.0406914       50.0000000    
   15310.2754       58.4941330       50.0000000    
   15267.1484       58.4891815       50.0000000    
   14573.3799       57.8327103       50.0000000    
   15097.5430       58.3536263       50.0000000    
   15117.6328       58.3451271       50.0000000    
   14351.9277       57.5822639       50.0000000    
   14914.7578       58.2100334       50.0000000    
   14973.2646       58.1893921       50.0000000    
   14147.5732       57.2990417       50.0000000    
   14678.3867       58.0464592       50.0000000    
   14781.5273       58.0307655       50.0000000    
   0.00000000       0.00000000       0.00000000    
   14471.2129       57.8807106       50.0000000    
   14569.1826       57.8460274       50.0000000    
   0.00000000       0.00000000       0.00000000    
   13356.4541       113.090172       100.000000    
   14339.0645       57.6595116       50.0000000    
   0.00000000       0.00000000       0.00000000    
   13011.7285       112.080643       100.000000    
   13119.4883       112.338997       100.000000    
   12164.4980       108.929703       100.000000    
   12825.4561       110.812912       100.000000    
   12933.4131       110.921356       100.000000    
   11923.7090       105.787971       100.000000    
   12547.3301       109.337654       100.000000    
   12581.6309       109.446075       100.000000    
   11607.7100       101.695671       100.000000    
   12397.8203       107.427071       100.000000    
   12361.9648       107.280563       100.000000    
   11243.4336       96.2415314       100.000000    
   12034.0957       105.081596       100.000000    
   12030.0029       104.665230       100.000000    
   10958.9443       87.4952164       100.000000    
   11643.8828       101.360413       100.000000    
   11740.8818       100.161324       100.000000    
   0.00000000       0.00000000       0.00000000    
   0.00000000       0.00000000       0.00000000    
   0.00000000       0.00000000       0.00000000    
   0.00000000       0.00000000       0.00000000    
   16493.3652       59.0150299       50.0000000    
   16475.1348       59.0078239       50.0000000    
   15802.9531       58.7837105       50.0000000    
   16410.3945       59.0084419       50.0000000    
   16403.8828       59.0001526       50.0000000    
   15807.8730       58.7703056       50.0000000    
   16282.8857       58.9856796       50.0000000    
   16301.3682       58.9760361       50.0000000    
   15709.5117       58.7266083       50.0000000    
   16143.1436       58.9456139       50.0000000    
   16118.6553       58.9385872       50.0000000    
   15640.9063       58.6623383       50.0000000    
   15976.6660       58.8951569       50.0000000    
   15982.7686       58.8877258       50.0000000    
   15502.8730       58.5646935       50.0000000    
   15811.2734       58.8272552       50.0000000    
   15795.2441       58.8254280       50.0000000    
   15303.5000       58.4430771       50.0000000    
   15620.9932       58.7521362       50.0000000    
   15655.2383       58.7473335       50.0000000    
   15126.2773       58.3023911       50.0000000    
   15498.9297       58.6571770       50.0000000    
   15507.5762       58.6558228       50.0000000    
   14948.9531       58.1255913       50.0000000    
   15303.3643       58.5529022       50.0000000    
   15361.8213       58.5425491       50.0000000    
   14716.9951       57.9286995       50.0000000    
   15203.1816       58.4332771       50.0000000    
   15207.0898       58.4252434       50.0000000    
   14506.5518       57.7156181       50.0000000    
   15023.6318       58.2961731       50.0000000    
   15056.0361       58.2886505       50.0000000    
   14268.0420       57.4647293       50.0000000    
   14910.4736       58.1461411       50.0000000    
   14896.8018       58.1295738       50.0000000    
   0.00000000       0.00000000       0.00000000    
   14680.2705       57.9546585       50.0000000    
   14704.6182       57.9589233       50.0000000    
   0.00000000       0.00000000       0.00000000    
   14392.0732       57.8069382       50.0000000    
   14487.4443       57.7559700       50.0000000    
   0.00000000       0.00000000       0.00000000    
   13290.1631       112.933609       100.000000    
   13319.2998       112.807510       100.000000    
   0.00000000       0.00000000       0.00000000    
   12983.9141       111.808586       100.000000    
   13056.0107       111.743561       100.000000    
   12138.8564       108.359589       100.000000    
   12732.9717       110.323425       100.000000    
   12747.0742       110.556343       100.000000    
   11863.0479       105.123833       100.000000    
   12476.6543       108.641373       100.000000    
   12585.3447       108.851151       100.000000    
   11617.3770       100.770042       100.000000    
   12215.6406       106.397293       100.000000    
   12314.2471       106.732513       100.000000    
   11245.5947       95.1140060       100.000000    
   11898.5830       103.366890       100.000000    
   11953.3877       103.903984       100.000000    
   10831.4111       87.1186981       100.000000    
   11696.8340       97.6571503       100.000000    
   11732.9277       97.8018570       100.000000    
   0.00000000       0.00000000       0.00000000    
   0.00000000       0.00000000       0.00000000    
   0.00000000       0.00000000       0.00000000    
   0.00000000       0.00000000       0.00000000    
   16123.7695       58.9285431       50.0000000    
   16107.9463       58.9246330       50.0000000    
   15590.9355       58.6337318       50.0000000    
   16090.9531       58.9247704       50.0000000    
   16045.8857       58.9165154       50.0000000    
   15589.0566       58.6207695       50.0000000    
   15991.3994       58.9025269       50.0000000    
   15981.6270       58.8932114       50.0000000    
   15518.9678       58.5743675       50.0000000    
   15894.4160       58.8677711       50.0000000    
   15891.4297       58.8545303       50.0000000    
   15417.7314       58.5136833       50.0000000    
   15776.7012       58.8120270       50.0000000    
   15782.4678       58.8091927       50.0000000    
   15333.7510       58.4156570       50.0000000    
   15668.0029       58.7537460       50.0000000    
   15644.0273       58.7460632       50.0000000    
   15165.3369       58.2927284       50.0000000    
   15512.6807       58.6687088       50.0000000    
   15550.2695       58.6717148       50.0000000    
   14994.5518       58.1639290       50.0000000    
   15385.9277       58.5881310       50.0000000    
   15418.0029       58.5796432       50.0000000    
   14800.2666       57.9838257       50.0000000    
   15280.2959       58.4718056       50.0000000    
   15213.4932       58.4744148       50.0000000    
   14583.7070       57.7800865       50.0000000    
   15118.9170       58.3529472       50.0000000    
   15084.0752       58.3378983       50.0000000    
   14353.1387       57.5602112       50.0000000    
   14846.6865       58.2266617       50.0000000    
   14922.5303       58.2043343       50.0000000    
   14157.6504       57.3110352       50.0000000    
   14734.2178       58.0699844       50.0000000    
   14807.7363       58.0506630       50.0000000    
   0.00000000       0.00000000       0.00000000    
   14583.1865       57.9007645       50.0000000    
   14654.2256       57.8760147       50.0000000    
   0.00000000       0.00000000       0.00000000    
   14334.8027       57.7201958       50.0000000    
   14404.5879       57.7082214       50.0000000    
   0.00000000       0.00000000       0.00000000    
   13233.2021       112.579094       100.000000    
   13227.0850       112.628815       100.000000    
   12188.1309       109.151909       100.000000    
   12908.4590       111.484680       100.000000    
   12987.3027       111.231316       100.000000    
   11985.9707       106.909874       100.000000    
   12712.9180       109.914230       100.000000    
   12654.4609       109.809914       100.000000    
   11773.3730       103.420578       100.000000    
   12388.9141       108.204742       100.000000    
   12453.4365       107.946335       100.000000    
   11477.7861       98.5563736       100.000000    
   12148.1318       105.840561       100.000000    
   12085.8955       105.831543       100.000000    
   11121.0430       91.9932556       100.000000    
   11846.5879       102.211472       100.000000    
   11827.9521       102.356781       100.000000    
   10766.3154       83.3201447       100.000000    
   0.00000000       0.00000000       0.00000000    
   0.00000000       0.00000000       0.00000000    
   0.00000000       0.00000000       0.00000000    
   0.00000000       0.00000000       0.00000000    
   0.00000000       0.00000000       0.00000000    
   0.00000000       0.00000000       0.00000000    
   15808.5928       58.8326950       50.0000000    
   15854.0977       58.8300934       50.0000000    
   15388.2109       58.4570770       50.0000000    
   15811.1563       58.8317413       50.0000000    
   15815.4531       58.8197365       50.0000000    
   15345.4258       58.4462242       50.0000000    
   15764.7451       58.8074265       50.0000000    
   15755.5410       58.8002815       50.0000000    
   15288.8770       58.4023819       50.0000000    
   15643.5225       58.7739639       50.0000000    
   15688.6436       58.7605133       50.0000000    
   15200.9199       58.3352280       50.0000000    
   15597.2637       58.7235451       50.0000000    
   15584.2471       58.7147408       50.0000000    
   15103.5625       58.2377243       50.0000000    
   15524.6006       58.6622429       50.0000000    
   15501.9053       58.6525993       50.0000000    
   14973.4990       58.1265678       50.0000000    
   15372.6875       58.5876884       50.0000000    
   15396.5781       58.5811424       50.0000000    
   14794.2910       57.9636154       50.0000000    
   15277.4912       58.4847755       50.0000000    
   15294.3486       58.4924393       50.0000000    
   14619.6367       57.8156662       50.0000000    
   15091.7266       58.3870544       50.0000000    
   15153.8398       58.3831863       50.0000000    
   14424.6748       57.5947151       50.0000000    
   14947.4824       58.2633514       50.0000000    
   15015.4736       58.2651863       50.0000000    
   14229.9912       57.3674011       50.0000000    
   14911.1279       58.1082573       50.0000000    
   14855.0527       58.1007767       50.0000000    
   0.00000000       0.00000000       0.00000000    
   14605.2402       57.9676704       50.0000000    
   14655.0898       57.9267807       50.0000000    
   0.00000000       0.00000000       0.00000000    
   14453.3525       57.8105736       50.0000000    
   14521.2188       57.7946968       50.0000000    
   0.00000000       0.00000000       0.00000000    
   13223.6289       113.055206       100.000000    
   13390.0225       112.868095       100.000000    
   0.00000000       0.00000000       0.00000000    
   13004.2324       112.168907       100.000000    
   13102.5234       112.046577       100.000000    
   12156.2109       108.602379       100.000000    
   12868.9395       110.901222       100.000000    
   12903.8818       110.853363       100.000000    
   11880.6250       105.195389       100.000000    
   12601.4102       109.302162       100.000000    
   12656.6055       109.240166       100.000000    
   11561.6318       101.452866       100.000000    
   12375.9844       107.497322       100.000000    
   12295.6992       107.315514       100.000000    
   11280.3682       95.7392120       100.000000    
   12116.1289       104.856277       100.000000    
   12005.5693       104.585625       100.000000    
   10929.0156       88.5545731       100.000000    
   11743.3193       101.123383       100.000000    
   11643.4482       100.693680       100.000000    
   0.00000000       0.00000000       0.00000000    
   0.00000000       0.00000000       0.00000000    
   0.00000000       0.00000000       0.00000000    
   0.00000000       0.00000000       0.00000000    
   0.00000000       0.00000000       0.00000000    
   0.00000000       0.00000000       0.00000000    
   0.00000000       0.00000000       0.00000000    
   15590.1123       58.7211151       50.0000000    
   15568.2080       58.7263641       50.0000000    
   15131.5498       58.2509117       50.0000000    
   15581.4551       58.7253342       50.0000000    
   15608.8301       58.7151756       50.0000000    
   15086.7236       58.2376671       50.0000000    
   15588.7402       58.7000542       50.0000000    
   15561.6855       58.6927490       50.0000000    
   15042.7910       58.2123642       50.0000000    
   15511.8701       58.6678314       50.0000000    
   15520.5205       58.6573296       50.0000000    
   14952.9980       58.1359253       50.0000000    
   15423.8916       58.6229210       50.0000000    
   15459.5977       58.6052017       50.0000000    
   14859.3086       58.0296173       50.0000000    
   15396.3643       58.5491524       50.0000000    
   15353.4688       58.5452957       50.0000000    
   14727.4111       57.9332161       50.0000000    
   15225.3896       58.4808121       50.0000000    
   15268.0195       58.4645576       50.0000000    
   14569.4121       57.7852783       50.0000000    
   15128.8838       58.3982544       50.0000000    
   15145.5928       58.3830490       50.0000000    
   14411.1416       57.6082840       50.0000000    
   14975.3125       58.2700005       50.0000000    
   14992.1621       58.2772865       50.0000000    
   14281.9453       57.3976593       50.0000000    
   14806.4902       58.1611099       50.0000000    
   14816.0820       58.1471748       50.0000000    
   0.00000000       0.00000000       0.00000000    
   14681.0469       58.0179672       50.0000000    
   14757.7559       58.0020485       50.0000000    
   0.00000000       0.00000000       0.00000000    
   14576.2959       57.8326225       50.0000000    
   14592.1357       57.8377228       50.0000000    
   0.00000000       0.00000000       0.00000000    
   14330.0830       57.7059631       50.0000000    
   14371.6553       57.6337357       50.0000000    
   0.00000000       0.00000000       0.00000000    
   13140.4355       112.653992       100.000000    
   13174.6748       112.497314       100.000000    
   12274.1748       108.965836       100.000000    
   12835.7070       111.505829       100.000000    
   12951.6123       111.317513       100.000000    
   12054.1836       106.778893       100.000000    
   12661.1338       110.024437       100.000000    
   12735.7422       109.887482       100.000000    
   11764.8711       103.757439       100.000000    
   12540.1826       108.285011       100.000000    
   12504.2305       108.183716       100.000000    
   11466.7480       99.1269455       100.000000    
   12233.8691       106.775665       100.000000    
   12310.1572       106.214462       100.000000    
   11150.1631       93.9608841       100.000000    
   11934.9844       103.713158       100.000000    
   12007.8428       103.300056       100.000000    
   10765.2900       85.6268005       100.000000    
   11613.6670       98.6221466       100.000000    
   11641.3320       97.6528015       100.000000    
   0.00000000       0.00000000       0.00000000    
   0.00000000       0.00000000       0.00000000    
   0.00000000       0.00000000       0.00000000    
   0.00000000       0.00000000       0.00000000    
   0.00000000       0.00000000       0.00000000    
   0.00000000       0.00000000       0.00000000    
   0.00000000       0.00000000       0.00000000    
   15386.3975       58.5982437       50.0000000    
   15426.9404       58.6043053       50.0000000    
   14825.0107       58.0308800       50.0000000    
   15422.8760       58.6022186       50.0000000    
   15413.1992       58.6001625       50.0000000    
   14785.1152       58.0091019       50.0000000    
   15364.3418       58.5766869       50.0000000    
   15391.7256       58.5746422       50.0000000    
   14766.8789       57.9812050       50.0000000    
   15370.4131       58.5479660       50.0000000    
   15354.3965       58.5349388       50.0000000    
   14728.4980       57.9125175       50.0000000    
   15266.9590       58.5053253       50.0000000    
   15275.8389       58.4783859       50.0000000    
   14622.3623       57.8102303       50.0000000    
   15196.3555       58.4357910       50.0000000    
   15218.7686       58.4265404       50.0000000    
   14519.6816       57.6815681       50.0000000    
   15106.3516       58.3623543       50.0000000    
   15050.1494       58.3436089       50.0000000    
   14377.9912       57.5783310       50.0000000    
   14947.8682       58.2625198       50.0000000    
   14973.1709       58.2509384       50.0000000    
   14251.3203       57.3704643       50.0000000    
   14812.9990       58.1732826       50.0000000    
   14843.7070       58.1449928       50.0000000    
   0.00000000       0.00000000       0.00000000    
   14677.4619       58.0159111       50.0000000    
   14708.6904       58.0282974       50.0000000    
   0.00000000       0.00000000       0.00000000    
   14508.7939       57.8852348       50.0000000    
   14547.1621       57.8802452       50.0000000    
   0.00000000       0.00000000       0.00000000    
   14347.5986       57.7553444       50.0000000    
   14418.6387       57.7374802       50.0000000    
   0.00000000       0.00000000       0.00000000    
   13286.2891       112.836754       100.000000    
   13316.1797       112.774017       100.000000    
   0.00000000       0.00000000       0.00000000    
   13062.9883       112.074196       100.000000    
   13023.0498       111.957291       100.000000    
   12130.5098       108.456680       100.000000    
   12887.0283       110.756668       100.000000    
   12829.0410       110.574272       100.000000    
   11834.3916       105.293564       100.000000    
   12564.7061       109.294334       100.000000    
   12608.9980       109.113678       100.000000    
   11527.9629       101.378677       100.000000    
   12240.9404       107.362785       100.000000    
   12340.8857       107.175407       100.000000    
   11261.0830       96.4424744       100.000000    
   12082.7129       104.728088       100.000000    
   12059.1309       104.548767       100.000000    
   11026.6338       88.5382385       100.000000    
   11881.3135       100.886177       100.000000    
   11772.2158       100.634781       100.000000    
   0.00000000       0.00000000       0.00000000    
   0.00000000       0.00000000       0.00000000    
   0.00000000       0.00000000       0.00000000    
   0.00000000       0.00000000       0.00000000    
   0.00000000       0.00000000       0.00000000    
   0.00000000       0.00000000       0.00000000    
   0.00000000       0.00000000       0.00000000    
   0.00000000       0.00000000       0.00000000    
   0.00000000       0.00000000       0.00000000    
   0.00000000       0.00000000       0.00000000    
   15240.2734       58.4602013       50.0000000    
   15253.4932       58.4658928       50.0000000    
   14548.4541       57.7967758       50.0000000    
   15278.2432       58.4627075       50.0000000    
   15263.5791       58.4680023       50.0000000    
   14568.5117       57.7553444       50.0000000    
   15242.3809       58.4472771       50.0000000    
   15239.5264       58.4419365       50.0000000    
   14518.5527       57.7290306       50.0000000    
   15218.9336       58.4050713       50.0000000    
   15161.3984       58.4056015       50.0000000    
   14498.3643       57.6743202       50.0000000    
   15097.8242       58.3614655       50.0000000    
   15076.0215       58.3475647       50.0000000    
   14377.6787       57.5609016       50.0000000    
   15025.1826       58.3054047       50.0000000    
   15062.5430       58.2855682       50.0000000    
   14278.7676       57.4464569       50.0000000    
   14918.1758       58.2152023       50.0000000    
   14938.3232       58.2143059       50.0000000    
   14149.0781       57.3073807       50.0000000    
   14840.7256       58.1364822       50.0000000    
   14827.3564       58.1119881       50.0000000    
   0.00000000       0.00000000       0.00000000    
   14682.2588       58.0117645       50.0000000    
   14765.1563       57.9958611       50.0000000    
   0.00000000       0.00000000       0.00000000    
   14551.3848       57.9040413       50.0000000    
   14568.8271       57.8852463       50.0000000    
   0.00000000       0.00000000       0.00000000    
   14390.0635       57.7318001       50.0000000    
   14438.0234       57.7383804       50.0000000    
   0.00000000       0.00000000       0.00000000    
   13317.0635       112.821625       100.000000    
   13277.1123       112.824402       100.000000    
   0.00000000       0.00000000       0.00000000    
   13036.2822       112.200691       100.000000    
   13106.0850       112.174858       100.000000    
   12146.1455       108.816170       100.000000    
   12862.9639       111.102386       100.000000    
   12916.1348       111.031685       100.000000    
   12006.4717       107.072624       100.000000    
   12737.0010       109.940468       100.000000    
   12682.8672       109.708534       100.000000    
   11734.2852       103.724228       100.000000    
   12435.0088       108.584503       100.000000    
   12451.9639       107.991371       100.000000    
   11405.0938       98.8707428       100.000000    
   12129.6162       106.612755       100.000000    
   12213.6777       106.026772       100.000000    
   11096.6143       93.3980789       100.000000    
   11836.1113       103.782867       100.000000    
   11922.9258       103.507103       100.000000    
   10749.1533       84.4175949       100.000000    
   11589.8223       98.0904312       100.000000    
   11660.4365       97.5819550       100.000000    
   0.00000000       0.00000000       0.00000000    
   0.00000000       0.00000000       0.00000000    
   0.00000000       0.00000000       0.00000000    
   0.00000000       0.00000000       0.00000000    
   0.00000000       0.00000000       0.00000000    
   0.00000000       0.00000000       0.00000000    
   0.00000000       0.00000000       0.00000000    
   0.00000000       0.00000000       0.00000000    
   0.00000000       0.00000000       0.00000000    
   0.00000000       0.00000000       0.00000000    
   15061.7432       58.3146935       50.0000000    
   15079.4941       58.3131981       50.0000000    
   14298.6416       57.5423851       50.0000000    
   15114.3564       58.3128395       50.0000000    
   15074.6543       58.3157234       50.0000000    
   14300.2666       57.4908371       50.0000000    
   15042.9814       58.3024521       50.0000000    
   15062.5400       58.2970619       50.0000000    
   14283.6816       57.4379730       50.0000000    
   14981.4014       58.2541809       50.0000000    
   14979.8994       58.2498970       50.0000000    
   14236.8652       57.3961029       50.0000000    
   14913.3828       58.2096443       50.0000000    
   14894.8662       58.2017708       50.0000000    
   14129.0498       57.2746811       50.0000000    
   14851.3809       58.1618805       50.0000000    
   14893.0957       58.1280098       50.0000000    
   0.00000000       0.00000000       0.00000000    
   14800.6191       58.0625420       50.0000000    
   14813.8047       58.0419540       50.0000000    
   0.00000000       0.00000000       0.00000000    
   14689.5010       57.9766922       50.0000000    
   14664.9834       57.9495544       50.0000000    
   0.00000000       0.00000000       0.00000000    
   14560.9932       57.8649750       50.0000000    
   14590.5850       57.8404007       50.0000000    
   0.00000000       0.00000000       0.00000000    
   14337.1777       57.7642746       50.0000000    
   14406.3691       57.7269669       50.0000000    
   0.00000000       0.00000000       0.00000000    
   13256.9063       112.900719       100.000000    
   13307.5098       112.834251       100.000000    
   0.00000000       0.00000000       0.00000000    
   13106.9092       112.120667       100.000000    
   13106.8486       112.212410       100.000000    
   12202.5654       108.951523       100.000000    
   12913.8711       111.062561       100.000000    
   12875.2881       111.121521       100.000000    
   12049.4238       106.892944       100.000000    
   12738.4248       110.059563       100.000000    
   12683.9834       110.051262       100.000000    
   11765.4834       104.094398       100.000000    
   12542.1719       108.776947       100.000000    
   12536.7998       108.527885       100.000000    
   11533.4844       100.735840       100.000000    
   12322.6934       107.025108       100.000000    
   12291.4004       106.654549       100.000000    
   11232.8730       95.3908539       100.000000    
   12046.2979       105.132805       100.000000    
   12043.8887       104.416489       100.000000    
   10892.0322       88.3135223       100.000000    
   11694.6787       101.750885       100.000000    
   11732.6924       100.533798       100.000000    
   0.00000000       0.00000000       0.00000000    
   0.00000000       0.00000000       0.00000000    
   0.00000000       0.00000000       0.00000000    
   0.00000000       0.00000000       0.00000000    
   0.00000000       0.00000000       0.00000000    
   0.00000000       0.00000000       0.00000000    
   0.00000000       0.00000000       0.00000000    
   0.00000000       0.00000000       0.00000000    
   0.00000000       0.00000000       0.00000000    
   0.00000000       0.00000000       0.00000000    
   0.00000000       0.00000000       0.00000000    
   0.00000000       0.00000000       0.00000000    
   0.00000000       0.00000000       0.00000000    
   14891.0996       58.1566505       50.0000000    
   14873.4902       58.1408691       50.0000000    
   0.00000000       0.00000000       0.00000000    
   14907.3916       58.1459122       50.0000000    
   14916.0938       58.1393051       50.0000000    
   0.00000000       0.00000000       0.00000000    
   14833.6602       58.1417313       50.0000000    
   14900.7832       58.1216164       50.0000000    
   0.00000000       0.00000000       0.00000000    
   14734.4141       58.0888290       50.0000000    
   14838.9063       58.0795288       50.0000000    
   0.00000000       0.00000000       0.00000000    
   14776.4824       58.0504608       50.0000000    
   14741.7598       58.0289307       50.0000000    
   0.00000000       0.00000000       0.00000000    
   14692.1074       57.9747200       50.0000000    
   14706.1758       57.9472427       50.0000000    
   0.00000000       0.00000000       0.00000000    
   14583.3164       57.9169922       50.0000000    
   14641.5273       57.8586044       50.0000000    
   0.00000000       0.00000000       0.00000000    
   14499.0254       57.7928619       50.0000000    
   14515.1797       57.7749443       50.0000000    
   0.00000000       0.00000000       0.00000000    
   14332.1016       57.7261505       50.0000000    
   14350.3301       57.6785736       50.0000000    
   0.00000000       0.00000000       0.00000000    
   13254.7402       112.833954       100.000000    
   13284.1650       112.793266       100.000000    
   0.00000000       0.00000000       0.00000000    
   12977.0127       112.369278       100.000000    
   13102.0840       112.093796       100.000000    
   12137.1758       108.804527       100.000000    
   12863.0654       111.298492       100.000000    
   12874.4766       111.147324       100.000000    
   12010.2100       107.365120       100.000000    
   12750.6006       110.070023       100.000000    
   12739.5557       110.053886       100.000000    
   11791.4902       104.188896       100.000000    
   12515.8691       108.807182       100.000000    
   12501.2207       108.703209       100.000000    
   11503.5537       101.083054       100.000000    
   12250.9424       107.502853       100.000000    
   12306.8350       107.109047       100.000000    
   11227.5381       96.8346786       100.000000    
   12021.2109       105.581245       100.000000    
   12073.8066       104.830551       100.000000    
   11041.5000       90.6091766       100.000000    
   11869.6318       102.165260       100.000000    
   11831.2549       101.707825       100.000000    
   10725.2412       80.9108200       100.000000    
   11664.7588       96.3834610       100.000000    
   0.00000000       0.00000000       0.00000000    
   0.00000000       0.00000000       0.00000000    
   0.00000000       0.00000000       0.00000000    
   0.00000000       0.00000000       0.00000000    
   0.00000000       0.00000000       0.00000000    
   0.00000000       0.00000000       0.00000000    
   0.00000000       0.00000000       0.00000000    
   0.00000000       0.00000000       0.00000000    
   0.00000000       0.00000000       0.00000000    
   0.00000000       0.00000000       0.00000000    
   0.00000000       0.00000000       0.00000000    
   0.00000000       0.00000000       0.00000000    
   0.00000000       0.00000000       0.00000000    
   0.00000000       0.00000000       0.00000000    
   14647.8359       57.9736290       50.0000000    
   14743.6572       57.9152641       50.0000000    
   0.00000000       0.00000000       0.00000000    
   14701.7021       57.9644737       50.0000000    
   14677.7910       57.9451752       50.0000000    
   0.00000000       0.00000000       0.00000000    
   14621.8447       57.9719734       50.0000000    
   14716.8613       57.9271393       50.0000000    
   0.00000000       0.00000000       0.00000000    
   14538.5303       57.9102707       50.0000000    
   14659.5898       57.8809547       50.0000000    
   0.00000000       0.00000000       0.00000000    
   14574.0586       57.8836746       50.0000000    
   14569.7080       57.8137817       50.0000000    
   0.00000000       0.00000000       0.00000000    
   14409.5889       57.8052826       50.0000000    
   14515.8027       57.7632027       50.0000000    
   0.00000000       0.00000000       0.00000000    
   14348.9365       57.7619553       50.0000000    
   14396.9531       57.7065163       50.0000000    
   0.00000000       0.00000000       0.00000000    
   13375.4033       112.965950       100.000000    
   13395.8477       112.799095       100.000000    
   0.00000000       0.00000000       0.00000000    
   13212.7070       112.629555       100.000000    
   13183.6416       112.543213       100.000000    
   12285.4238       109.043861       100.000000    
   13094.0957       111.989761       100.000000    
   13081.8867       111.963181       100.000000    
   12065.0557       108.322273       100.000000    
   12942.7930       111.113045       100.000000    
   12912.5381       110.917244       100.000000    
   12006.1260       106.841240       100.000000    
   12699.7715       110.389854       100.000000    
   12708.9238       110.079155       100.000000    
   11774.5908       103.874207       100.000000    
   12495.8896       108.984604       100.000000    
   12509.9961       108.604134       100.000000    
   11555.1797       101.682686       100.000000    
   12310.8291       107.671906       100.000000    
   12374.4893       107.248604       100.000000    
   11370.6992       96.8924026       100.000000    
   12058.3516       105.627464       100.000000    
   12105.0215       104.999756       100.000000    
   11025.5996       90.0576477       100.000000    
   11858.2754       102.914253       100.000000    
   11880.1387       102.320038       100.000000    
   10728.1357       82.9973373       100.000000    
   11739.8154       97.5872345       100.000000    
   11694.7207       96.8349380       100.000000    
   0.00000000       0.00000000       0.00000000    
   0.00000000       0.00000000       0.00000000    
   0.00000000       0.00000000       0.00000000    
   0.00000000       0.00000000       0.00000000    
   0.00000000       0.00000000       0.00000000    
   0.00000000       0.00000000       0.00000000    
   0.00000000       0.00000000       0.00000000    
   0.00000000       0.00000000       0.00000000    
   0.00000000       0.00000000       0.00000000    
   0.00000000       0.00000000       0.00000000    
   0.00000000       0.00000000       0.00000000    
   0.00000000       0.00000000       0.00000000    
   0.00000000       0.00000000       0.00000000    
   0.00000000       0.00000000       0.00000000    
   0.00000000       0.00000000       0.00000000    
   0.00000000       0.00000000       0.00000000    
   14457.8252       57.7314568       50.0000000    
   14441.9834       57.7322235       50.0000000    
   0.00000000       0.00000000       0.00000000    
   14495.8379       57.7536926       50.0000000    
   14450.5508       57.7455978       50.0000000    
   0.00000000       0.00000000       0.00000000    
   14411.2520       57.7556801       50.0000000    
   14439.8672       57.7404022       50.0000000    
   0.00000000       0.00000000       0.00000000    
   14409.0303       57.7237740       50.0000000    
   14434.3184       57.6882133       50.0000000    
   0.00000000       0.00000000       0.00000000    
   13393.3047       113.098732       100.000000    
   14316.5449       57.6288338       50.0000000    
   0.00000000       0.00000000       0.00000000    
   13278.8701       112.884117       100.000000    
   13316.0225       112.835327       100.000000    
   0.00000000       0.00000000       0.00000000    
   13191.3418       112.642815       100.000000    
   13196.7900       112.584541       100.000000    
   12251.0068       109.129059       100.000000    
   13070.3662       112.167503       100.000000    
   13075.5596       112.022903       100.000000    
   12215.0674       108.498093       100.000000    
   13018.2295       111.277161       100.000000    
   12933.5537       111.309776       100.000000    
   12043.5205       107.161667       100.000000    
   12873.7178       110.871864       100.000000    
   12859.0762       110.805298       100.000000    
   11880.5605       105.154648       100.000000    
   12741.6279       109.760193       100.000000    
   12757.3984       109.680176       100.000000    
   11702.7363       103.631210       100.000000    
   12543.8457       108.937767       100.000000    
   12512.4453       108.494934       100.000000    
   11503.3115       100.521973       100.000000    
   12342.4346       107.625069       100.000000    
   12346.7832       107.098816       100.000000    
   11281.3770       96.7619553       100.000000    
   12061.7139       105.539917       100.000000    
   12043.8340       105.399612       100.000000    
   11019.6094       91.7685776       100.000000    
   11896.4424       103.043877       100.000000    
   11921.1211       102.845833       100.000000    
   10710.9590       84.8996964       100.000000    
   11605.0049       99.0398026       100.000000    
   11647.6182       97.8039474       100.000000    
   0.00000000       0.00000000       0.00000000    
   0.00000000       0.00000000       0.00000000    
   0.00000000       0.00000000       0.00000000    
   0.00000000       0.00000000       0.00000000    
   0.00000000       0.00000000       0.00000000    
   0.00000000       0.00000000       0.00000000    
   0.00000000       0.00000000       0.00000000    
   0.00000000       0.00000000       0.00000000    
   0.00000000       0.00000000       0.00000000    
   0.00000000       0.00000000       0.00000000    
   0.00000000       0.00000000       0.00000000    
   0.00000000       0.00000000       0.00000000    
   0.00000000       0.00000000       0.00000000    
   0.00000000       0.00000000       0.00000000    
   0.00000000       0.00000000       0.00000000    
   0.00000000       0.00000000       0.00000000    
   0.00000000       0.00000000       0.00000000    
   0.00000000       0.00000000       0.00000000    
   0.00000000       0.00000000       0.00000000    
   13279.9502       112.563560       100.000000    
   13308.9023       112.550697       100.000000    
   0.00000000       0.00000000       0.00000000    
   13260.6436       112.712898       100.000000    
   13267.3750       112.691841       100.000000    
   0.00000000       0.00000000       0.00000000    
   13204.1787       112.751480       100.000000    
   13286.5518       112.642578       100.000000    
   0.00000000       0.00000000       0.00000000    
   13164.5449       112.614609       100.000000    
   13214.1768       112.520004       100.000000    
   12276.5645       109.135841       100.000000    
   13065.9902       111.995659       100.000000    
   13090.3057       112.240433       100.000000    
   12242.8262       108.649734       100.000000    
   12964.4639       111.690712       100.000000    
   13044.1523       111.762215       100.000000    
   12128.7051       108.296837       100.000000    
   12898.7236       111.409966       100.000000    
   12932.2412       111.210480       100.000000    
   12049.7100       106.873131       100.000000    
   12879.5439       111.101318       100.000000    
   12835.0596       110.875633       100.000000    
   11917.6826       105.519066       100.000000    
   12722.6973       110.123741       100.000000    
   12733.1465       109.785637       100.000000    
   11783.0244       103.801201       100.000000    
   12579.0195       109.110710       100.000000    
   12639.8594       109.156509       100.000000    
   11585.0439       101.649437       100.000000    
   12492.7500       108.541451       100.000000    
   12459.2236       108.351074       100.000000    
   11419.7041       98.7125549       100.000000    
   12371.7734       106.869339       100.000000    
   12304.7715       106.653275       100.000000    
   11229.9932       95.1443863       100.000000    
   12066.0938       105.635521       100.000000    
   12095.0830       104.759644       100.000000    
   11024.3867       89.8756256       100.000000    
   11846.1045       103.234909       100.000000    
   11809.1494       102.621582       100.000000    
   10787.7139       82.4880371       100.000000    
   11593.1289       99.3648376       100.000000    
   11689.5000       98.0004501       100.000000    
   0.00000000       0.00000000       0.00000000    
   0.00000000       0.00000000       0.00000000    
   0.00000000       0.00000000       0.00000000    
   0.00000000       0.00000000       0.00000000    
   0.00000000       0.00000000       0.00000000    
   0.00000000       0.00000000       0.00000000    
   0.00000000       0.00000000       0.00000000    
   0.00000000       0.00000000       0.00000000    
   0.00000000       0.00000000       0.00000000    
   0.00000000       0.00000000       0.00000000    
   0.00000000       0.00000000       0.00000000    
   0.00000000       0.00000000       0.00000000    
   0.00000000       0.00000000       0.00000000    
   0.00000000       0.00000000       0.00000000    
   0.00000000       0.00000000       0.00000000    
   0.00000000       0.00000000       0.00000000    
   0.00000000       0.00000000       0.00000000    
   0.00000000       0.00000000       0.00000000    
   0.00000000       0.00000000       0.00000000    
   0.00000000       0.00000000       0.00000000    
   0.00000000       0.00000000       0.00000000    
   0.00000000       0.00000000       0.00000000    
   12971.3018       111.460304       100.000000    
   13030.2109       111.401161       100.000000    
   12101.3506       108.260574       100.000000    
   12962.5488       111.511955       100.000000    
   12971.0244       111.451355       100.000000    
   12043.8496       108.201027       100.000000    
   12932.8701       111.554764       100.000000    
   12999.7705       111.427605       100.000000    
   12035.4600       108.155312       100.000000    
   12943.8301       111.407852       100.000000    
   12959.7002       111.227051       100.000000    
   11973.2852       106.398392       100.000000    
   12848.2314       110.762680       100.000000    
   12864.7734       110.918152       100.000000    
   11908.6543       105.683495       100.000000    
   12664.6318       110.351303       100.000000    
   12785.2207       110.540840       100.000000    
   11803.8066       105.194817       100.000000    
   12735.3740       109.752510       100.000000    
   12688.0996       109.770836       100.000000    
   11703.3564       103.908096       100.000000    
   12690.5752       109.291443       100.000000    
   12649.3301       109.186958       100.000000    
   11542.2988       101.876892       100.000000    
   12501.2910       108.717560       100.000000    
   12480.1934       108.271263       100.000000    
   11476.8740       99.0449219       100.000000    
   12350.7871       107.560875       100.000000    
   12350.6768       107.063736       100.000000    
   11334.4482       96.3819351       100.000000    
   12154.7188       106.492409       100.000000    
   12226.9482       106.154922       100.000000    
   11075.3086       93.3980713       100.000000    
   12095.4004       104.992508       100.000000    
   11997.1533       104.749023       100.000000    
   10960.4443       88.3931961       100.000000    
   11812.3643       102.891777       100.000000    
   11786.6328       101.966515       100.000000    
   10628.5137       82.4711533       100.000000    
   11663.0195       98.9982300       100.000000    
   11525.1670       97.4404449       100.000000    
   0.00000000       0.00000000       0.00000000    
   0.00000000       0.00000000       0.00000000    
   0.00000000       0.00000000       0.00000000    
   0.00000000       0.00000000       0.00000000    
   0.00000000       0.00000000       0.00000000    
   0.00000000       0.00000000       0.00000000    
   0.00000000       0.00000000       0.00000000    
   0.00000000       0.00000000       0.00000000    
   0.00000000       0.00000000       0.00000000    
   0.00000000       0.00000000       0.00000000    
   0.00000000       0.00000000       0.00000000    
   0.00000000       0.00000000       0.00000000    
   0.00000000       0.00000000       0.00000000    
   0.00000000       0.00000000       0.00000000    
   0.00000000       0.00000000       0.00000000    
   0.00000000       0.00000000       0.00000000    
   0.00000000       0.00000000       0.00000000    
   0.00000000       0.00000000       0.00000000    
   0.00000000       0.00000000       0.00000000    
   0.00000000       0.00000000       0.00000000    
   0.00000000       0.00000000       0.00000000    
   0.00000000       0.00000000       0.00000000    
   0.00000000       0.00000000       0.00000000    
   0.00000000       0.00000000       0.00000000    
   0.00000000       0.00000000       0.00000000    
   12760.4326       109.906494       100.000000    
   12743.4863       109.879982       100.000000    
   11800.7734       104.893471       100.000000    
   12752.6924       109.928452       100.000000    
   12688.2705       110.024643       100.000000    
   11783.8301       104.692635       100.000000    
   12701.7197       110.006905       100.000000    
   12720.6924       109.882355       100.000000    
   11780.0508       104.479218       100.000000    
   12644.5645       109.867599       100.000000    
   12676.3613       109.636566       100.000000    
   11776.5527       102.578827       100.000000    
   12590.7090       109.458908       100.000000    
   12610.5381       109.201218       100.000000    
   11558.4619       102.301682       100.000000    
   12506.6289       108.506607       100.000000    
   12542.4209       108.838333       100.000000    
   11537.5752       100.830170       100.000000    
   12531.5889       107.769707       100.000000    
   12487.1904       107.719818       100.000000    
   11412.3643       98.9051132       100.000000    
   12410.2900       107.335709       100.000000    
   12310.9355       107.396889       100.000000    
   11270.7295       97.0766754       100.000000    
   12217.3564       107.055214       100.000000    
   12207.7715       106.523621       100.000000    
   11117.2520       93.8029327       100.000000    
   12033.3848       105.352173       100.000000    
   11978.8838       104.799400       100.000000    
   10926.0527       89.7908401       100.000000    
   11918.5791       102.919296       100.000000    
   11934.5605       102.660538       100.000000    
   10790.1260       85.1992569       100.000000    
   11863.8164       101.226913       100.000000    
   11795.7871       100.237000       100.000000    
   0.00000000       0.00000000       0.00000000    
   11610.5020       97.1814728       100.000000    
   0.00000000       0.00000000       0.00000000    
   0.00000000       0.00000000       0.00000000    
   0.00000000       0.00000000       0.00000000    
   0.00000000       0.00000000       0.00000000    
   0.00000000       0.00000000       0.00000000    
   0.00000000       0.00000000       0.00000000    
   0.00000000       0.00000000       0.00000000    
   0.00000000       0.00000000       0.00000000    
   0.00000000       0.00000000       0.00000000    
   0.00000000       0.00000000       0.00000000    
   0.00000000       0.00000000       0.00000000    
   0.00000000       0.00000000       0.00000000    
   0.00000000       0.00000000       0.00000000    
   0.00000000       0.00000000       0.00000000    
   0.00000000       0.00000000       0.00000000    
   0.00000000       0.00000000       0.00000000    
   0.00000000       0.00000000       0.00000000    
   0.00000000       0.00000000       0.00000000    
   0.00000000       0.00000000       0.00000000    
   0.00000000       0.00000000       0.00000000    
   0.00000000       0.00000000       0.00000000    
   0.00000000       0.00000000       0.00000000    
   0.00000000       0.00000000       0.00000000    
   0.00000000       0.00000000       0.00000000    
   0.00000000       0.00000000       0.00000000    
   0.00000000       0.00000000       0.00000000    
   0.00000000       0.00000000       0.00000000    
   0.00000000       0.00000000       0.00000000    
   0.00000000       0.00000000       0.00000000    
   12241.8066       108.586136       100.000000    
   12424.1152       108.059776       100.000000    
   11474.5127       99.9742813       100.000000    
   12470.5439       108.254623       100.000000    
   12434.4502       108.049713       100.000000    
   11494.2061       99.8248367       100.000000    
   12487.1826       107.911766       100.000000    
   12494.3877       107.853462       100.000000    
   11452.9434       99.7894669       100.000000    
   12389.3018       107.942368       100.000000    
   12398.7705       107.634262       100.000000    
   11340.5469       98.0330734       100.000000    
   12451.9932       107.305374       100.000000    
   12349.9072       107.071709       100.000000    
   11288.6201       96.6469574       100.000000    
   12206.2744       106.410805       100.000000    
   12190.8486       106.766472       100.000000    
   11125.2939       96.0812836       100.000000    
   12202.9053       105.660858       100.000000    
   12179.2139       105.610367       100.000000    
   11052.3281       92.2914886       100.000000    
   12127.8506       104.832474       100.000000    
   12035.9219       104.550209       100.000000    
   10902.6602       89.2218323       100.000000    
   11960.1357       104.148613       100.000000    
   11960.1963       103.345573       100.000000    
   10757.4854       86.0740128       100.000000    
   11810.9082       101.934883       100.000000    
   11767.3643       100.889847       100.000000    
   0.00000000       0.00000000       0.00000000    
   11696.7627       98.0332336       100.000000    
   11651.8525       96.8395920       100.000000    
   0.00000000       0.00000000       0.00000000    
   0.00000000       0.00000000       0.00000000    
   0.00000000       0.00000000       0.00000000    
   0.00000000       0.00000000       0.00000000    
   0.00000000       0.00000000       0.00000000    
   0.00000000       0.00000000       0.00000000    
   0.00000000       0.00000000       0.00000000    
   0.00000000       0.00000000       0.00000000    
   0.00000000       0.00000000       0.00000000    
   0.00000000       0.00000000       0.00000000    
   0.00000000       0.00000000       0.00000000    
   0.00000000       0.00000000       0.00000000    
   0.00000000       0.00000000       0.00000000    
   0.00000000       0.00000000       0.00000000    
   0.00000000       0.00000000       0.00000000    
   0.00000000       0.00000000       0.00000000    
   0.00000000       0.00000000       0.00000000    
   0.00000000       0.00000000       0.00000000    
   0.00000000       0.00000000       0.00000000    
   0.00000000       0.00000000       0.00000000    
   0.00000000       0.00000000       0.00000000    
   0.00000000       0.00000000       0.00000000    
   0.00000000       0.00000000       0.00000000    
   0.00000000       0.00000000       0.00000000    
   0.00000000       0.00000000       0.00000000    
   0.00000000       0.00000000       0.00000000    
   0.00000000       0.00000000       0.00000000    
   0.00000000       0.00000000       0.00000000    
   0.00000000       0.00000000       0.00000000    
   0.00000000       0.00000000       0.00000000    
   0.00000000       0.00000000       0.00000000    
   0.00000000       0.00000000       0.00000000    
   0.00000000       0.00000000       0.00000000    
   0.00000000       0.00000000       0.00000000    
   12071.7188       105.959496       100.000000    
   12157.3633       105.562271       100.000000    
   11097.5332       93.7138596       100.000000    
   12162.2441       106.046555       100.000000    
   12118.8311       105.667961       100.000000    
   11166.3877       92.0299911       100.000000    
   12067.0283       105.965019       100.000000    
   12151.1367       105.466507       100.000000    
   11158.8447       92.0670776       100.000000    
   12002.3096       105.664597       100.000000    
   12084.2881       105.049599       100.000000    
   11043.2715       89.5882721       100.000000    
   11911.4316       105.713310       100.000000    
   12023.3926       104.562843       100.000000    
   10943.4922       89.4710770       100.000000    
   11809.9424       103.857216       100.000000    
   11878.9668       103.778160       100.000000    
   10877.3096       86.0801010       100.000000    
   11907.0498       102.017509       100.000000    
   11871.5635       102.651527       100.000000    
   10695.2803       83.5099792       100.000000    
   11803.0400       100.746857       100.000000    
   11778.4863       99.8044205       100.000000    
   0.00000000       0.00000000       0.00000000    
   11730.0381       98.8507538       100.000000    
   11702.7705       97.0857391       100.000000    
   0.00000000       0.00000000       0.00000000    
   0.00000000       0.00000000       0.00000000    
   0.00000000       0.00000000       0.00000000    
   0.00000000       0.00000000       0.00000000    
   0.00000000       0.00000000       0.00000000    
   0.00000000       0.00000000       0.00000000    
   0.00000000       0.00000000       0.00000000    
   0.00000000       0.00000000       0.00000000    
   0.00000000       0.00000000       0.00000000    
   0.00000000       0.00000000       0.00000000    
   0.00000000       0.00000000       0.00000000    
   0.00000000       0.00000000       0.00000000    
   0.00000000       0.00000000       0.00000000    
   0.00000000       0.00000000       0.00000000    
   0.00000000       0.00000000       0.00000000    
   0.00000000       0.00000000       0.00000000    
   0.00000000       0.00000000       0.00000000    
   0.00000000       0.00000000       0.00000000    
   0.00000000       0.00000000       0.00000000    
   0.00000000       0.00000000       0.00000000    
   0.00000000       0.00000000       0.00000000    
   0.00000000       0.00000000       0.00000000    
   0.00000000       0.00000000       0.00000000    
   0.00000000       0.00000000       0.00000000    
   0.00000000       0.00000000       0.00000000    
   0.00000000       0.00000000       0.00000000    
   0.00000000       0.00000000       0.00000000    
   0.00000000       0.00000000       0.00000000    
   0.00000000       0.00000000       0.00000000    
   0.00000000       0.00000000       0.00000000    
   0.00000000       0.00000000       0.00000000    
   0.00000000       0.00000000       0.00000000    
   0.00000000       0.00000000       0.00000000    
   0.00000000       0.00000000       0.00000000    
   0.00000000       0.00000000       0.00000000    
   0.00000000       0.00000000       0.00000000    
   0.00000000       0.00000000       0.00000000    
   0.00000000       0.00000000       0.00000000    
   0.00000000       0.00000000       0.00000000    
   0.00000000       0.00000000       0.00000000    
   11772.8730       102.271828       100.000000    
   11833.7334       101.452911       100.000000    
   10671.4355       83.1573868       100.000000    
   11847.1592       102.402946       100.000000    
   11830.0049       101.770172       100.000000    
   10656.5811       82.4253235       100.000000    
   11793.4268       102.033615       100.000000    
   11829.6104       101.611351       100.000000    
   10722.8340       81.4134521       100.000000    
   11777.8984       101.382683       100.000000    
   11770.8027       100.618408       100.000000    
   0.00000000       0.00000000       0.00000000    
   11776.0156       100.683449       100.000000    
   11746.4844       99.7223053       100.000000    
   0.00000000       0.00000000       0.00000000    
   11644.4023       97.8060150       100.000000    
   11626.6494       98.0387192       100.000000    
   0.00000000       0.00000000       0.00000000    
   0.00000000       0.00000000       0.00000000    
   0.00000000       0.00000000       0.00000000    
   0.00000000       0.00000000       0.00000000    
   0.00000000       0.00000000       0.00000000    
   0.00000000       0.00000000       0.00000000    
   0.00000000       0.00000000       0.00000000    
   0.00000000       0.00000000       0.00000000    
   0.00000000       0.00000000       0.00000000    
   0.00000000       0.00000000       0.00000000    
   0.00000000       0.00000000       0.00000000    
   0.00000000       0.00000000       0.00000000    
   0.00000000       0.00000000       0.00000000    
   0.00000000       0.00000000       0.00000000    
   0.00000000       0.00000000       0.00000000    
   0.00000000       0.00000000       0.00000000    
   0.00000000       0.00000000       0.00000000    
   0.00000000       0.00000000       0.00000000    
   0.00000000       0.00000000       0.00000000    
   0.00000000       0.00000000       0.00000000    
   0.00000000       0.00000000       0.00000000    
   0.00000000       0.00000000       0.00000000    
   0.00000000       0.00000000       0.00000000    
   0.00000000       0.00000000       0.00000000    
   0.00000000       0.00000000       0.00000000    
   0.00000000       0.00000000       0.00000000    
   0.00000000       0.00000000       0.00000000    
   0.00000000       0.00000000       0.00000000    
   0.00000000       0.00000000       0.00000000    
   0.00000000       0.00000000       0.00000000    
   0.00000000       0.00000000       0.00000000    
   0.00000000       0.00000000       0.00000000    
   0.00000000       0.00000000       0.00000000    
   0.00000000       0.00000000       0.00000000    
   0.00000000       0.00000000       0.00000000    
   0.00000000       0.00000000       0.00000000    
   0.00000000       0.00000000       0.00000000    
   0.00000000       0.00000000       0.00000000    
   0.00000000       0.00000000       0.00000000    
   0.00000000       0.00000000       0.00000000    
   0.00000000       0.00000000       0.00000000    
   0.00000000       0.00000000       0.00000000    
   0.00000000       0.00000000       0.00000000    
   0.00000000       0.00000000       0.00000000    
   0.00000000       0.00000000       0.00000000    
   0.00000000       0.00000000       0.00000000    
   0.00000000       0.00000000       0.00000000    
   0.00000000       0.00000000       0.00000000    
   0.00000000       0.00000000       0.00000000    
   0.00000000       0.00000000       0.00000000    
   0.00000000       0.00000000       0.00000000    
   0.00000000       0.00000000       0.00000000    
   0.00000000       0.00000000       0.00000000    
   0.00000000       0.00000000       0.00000000    
   0.00000000       0.00000000       0.00000000    
   0.00000000       0.00000000       0.00000000    
   0.00000000       0.00000000       0.00000000    
   0.00000000       0.00000000       0.00000000    
   0.00000000       0.00000000       0.00000000    
   0.00000000       0.00000000       0.00000000    
   0.00000000       0.00000000       0.00000000    
   0.00000000       0.00000000       0.00000000    
   0.00000000       0.00000000       0.00000000    
   0.00000000       0.00000000       0.00000000    
   0.00000000       0.00000000       0.00000000    
   0.00000000       0.00000000       0.00000000    
   0.00000000       0.00000000       0.00000000    
   0.00000000       0.00000000       0.00000000    
   0.00000000       0.00000000       0.00000000    
   0.00000000       0.00000000       0.00000000    
   0.00000000       0.00000000       0.00000000    
   0.00000000       0.00000000       0.00000000    
   0.00000000       0.00000000       0.00000000    
   0.00000000       0.00000000       0.00000000    
   0.00000000       0.00000000       0.00000000    
   0.00000000       0.00000000       0.00000000    
   0.00000000       0.00000000       0.00000000    
   0.00000000       0.00000000       0.00000000    
   0.00000000       0.00000000       0.00000000    
   0.00000000       0.00000000       0.00000000    
   0.00000000       0.00000000       0.00000000    
   0.00000000       0.00000000       0.00000000    
   0.00000000       0.00000000       0.00000000    
   0.00000000       0.00000000       0.00000000    
   0.00000000       0.00000000       0.00000000    
   0.00000000       0.00000000       0.00000000    
   0.00000000       0.00000000       0.00000000    
   0.00000000       0.00000000       0.00000000    
   0.00000000       0.00000000       0.00000000    
   0.00000000       0.00000000       0.00000000    
   0.00000000       0.00000000       0.00000000    
   0.00000000       0.00000000       0.00000000    
   0.00000000       0.00000000       0.00000000    
   0.00000000       0.00000000       0.00000000    
   0.00000000       0.00000000       0.00000000    
   0.00000000       0.00000000       0.00000000    
   0.00000000       0.00000000       0.00000000    
   0.00000000       0.00000000       0.00000000    
   0.00000000       0.00000000       0.00000000    
   0.00000000       0.00000000       0.00000000    
   0.00000000       0.00000000       0.00000000    
   0.00000000       0.00000000       0.00000000    
   0.00000000       0.00000000       0.00000000    
   0.00000000       0.00000000       0.00000000    
   0.00000000       0.00000000       0.00000000    
   0.00000000       0.00000000       0.00000000    
   0.00000000       0.00000000       0.00000000    
   0.00000000       0.00000000       0.00000000    
   0.00000000       0.00000000       0.00000000    
   0.00000000       0.00000000       0.00000000    
   0.00000000       0.00000000       0.00000000    
   0.00000000       0.00000000       0.00000000    
   0.00000000       0.00000000       0.00000000    
   0.00000000       0.00000000       0.00000000    
   0.00000000       0.00000000       0.00000000    
