
 Mean ionic ratio <ion>/<H+>

 Total, integrated over all nebular components

 Element      Ion        <ion>/<H+>I     <ion>/<H+>II

           1           1   5.31408638E-02
           1           2  0.946859121    
           1           3   0.00000000    
           1           4   0.00000000    
           1           5   0.00000000    
           1           6   0.00000000    
           1           7   0.00000000    
           2           1   1.54584814E-02
           2           2  0.589731097    
           2           3  0.394810379    
           2           4   0.00000000    
           2           5   0.00000000    
           2           6   0.00000000    
           2           7   0.00000000    
           3           1   0.00000000    
           3           2   0.00000000    
           3           3   0.00000000    
           3           4   0.00000000    
           3           5   0.00000000    
           3           6   0.00000000    
           3           7   0.00000000    
           4           1   0.00000000    
           4           2   0.00000000    
           4           3   0.00000000    
           4           4   0.00000000    
           4           5   0.00000000    
           4           6   0.00000000    
           4           7   0.00000000    
           5           1   0.00000000    
           5           2   0.00000000    
           5           3   0.00000000    
           5           4   0.00000000    
           5           5   0.00000000    
           5           6   0.00000000    
           5           7   0.00000000    
           6           1   4.79195034E-03
           6           2  0.239927933    
           6           3  0.621425509    
           6           4  0.109574005    
           6           5   2.42805518E-02
           6           6   1.97841214E-13
           6           7   9.99999887E-21
           7           1   5.87945851E-03
           7           2  0.400876999    
           7           3  0.448805302    
           7           4  0.102010183    
           7           5   3.12091205E-02
           7           6   1.12189194E-02
           7           7   1.12678625E-13
           8           1   4.95124757E-02
           8           2  0.402979672    
           8           3  0.401998103    
           8           4   9.71548557E-02
           8           5   3.40431668E-02
           8           6   1.08362082E-02
           8           7   3.47548071E-03
           9           1   0.00000000    
           9           2   0.00000000    
           9           3   0.00000000    
           9           4   0.00000000    
           9           5   0.00000000    
           9           6   0.00000000    
           9           7   0.00000000    
          10           1   2.79656262E-04
          10           2   5.46722300E-02
          10           3  0.802677155    
          10           4   9.02158394E-02
          10           5   4.03713956E-02
          10           6   1.12379566E-02
          10           7   5.45782095E-04
          11           1   0.00000000    
          11           2   0.00000000    
          11           3   0.00000000    
          11           4   0.00000000    
          11           5   0.00000000    
          11           6   0.00000000    
          11           7   0.00000000    
          12           1   0.00000000    
          12           2   0.00000000    
          12           3   0.00000000    
          12           4   0.00000000    
          12           5   0.00000000    
          12           6   0.00000000    
          12           7   0.00000000    
          13           1   0.00000000    
          13           2   0.00000000    
          13           3   0.00000000    
          13           4   0.00000000    
          13           5   0.00000000    
          13           6   0.00000000    
          13           7   0.00000000    
          14           1   0.00000000    
          14           2   0.00000000    
          14           3   0.00000000    
          14           4   0.00000000    
          14           5   0.00000000    
          14           6   0.00000000    
          14           7   0.00000000    
          15           1   0.00000000    
          15           2   0.00000000    
          15           3   0.00000000    
          15           4   0.00000000    
          15           5   0.00000000    
          15           6   0.00000000    
          15           7   0.00000000    
          16           1   9.15719371E-04
          16           2  0.135044649    
          16           3  0.654397130    
          16           4  0.117253222    
          16           5   5.01517989E-02
          16           6   3.06434799E-02
          16           7   1.15939882E-02
          17           1   0.00000000    
          17           2   0.00000000    
          17           3   0.00000000    
          17           4   0.00000000    
          17           5   0.00000000    
          17           6   0.00000000    
          17           7   0.00000000    
          18           1   3.33241536E-04
          18           2   2.54015177E-02
          18           3  0.612635136    
          18           4  0.225241393    
          18           5   4.28981073E-02
          18           6   5.60774803E-02
          18           7   3.74130979E-02
          19           1   0.00000000    
          19           2   0.00000000    
          19           3   0.00000000    
          19           4   0.00000000    
          19           5   0.00000000    
          19           6   0.00000000    
          19           7   0.00000000    
          20           1   0.00000000    
          20           2   0.00000000    
          20           3   0.00000000    
          20           4   0.00000000    
          20           5   0.00000000    
          20           6   0.00000000    
          20           7   0.00000000    
          21           1   0.00000000    
          21           2   0.00000000    
          21           3   0.00000000    
          21           4   0.00000000    
          21           5   0.00000000    
          21           6   0.00000000    
          21           7   0.00000000    
          22           1   0.00000000    
          22           2   0.00000000    
          22           3   0.00000000    
          22           4   0.00000000    
          22           5   0.00000000    
          22           6   0.00000000    
          22           7   0.00000000    
          23           1   0.00000000    
          23           2   0.00000000    
          23           3   0.00000000    
          23           4   0.00000000    
          23           5   0.00000000    
          23           6   0.00000000    
          23           7   0.00000000    
          24           1   0.00000000    
          24           2   0.00000000    
          24           3   0.00000000    
          24           4   0.00000000    
          24           5   0.00000000    
          24           6   0.00000000    
          24           7   0.00000000    
          25           1   0.00000000    
          25           2   0.00000000    
          25           3   0.00000000    
          25           4   0.00000000    
          25           5   0.00000000    
          25           6   0.00000000    
          25           7   0.00000000    
          26           1   0.00000000    
          26           2   0.00000000    
          26           3   0.00000000    
          26           4   0.00000000    
          26           5   0.00000000    
          26           6   0.00000000    
          26           7   0.00000000    
          27           1   0.00000000    
          27           2   0.00000000    
          27           3   0.00000000    
          27           4   0.00000000    
          27           5   0.00000000    
          27           6   0.00000000    
          27           7   0.00000000    
          28           1   0.00000000    
          28           2   0.00000000    
          28           3   0.00000000    
          28           4   0.00000000    
          28           5   0.00000000    
          28           6   0.00000000    
          28           7   0.00000000    
          29           1   0.00000000    
          29           2   0.00000000    
          29           3   0.00000000    
          29           4   0.00000000    
          29           5   0.00000000    
          29           6   0.00000000    
          29           7   0.00000000    
          30           1   0.00000000    
          30           2   0.00000000    
          30           3   0.00000000    
          30           4   0.00000000    
          30           5   0.00000000    
          30           6   0.00000000    
          30           7   0.00000000    

 Mean ionic ratio <ion>/<H+>

 Component :            1

 Element      Ion        <ion>/<H+>I     <ion>/<H+>II

           1           1   5.31408638E-02
           1           2  0.946859121    
           1           3   0.00000000    
           1           4   0.00000000    
           1           5   0.00000000    
           1           6   0.00000000    
           1           7   0.00000000    
           2           1   1.54584814E-02
           2           2  0.589731097    
           2           3  0.394810379    
           2           4   0.00000000    
           2           5   0.00000000    
           2           6   0.00000000    
           2           7   0.00000000    
           3           1   0.00000000    
           3           2   0.00000000    
           3           3   0.00000000    
           3           4   0.00000000    
           3           5   0.00000000    
           3           6   0.00000000    
           3           7   0.00000000    
           4           1   0.00000000    
           4           2   0.00000000    
           4           3   0.00000000    
           4           4   0.00000000    
           4           5   0.00000000    
           4           6   0.00000000    
           4           7   0.00000000    
           5           1   0.00000000    
           5           2   0.00000000    
           5           3   0.00000000    
           5           4   0.00000000    
           5           5   0.00000000    
           5           6   0.00000000    
           5           7   0.00000000    
           6           1   4.79195034E-03
           6           2  0.239927933    
           6           3  0.621425509    
           6           4  0.109574005    
           6           5   2.42805518E-02
           6           6   1.97841214E-13
           6           7   9.99999887E-21
           7           1   5.87945851E-03
           7           2  0.400876999    
           7           3  0.448805302    
           7           4  0.102010183    
           7           5   3.12091205E-02
           7           6   1.12189194E-02
           7           7   1.12678625E-13
           8           1   4.95124757E-02
           8           2  0.402979672    
           8           3  0.401998103    
           8           4   9.71548557E-02
           8           5   3.40431668E-02
           8           6   1.08362082E-02
           8           7   3.47548071E-03
           9           1   0.00000000    
           9           2   0.00000000    
           9           3   0.00000000    
           9           4   0.00000000    
           9           5   0.00000000    
           9           6   0.00000000    
           9           7   0.00000000    
          10           1   2.79656262E-04
          10           2   5.46722300E-02
          10           3  0.802677155    
          10           4   9.02158394E-02
          10           5   4.03713956E-02
          10           6   1.12379566E-02
          10           7   5.45782095E-04
          11           1   0.00000000    
          11           2   0.00000000    
          11           3   0.00000000    
          11           4   0.00000000    
          11           5   0.00000000    
          11           6   0.00000000    
          11           7   0.00000000    
          12           1   0.00000000    
          12           2   0.00000000    
          12           3   0.00000000    
          12           4   0.00000000    
          12           5   0.00000000    
          12           6   0.00000000    
          12           7   0.00000000    
          13           1   0.00000000    
          13           2   0.00000000    
          13           3   0.00000000    
          13           4   0.00000000    
          13           5   0.00000000    
          13           6   0.00000000    
          13           7   0.00000000    
          14           1   0.00000000    
          14           2   0.00000000    
          14           3   0.00000000    
          14           4   0.00000000    
          14           5   0.00000000    
          14           6   0.00000000    
          14           7   0.00000000    
          15           1   0.00000000    
          15           2   0.00000000    
          15           3   0.00000000    
          15           4   0.00000000    
          15           5   0.00000000    
          15           6   0.00000000    
          15           7   0.00000000    
          16           1   9.15719371E-04
          16           2  0.135044649    
          16           3  0.654397130    
          16           4  0.117253222    
          16           5   5.01517989E-02
          16           6   3.06434799E-02
          16           7   1.15939882E-02
          17           1   0.00000000    
          17           2   0.00000000    
          17           3   0.00000000    
          17           4   0.00000000    
          17           5   0.00000000    
          17           6   0.00000000    
          17           7   0.00000000    
          18           1   3.33241536E-04
          18           2   2.54015177E-02
          18           3  0.612635136    
          18           4  0.225241393    
          18           5   4.28981073E-02
          18           6   5.60774803E-02
          18           7   3.74130979E-02
          19           1   0.00000000    
          19           2   0.00000000    
          19           3   0.00000000    
          19           4   0.00000000    
          19           5   0.00000000    
          19           6   0.00000000    
          19           7   0.00000000    
          20           1   0.00000000    
          20           2   0.00000000    
          20           3   0.00000000    
          20           4   0.00000000    
          20           5   0.00000000    
          20           6   0.00000000    
          20           7   0.00000000    
          21           1   0.00000000    
          21           2   0.00000000    
          21           3   0.00000000    
          21           4   0.00000000    
          21           5   0.00000000    
          21           6   0.00000000    
          21           7   0.00000000    
          22           1   0.00000000    
          22           2   0.00000000    
          22           3   0.00000000    
          22           4   0.00000000    
          22           5   0.00000000    
          22           6   0.00000000    
          22           7   0.00000000    
          23           1   0.00000000    
          23           2   0.00000000    
          23           3   0.00000000    
          23           4   0.00000000    
          23           5   0.00000000    
          23           6   0.00000000    
          23           7   0.00000000    
          24           1   0.00000000    
          24           2   0.00000000    
          24           3   0.00000000    
          24           4   0.00000000    
          24           5   0.00000000    
          24           6   0.00000000    
          24           7   0.00000000    
          25           1   0.00000000    
          25           2   0.00000000    
          25           3   0.00000000    
          25           4   0.00000000    
          25           5   0.00000000    
          25           6   0.00000000    
          25           7   0.00000000    
          26           1   0.00000000    
          26           2   0.00000000    
          26           3   0.00000000    
          26           4   0.00000000    
          26           5   0.00000000    
          26           6   0.00000000    
          26           7   0.00000000    
          27           1   0.00000000    
          27           2   0.00000000    
          27           3   0.00000000    
          27           4   0.00000000    
          27           5   0.00000000    
          27           6   0.00000000    
          27           7   0.00000000    
          28           1   0.00000000    
          28           2   0.00000000    
          28           3   0.00000000    
          28           4   0.00000000    
          28           5   0.00000000    
          28           6   0.00000000    
          28           7   0.00000000    
          29           1   0.00000000    
          29           2   0.00000000    
          29           3   0.00000000    
          29           4   0.00000000    
          29           5   0.00000000    
          29           6   0.00000000    
          29           7   0.00000000    
          30           1   0.00000000    
          30           2   0.00000000    
          30           3   0.00000000    
          30           4   0.00000000    
          30           5   0.00000000    
          30           6   0.00000000    
          30           7   0.00000000    
