 Spectral energy distribution at the surface of the nebula: 
   viewPoints = 
    nu [Ryd]        lambda [um]         F(nu)*D^2            
                                        [Jy * pc^2]              
   1.00099996E-05   9103.57422       0.00000000    
   1.03387874E-05   8814.06836       0.00000000    
   1.06783791E-05   8533.76465       249322.891    
   1.10291239E-05   8262.37695       0.00000000    
   1.13913902E-05   7999.61816       0.00000000    
   1.17655554E-05   7745.21631       0.00000000    
   1.21520106E-05   7498.90527       0.00000000    
   1.25511588E-05   7260.42725       0.00000000    
   1.29634182E-05   7029.53271       0.00000000    
   1.33892190E-05   6805.98145       0.00000000    
   1.38290052E-05   6589.53955       0.00000000    
   1.42832369E-05   6379.98047       0.00000000    
   1.47523888E-05   6177.08594       0.00000000    
   1.52369503E-05   5980.64404       0.00000000    
   1.57374270E-05   5790.44922       0.00000000    
   1.62543438E-05   5606.30273       0.00000000    
   1.67882390E-05   5428.01270       0.00000000    
   1.73396711E-05   5255.39209       0.00000000    
   1.79092149E-05   5088.26172       0.00000000    
   1.84974670E-05   4926.44629       0.00000000    
   1.91050403E-05   4769.77637       0.00000000    
   1.97325699E-05   4618.08936       0.00000000    
   2.03807122E-05   4471.22607       0.00000000    
   2.10501439E-05   4329.03320       0.00000000    
   2.17415636E-05   4191.36230       0.00000000    
   2.24556934E-05   4058.06982       0.00000000    
   2.31932790E-05   3929.01636       0.00000000    
   2.39550936E-05   3804.06665       0.00000000    
   2.47419302E-05   3683.09082       215210.781    
   2.55546111E-05   3565.96216       0.00000000    
   2.63939855E-05   3452.55835       100870.148    
   2.72609304E-05   3342.76099       97662.2813    
   2.81563516E-05   3236.45532       0.00000000    
   2.90811840E-05   3133.53052       0.00000000    
   3.00363936E-05   3033.87866       0.00000000    
   3.10229771E-05   2937.39624       0.00000000    
   3.20419676E-05   2843.98193       0.00000000    
   3.30944276E-05   2753.53833       0.00000000    
   3.41814593E-05   2665.97095       0.00000000    
   3.53041942E-05   2581.18823       0.00000000    
   3.64638072E-05   2499.10205       0.00000000    
   3.76615062E-05   2419.62646       0.00000000    
   3.88985500E-05   2342.67798       0.00000000    
   4.01762227E-05   2268.17676       66267.2109    
   4.14958631E-05   2196.04492       64159.7461    
   4.28588501E-05   2126.20679       62119.4102    
   4.42666023E-05   2058.58984       0.00000000    
   4.57205970E-05   1993.12305       0.00000000    
   4.72223510E-05   1929.73816       56379.2891    
   4.87734324E-05   1868.36914       54586.3438    
   5.03754600E-05   1808.95166       0.00000000    
   5.20301073E-05   1751.42395       0.00000000    
   5.37391024E-05   1695.72571       0.00000000    
   5.55042352E-05   1641.79858       47966.8789    
   5.73273428E-05   1589.58655       0.00000000    
   5.92103352E-05   1539.03491       44964.5547    
   6.11551732E-05   1490.09106       43534.5820    
   6.31638977E-05   1442.70349       0.00000000    
   6.52386007E-05   1396.82300       40809.6836    
   6.73814429E-05   1352.40161       0.00000000    
   6.95946801E-05   1309.39282       0.00000000    
   7.18806041E-05   1267.75195       0.00000000    
   7.42416159E-05   1227.43518       0.00000000    
   7.66801822E-05   1188.40063       0.00000000    
   7.91988423E-05   1150.60742       33616.2266    
   8.18002300E-05   1114.01611       0.00000000    
   8.44870665E-05   1078.58850       0.00000000    
   8.72621531E-05   1044.28748       0.00000000    
   9.01283929E-05   1011.07733       0.00000000    
   9.30887836E-05   978.923279       0.00000000    
   9.61464029E-05   947.791809       55381.4883    
   9.93044596E-05   917.650391       26810.1250    
   1.02566242E-04   888.467529       0.00000000    
   1.05935105E-04   860.213196       50264.9453    
   1.09414621E-04   832.857361       0.00000000    
   1.13008427E-04   806.371521       0.00000000    
   1.16720272E-04   780.727905       0.00000000    
   1.20554039E-04   755.899780       22084.5742    
   1.24513797E-04   731.860840       0.00000000    
   1.28603613E-04   708.586426       20702.0938    
   1.32827772E-04   686.052124       20043.7363    
   1.37190669E-04   664.234497       19406.3281    
   1.41696873E-04   643.110718       37578.6563    
   1.46351013E-04   622.658997       36383.8984    
   1.51158019E-04   602.857666       17613.4277    
   1.56122915E-04   583.686096       17053.2891    
   1.61250893E-04   565.124146       16510.8359    
   1.66547383E-04   547.152222       0.00000000    
   1.72017768E-04   529.752075       0.00000000    
   1.77667913E-04   512.905090       14985.0801    
   1.83503638E-04   496.593842       43525.9414    
   1.89530954E-04   480.801544       0.00000000    
   1.95756249E-04   465.511444       27201.0293    
   2.02186115E-04   450.707397       13167.8916    
   2.08827187E-04   436.374084       12749.1367    
   2.15686377E-04   422.496674       24687.6035    
   2.22770759E-04   409.060760       0.00000000    
   2.30087826E-04   396.052124       0.00000000    
   2.37645232E-04   383.457184       0.00000000    
   2.45450879E-04   371.262787       10846.9248    
   2.53513019E-04   359.455994       21003.9570    
   2.61839858E-04   348.024841       30503.9609    
   2.70440330E-04   336.957031       0.00000000    
   2.79323285E-04   326.241241       28594.7227    
   2.88497860E-04   315.866394       18457.0391    
   2.97973806E-04   305.821442       17869.9336    
   3.07761133E-04   296.095795       0.00000000    
   3.17869766E-04   286.679596       0.00000000    
   3.28310445E-04   277.562836       8109.42090    
   3.39094055E-04   268.735992       7851.47021    
   3.50232032E-04   260.189728       15203.5693    
   3.61735671E-04   251.915375       22080.1055    
   3.73617338E-04   243.904037       21377.9316    
   3.85889085E-04   236.147583       13798.8359    
   3.98563890E-04   228.637802       26720.0313    
   4.11655026E-04   221.366852       12935.1465    
   4.25176142E-04   214.327118       6261.84277    
   4.39141615E-04   207.511139       12125.3115    
   4.53565794E-04   200.911926       23479.4180    
   4.68463753E-04   194.522568       0.00000000    
   4.83851065E-04   188.336411       5502.44482    
   4.99743794E-04   182.346985       21309.8359    
   5.16158529E-04   176.548035       0.00000000    
   5.33112441E-04   170.933502       34958.0586    
   5.50623168E-04   165.497528       9670.46289    
   5.68708812E-04   160.234497       0.00000000    
   5.87388466E-04   155.138855       13597.8662    
   6.06681686E-04   150.205246       4388.47656    
   6.26608613E-04   145.428543       21244.4160    
   6.47190376E-04   140.803665       12341.2979    
   6.68447814E-04   136.325943       11948.9141    
   6.90403511E-04   131.990601       7712.55176    
   7.13080692E-04   127.793076       11200.9346    
   7.36502348E-04   123.729103       18074.6836    
   7.60693336E-04   119.794365       6999.88916    
   7.85679324E-04   115.984695       3388.61450    
   8.11485981E-04   112.296181       6561.70166    
   8.38140317E-04   108.724960       3176.51563    
   8.65670096E-04   105.267326       12302.1006    
   8.94103665E-04   101.919701       17866.4512    
   9.23471176E-04   98.6785278       8649.06445    
   9.53803770E-04   95.5403824       16748.0273    
   9.85132181E-04   92.5020752       16215.5449    
   1.01748959E-03   89.5604019       2616.62402    
   1.05091033E-03   86.7122269       22800.7070    
   1.08542829E-03   83.9546738       12264.3203    
   1.12108001E-03   81.2848053       11874.2021    
   1.15790335E-03   78.6998138       9197.18848    
   1.19593623E-03   76.1970215       8904.70898    
   1.23521825E-03   73.7738266       4310.80127    
   1.27578992E-03   71.4277267       12521.2285    
   1.31769420E-03   69.1562347       10102.4492    
   1.36097556E-03   66.9569550       13693.6416    
   1.40567787E-03   64.8276367       7576.09473    
   1.45184912E-03   62.7660103       11002.7539    
   1.49953621E-03   60.7699738       21305.8711    
   1.54878956E-03   58.8374138       20628.3203    
   1.59966073E-03   56.9663124       9986.15039    
   1.65220280E-03   55.1547165       12891.3301    
   1.70647155E-03   53.4006996       9361.02637    
   1.76252192E-03   51.7024918       7552.77686    
   1.82041421E-03   50.0582619       8775.10840    
   1.88020710E-03   48.4663506       14160.0693    
   1.94196496E-03   46.9250336       13709.6563    
   2.00575124E-03   45.4327393       7964.27002    
   2.07163161E-03   43.9879227       16707.2832    
   2.13967590E-03   42.5890541       12443.0547    
   2.20995513E-03   41.2346725       13252.0742    
   2.28254288E-03   39.9233589       18662.5859    
   2.35751597E-03   38.6537247       16939.6348    
   2.43495172E-03   37.4244690       7653.76514    
   2.51493091E-03   36.2343063       14820.7256    
   2.59753712E-03   35.0819893       10249.5801    
   2.68285652E-03   33.9663239       19847.4316    
   2.77097686E-03   32.8861542       12490.6582    
   2.86199176E-03   31.8403339       17674.8691    
   2.95599760E-03   30.8277569       12609.4229    
   3.05308960E-03   29.8473969       13952.4795    
   3.15337232E-03   28.8981972       9287.20898    
   3.25694890E-03   27.9791851       12261.6270    
   3.36392759E-03   27.0893974       15037.5938    
   3.47441831E-03   26.2279224       12260.6299    
   3.58853815E-03   25.3938427       10386.8877    
   3.70640634E-03   24.5862885       12929.8770    
   3.82814603E-03   23.8044147       11127.7227    
   3.95388436E-03   23.0474052       10100.3916    
   4.08375496E-03   22.3144569       7171.34863    
   4.21789102E-03   21.6048203       10099.4150    
   4.35643084E-03   20.9177608       9167.16797    
   4.49952111E-03   20.2525501       10650.6826    
   4.64731362E-03   19.6084843       8593.31055    
   4.79995832E-03   18.9849091       13866.7100    
   4.95761912E-03   18.3811569       11814.6543    
   5.12045575E-03   17.7966137       14558.7578    
   5.28864097E-03   17.2306595       12585.5068    
   5.46235032E-03   16.6827049       10722.9512    
   5.64176822E-03   16.1521664       9910.04297    
   5.82707627E-03   15.6385069       11422.5781    
   6.01847097E-03   15.1411839       13271.1904    
   6.21615211E-03   14.6596756       13705.7559    
   6.42032642E-03   14.1934795       12106.7490    
   6.59999996E-03   13.8070869       9794.01074    
   6.63121045E-03   13.7421026       13823.4531    
   6.84902119E-03   13.3050804       17289.1797    
   6.89999992E-03   13.2067795       14536.5469    
   7.07398634E-03   12.8819551       14343.0566    
   7.19999988E-03   12.6564970       11852.0176    
   7.30634062E-03   12.4722862       14412.3330    
   7.54632708E-03   12.0756464       14112.1094    
   7.79419579E-03   11.6916199       11002.1748    
   7.99999945E-03   11.3908472       11429.3281    
   8.05020239E-03   11.3198118       10326.9854    
   8.29999987E-03   10.9791298       1952.77026    
   8.31462163E-03   10.9598217       14356.6875    
   8.58772639E-03   10.6112804       13871.6865    
   8.60000029E-03   10.5961361       10373.0938    
   8.86980072E-03   10.2738247       12882.6191    
   9.16113611E-03   9.94710445       13368.5059    
   9.46204085E-03   9.63077354       13095.6826    
   9.69999935E-03   9.39451313       9968.38477    
   9.77283344E-03   9.32449913       13769.3135    
   9.99999978E-03   9.11267757       2144.76318    
   1.00938324E-02   9.02796555       17785.3613    
   1.03000002E-02   8.84725952       13497.6172    
   1.04253748E-02   8.74086285       13981.0469    
   1.07678073E-02   8.46289063       13846.2539    
   1.11214863E-02   8.19375896       10293.8232    
   1.14867836E-02   7.93318462       12284.2500    
   1.18640782E-02   7.68089819       15762.3496    
   1.19999992E-02   7.59389830       15017.0654    
   1.22537659E-02   7.43663406       2294.88599    
   1.22999996E-02   7.40868092       17398.8730    
   1.26000000E-02   7.23228359       13527.6064    
   1.26562538E-02   7.20013809       14952.0234    
   1.30719617E-02   6.97116280       10387.2471    
   1.35013238E-02   6.74946976       10056.9287    
   1.39447879E-02   6.53482676       10118.9502    
   1.44028189E-02   6.32700968       13309.3350    
   1.48758944E-02   6.12580156       13237.0879    
   1.52999992E-02   5.95599890       9158.63184    
   1.53645081E-02   5.93099213       12048.1494    
   1.55999996E-02   5.84146023       9890.50391    
   1.58691723E-02   5.74237728       14916.8027    
   1.58999991E-02   5.73124409       10566.6191    
   1.63904112E-02   5.55976152       12045.8418    
   1.69287696E-02   5.38295317       11008.9043    
   1.74848139E-02   5.21176672       12333.7568    
   1.80591196E-02   5.04602528       11204.4053    
   1.86522901E-02   4.88555431       11276.2910    
   1.92649439E-02   4.73018646       10641.3008    
   1.98977198E-02   4.57975960       10717.9082    
   2.01000012E-02   4.53366995       12336.1240    
   2.04000007E-02   4.46699858       1525.58740    
   2.05512810E-02   4.43411636       14916.8027    
   2.07000002E-02   4.40225983       9434.14746    
   2.12263092E-02   4.29310513       12098.0166    
   2.19235104E-02   4.15657759       11901.1143    
   2.26436090E-02   4.02439260       11640.2256    
   2.33873613E-02   3.89641118       11042.3594    
   2.41555441E-02   3.77249932       13005.7686    
   2.49489583E-02   3.65252829       10031.0703    
   2.57684309E-02   3.53637266       12501.6924    
   2.66148224E-02   3.42391062       11003.7354    
   2.74890140E-02   3.31502533       9916.60059    
   2.74999999E-02   3.31370091       11622.5723    
   2.77999993E-02   3.27794170       15490.5303    
   2.80999988E-02   3.24294591       9595.65625    
   2.83919182E-02   3.20960259       13212.9316    
   2.93244794E-02   3.10753250       12256.7324    
   3.02876718E-02   3.00870848       10372.5879    
   3.12825032E-02   2.91302705       13021.4912    
   3.23100090E-02   2.82038832       9393.76074    
   3.33712623E-02   2.73069596       9334.36133    
   3.44673768E-02   2.64385581       10041.6768    
   3.55994925E-02   2.55977726       11816.3789    
   3.67687941E-02   2.47837257       10137.2363    
   3.79765034E-02   2.39955664       10305.6113    
   3.92238796E-02   2.32324743       8788.12207    
   3.96999978E-02   2.29538488       13084.1797    
   3.99999991E-02   2.27816939       11761.2510    
   4.03000005E-02   2.26121020       9744.39551    
   4.05122302E-02   2.24936461       11043.8818    
   4.18428965E-02   2.17783141       12916.5254    
   4.32172678E-02   2.10857320       9795.15625    
   4.46367823E-02   2.04151750       10199.3809    
   4.61029261E-02   1.97659421       10337.0176    
   4.76172231E-02   1.91373563       9560.99609    
   4.91812602E-02   1.85287595       9744.14844    
   5.07966690E-02   1.79395175       11688.0234    
   5.24651371E-02   1.73690152       10301.4111    
   5.41884080E-02   1.68166542       11939.1006    
   5.59682809E-02   1.62818611       10227.4619    
   5.78066185E-02   1.57640731       9717.98047    
   5.97053356E-02   1.52627528       9542.71777    
   6.16664179E-02   1.47773743       9245.18945    
   6.21999986E-02   1.46506071       8465.61133    
   6.25000000E-02   1.45802844       11761.3232    
   6.27999976E-02   1.45106339       10541.4688    
   6.36919141E-02   1.43074322       13843.4482    
   6.57839403E-02   1.38524354       11493.9697    
   6.79446831E-02   1.34119070       11206.8242    
   7.01763928E-02   1.29853892       12405.9180    
   7.24814087E-02   1.25724339       12011.3711    
   7.48621374E-02   1.21726120       10704.7354    
   7.73210600E-02   1.17855048       10674.2109    
   7.98607469E-02   1.14107084       10101.3857    
   8.24838579E-02   1.10478318       10006.0820    
   8.51931274E-02   1.06964934       9812.89258    
   8.79913792E-02   1.03563297       9652.11816    
   9.08815488E-02   1.00269830       10194.7178    
   9.38666463E-02  0.970811009       9700.33496    
   9.69497934E-02  0.939937770       9446.77051    
  0.100134209      0.910046399       9226.12207    
  0.103423215      0.881105602       9035.68652    
  0.106820256      0.853085160       8848.03516    
  0.110328875      0.825955808       8967.62500    
  0.110870004      0.821924508       3274.02466    
  0.111170001      0.819706500       14056.3057    
  0.111469999      0.817500472       15091.7832    
  0.113952741      0.799689174       15462.6885    
  0.115800001      0.786932409       13305.9746    
  0.116099998      0.784898996       16064.3545    
  0.116399996      0.782876074       15640.7021    
  0.117695637      0.774257898       15572.8027    
  0.121561475      0.749635339       16350.5576    
  0.122180000      0.745840371       15740.2891    
  0.122479998      0.744013548       15203.7617    
  0.122779995      0.742195606       14724.3320    
  0.125554278      0.725795865       13648.1006    
  0.129678249      0.702714384       12893.3105    
  0.133937657      0.680367112       12800.2266    
  0.137019992      0.665061891       11856.6445    
  0.137319997      0.663608909       11187.3926    
  0.137620002      0.662162304       13708.7617    
  0.138336971      0.658730447       13413.9355    
  0.142880797      0.637781799       11534.2412    
  0.147573858      0.617499411       11618.4707    
  0.152421072      0.597862065       11703.1318    
  0.157427505      0.578849137       11669.1865    
  0.162598372      0.560440898       11298.0938    
  0.167939082      0.542618036       10954.6592    
  0.173455209      0.525362015       10360.6807    
  0.179152533      0.508654654       9436.75977    
  0.185036972      0.492478728       9611.48047    
  0.191114709      0.476817161       9041.13086    
  0.197392061      0.461653709       9266.14453    
  0.203875616      0.446972400       9206.53125    
  0.210572109      0.432758033       8294.21973    
  0.217488572      0.418995678       8067.16992    
  0.224632204      0.405671030       8889.16797    
  0.232010484      0.392770082       8537.63281    
  0.239631101      0.380279422       8033.13721    
  0.247329995      0.368442059       7937.87598    
  0.247502029      0.368185967       8031.97607    
  0.247630000      0.367995709       8043.28076    
  0.247930005      0.367550403       7963.66211    
  0.249639988      0.365032762       7535.50830    
  0.249939993      0.364594609       29546.1992    
  0.250239998      0.364157498       31329.7500    
  0.255631477      0.356477141       29335.2852    
  0.264027953      0.345140636       25530.6406    
  0.266000003      0.342581868       24998.9395    
  0.266299993      0.342195928       25531.5000    
  0.266599983      0.341810882       26865.2480    
  0.272700250      0.334164619       26142.0215    
  0.281657368      0.323537678       23981.1387    
  0.290908694      0.313248724       22111.0098    
  0.291590005      0.312516809       22801.5254    
  0.291889995      0.312195599       22089.0469    
  0.292189986      0.311875075       22503.5234    
  0.300463885      0.303286940       20329.9785    
  0.310332924      0.293641984       19200.0859    
  0.320526123      0.284303725       18373.5254    
  0.331054121      0.275262475       16341.6113    
  0.341927946      0.266508698       16110.0283    
  0.353158921      0.258033335       15258.4668    
  0.364758790      0.249827489       14123.6260    
  0.376739651      0.241882622       13561.3936    
  0.389114052      0.234190404       13451.7119    
  0.401894897      0.226742804       12593.3125    
  0.415095568      0.219532028       12179.9990    
  0.428729802      0.212550595       12438.5020    
  0.442811877      0.205791175       15464.0264    
  0.457356483      0.199246705       31923.3184    
  0.472378820      0.192910373       32300.2148    
  0.487894595      0.186775535       33357.5156    
  0.503919959      0.180835813       33997.9414    
  0.520471692      0.175084978       34737.7305    
  0.537567139      0.169517010       35762.6523    
  0.555224061      0.164126128       36346.8359    
  0.573460996      0.158906668       38389.7930    
  0.592296898      0.153853208       38688.2891    
  0.611751497      0.148960441       41030.8516    
  0.631845117      0.144223273       41377.6484    
  0.652598739      0.139636755       42901.1992    
  0.674033999      0.135196105       43069.3281    
  0.696173370      0.130896673       44219.7656    
  0.719039917      0.126733959       43968.7305    
  0.742657542      0.122703627       40537.1523    
  0.761145711      0.119723164       42945.3789    
  0.761445701      0.119676001       49341.7695    
  0.761745691      0.119628869       43603.8867    
  0.767050862      0.118801475       45082.6875    
  0.792245448      0.115023412       46541.5000    
  0.818267584      0.111365497       48389.3398    
  0.827294469      0.110150352       48532.9727    
  0.827594459      0.110110424       37866.9219    
  0.827894449      0.110070519       51790.6875    
  0.845144451      0.107823901       50706.8164    
  0.872904062      0.104394950       52998.7031    
  0.901575506      0.101075031       53490.2813    
  0.931188703       9.78606939E-02   54883.7734    
  0.961774528       9.47485864E-02   53370.9961    
  0.993364990       9.17354375E-02   48902.6133    
  0.999134004       9.12057608E-02   52777.6758    
  0.999433994       9.11783800E-02   63398.4492    
  0.999733984       9.11510214E-02   71217.5938    
   1.00075114       9.10583735E-02   70299.6953    
   1.00105119       9.10310820E-02   65106.7695    
   1.00135124       9.10038054E-02   69192.5938    
   1.02599311       8.88181180E-02   64087.3789    
   1.05969286       8.59935731E-02   59253.6328    
   1.06763482       8.53538811E-02   57886.6602    
   1.06793487       8.53298977E-02   58223.2031    
   1.06823492       8.53059292E-02   60669.8750    
   1.09449959       8.32588449E-02   57939.6016    
   1.13044953       8.06110948E-02   57313.0547    
   1.15803826       7.86906406E-02   58425.0820    
   1.15833831       7.86702558E-02   61665.0117    
   1.15863836       7.86498860E-02   56967.4766    
   1.16758037       7.80475363E-02   58618.7891    
   1.20593071       7.55655169E-02   58210.5195    
   1.24554074       7.31624216E-02   59859.7969    
   1.28645182       7.08357468E-02   61711.7422    
   1.32870662       6.85830638E-02   64012.5195    
   1.37234938       6.64020255E-02   67164.1016    
   1.41742563       6.42903373E-02   76814.4609    
   1.46398246       6.22458085E-02   72590.9375    
   1.51206851       6.02663010E-02   75747.7969    
   1.56173396       5.83497435E-02   79394.4453    
   1.58433020       5.75175397E-02   79913.5156    
   1.58463025       5.75066470E-02   80594.5781    
   1.58493030       5.74957617E-02   80361.0234    
   1.61303079       5.64941317E-02   83249.5313    
   1.66601241       5.46975359E-02   86085.2266    
   1.71442270       5.31530380E-02   88639.1953    
   1.71472275       5.31437360E-02   95508.8359    
   1.71502280       5.31344377E-02   88440.6563    
   1.72073424       5.29580750E-02   91719.0547    
   1.77725351       5.12739308E-02   94643.9531    
   1.79159629       5.08634523E-02   92915.6250    
   1.79189634       5.08549362E-02   1147.25427    
   1.79219639       5.08464240E-02   97127.7734    
   1.80773997       5.04092276E-02   100854.352    
   1.80804002       5.04008606E-02   106981.414    
   1.80834007       5.03924973E-02   100539.867    
   1.83562922       4.96433452E-02   102360.336    
   1.89592242       4.80646119E-02   103483.531    
   1.95819592       4.65360880E-02   107278.180    
   2.02251482       4.50561717E-02   110234.578    
   2.03046679       4.48797159E-02   112274.852    
   2.03076673       4.48730886E-02   112188.633    
   2.03106666       4.48664613E-02   113058.328    
   2.08894634       4.36233208E-02   114523.344    
   2.15755987       4.22360338E-02   118757.391    
   2.17525935       4.18923721E-02   120456.586    
   2.17555928       4.18865979E-02   286.927551    
   2.17585921       4.18808237E-02   120503.367    
   2.22842717       4.08928655E-02   123419.633    
   2.30162215       3.95924114E-02   127421.227    
   2.37722135       3.83333154E-02   131635.531    
   2.45530367       3.71142589E-02   135715.078    
   2.53595066       3.59339714E-02   139182.953    
   2.55965710       3.56011651E-02   140002.063    
   2.55995703       3.55969928E-02   1434.63782    
   2.56025696       3.55928242E-02   140951.719    
   2.58097148       3.53071615E-02   143450.578    
   2.58127141       3.53030562E-02   573.855103    
   2.58157134       3.52989547E-02   143261.500    
   2.61924648       3.47912163E-02   143904.938    
   2.70527840       3.36848050E-02   148112.766    
   2.79413605       3.26135792E-02   152382.750    
   2.88591242       3.15764174E-02   155602.906    
   2.98070335       3.05722393E-02   157938.531    
   2.99403405       3.04361191E-02   153216.188    
   2.99433398       3.04330699E-02   0.00000000    
   2.99463391       3.04300208E-02   845658.313    
   3.01020336       3.02726310E-02   142917.141    
   3.01050329       3.02696154E-02   155228.078    
   3.01080322       3.02665997E-02   159954.750    
   3.07860780       2.95999944E-02   163152.359    
   3.17972803       2.86586694E-02   166242.172    
   3.28416944       2.77472809E-02   169829.781    
   3.39204121       2.68648788E-02   172706.516    
   3.47691989       2.62090527E-02   174585.531    
   3.47721982       2.62067914E-02   0.00000000    
   3.47751975       2.62045320E-02   176371.609    
   3.48720956       2.61317175E-02   172133.328    
   3.48750949       2.61294693E-02   165557.547    
   3.48780942       2.61272229E-02   173402.922    
   3.50345635       2.60105357E-02   175926.781    
   3.51954889       2.58916058E-02   175421.656    
   3.51984882       2.58894004E-02   177608.594    
   3.52014875       2.58871950E-02   176715.297    
   3.61853099       2.51833610E-02   176721.078    
   3.73738527       2.43824944E-02   174134.250    
   3.86014366       2.36070938E-02   143862.219    
   3.98693395       2.28563547E-02   83550.0313    
   3.99970007       2.27834024E-02   72725.3047    
   4.00000000       2.27816943E-02   30127.4023    
   4.00029993       2.27799863E-02   94306.8281    
   4.03771400       2.25689020E-02   83668.5234    
   4.03801394       2.25672256E-02   22954.2188    
   4.03831387       2.25655511E-02   82354.9531    
   4.11788893       2.21294891E-02   68340.3359    
   4.25314522       2.14257371E-02   58902.3711    
   4.39284420       2.07443684E-02   55584.0859    
   4.39565277       2.07311139E-02   387.587708    
   4.39595270       2.07296982E-02   53081.6484    
   4.39625263       2.07282845E-02   53922.9570    
   4.53713179       2.00846661E-02   51690.9414    
   4.66392231       1.95386559E-02   49770.5000    
   4.66422224       1.95374005E-02   286.927551    
   4.66452217       1.95361432E-02   49265.8633    
   4.68615818       1.94459446E-02   48911.3945    
   4.73962593       1.92265753E-02   48047.8516    
   4.73992586       1.92253590E-02   0.00000000    
   4.74022579       1.92241427E-02   48589.0898    
   4.84007978       1.88275352E-02   46467.9219    
   4.99905729       1.82287917E-02   44546.5664    
   5.16325665       1.76490881E-02   42471.6641    
   5.33284903       1.70878228E-02   40760.2969    
   5.34157991       1.70598924E-02   39165.5977    
   5.34187984       1.70589332E-02   0.00000000    
   5.34217978       1.70579758E-02   40087.9453    
   5.50801182       1.65444035E-02   39143.1328    
   5.51356649       1.65277366E-02   39658.7930    
   5.51386642       1.65268369E-02   0.00000000    
   5.51416636       1.65259391E-02   37708.7109    
   5.68892813       1.60182677E-02   37603.3789    
   5.68922853       1.60174221E-02   0.00000000    
   5.68952847       1.60165783E-02   0.00000000    
   5.68982840       1.60157327E-02   125.636909    
   5.69363832       1.60050169E-02   37104.9180    
   5.69393826       1.60041731E-02   286.927551    
   5.69423819       1.60033312E-02   36463.1836    
   5.87578678       1.55088631E-02   35341.7500    
   6.06878328       1.50156580E-02   33894.2148    
   6.26811838       1.45381391E-02   32705.4355    
   6.47125387       1.40817799E-02   31882.3418    
   6.47155380       1.40811279E-02   0.00000000    
   6.47185373       1.40804751E-02   29956.5176    
   6.47400141       1.40758036E-02   31195.2891    
   6.68664646       1.36281727E-02   30378.7422    
   6.68880939       1.36237657E-02   0.00000000    
   6.68910933       1.36231557E-02   0.00000000    
   6.68940926       1.36225447E-02   29633.3359    
   6.90627623       1.31947771E-02   28870.1523    
   7.13312006       1.27751632E-02   28206.1777    
   7.13788605       1.27666332E-02   27078.5078    
   7.13818598       1.27660967E-02   0.00000000    
   7.13848591       1.27655603E-02   27387.9648    
   7.19447994       1.26662077E-02   28026.9453    
   7.19477987       1.26656797E-02   0.00000000    
   7.19507980       1.26651516E-02   27311.3262    
   7.36741447       1.23688951E-02   26766.7930    
   7.60940504       1.19755454E-02   25623.3750    
   7.85934353       1.15947053E-02   24460.6621    
   8.11749172       1.12259770E-02   23516.6641    
   8.37119293       1.08857574E-02   22681.5957    
   8.37149334       1.08853662E-02   0.00000000    
   8.37179375       1.08849760E-02   21184.5781    
   8.38411903       1.08689740E-02   22192.2324    
   8.65950394       1.05233248E-02   21343.2363    
   8.94393444       1.01886671E-02   20216.6699    
   9.23770714       9.86465253E-03   19191.8008    
   9.27522564       9.82475001E-03   19127.7578    
   9.27552605       9.82443150E-03   0.00000000    
   9.27582645       9.82411392E-03   18428.3438    
   9.54112911       9.55094211E-03   17933.0215    
   9.85451698       9.24720895E-03   16816.1719    
   10.1498594       8.97813123E-03   16117.9570    
   10.1501598       8.97786580E-03   0.00000000    
   10.1504602       8.97760037E-03   15899.0000    
   10.1781979       8.95313453E-03   15555.4355    
   10.5125113       8.66841152E-03   14676.8389    
   10.8578053       8.39274377E-03   13452.2373    
   11.2144413       8.12584162E-03   12460.2578    
   11.5827904       7.86742847E-03   11489.4873    
   11.6051311       7.85228331E-03   0.00000000    
   11.6054316       7.85207935E-03   0.00000000    
   11.6057320       7.85187632E-03   11070.0488    
   11.9632397       7.61723239E-03   10302.4229    
   12.3561840       7.37499353E-03   9346.34082    
   12.7620354       7.14045763E-03   8309.73926    
   13.1812181       6.91338023E-03   7494.09814    
   13.6141682       6.69352477E-03   6676.15674    
   14.0613394       6.48066122E-03   5796.01416    
   14.5231991       6.27456605E-03   9654.99609    
   15.0002279       6.07502600E-03   0.00000000    
  
 Total energy radiated out of the nebula [e36 erg/s]:   2.55697346    
 dTheta:   0.314159274    
 dPhi:   0.314159274    
  
