   1.00099996E-05   9103.57422      -1.00000000       0.00000000    
   1.03387874E-05   8814.06836      -1.00000000       0.00000000    
   1.06783791E-05   8533.76465      -1.00000000       0.00000000    
   1.10291239E-05   8262.37695      -1.00000000       0.00000000    
   1.13913902E-05   7999.61816      -1.00000000       0.00000000    
   1.17655554E-05   7745.21631      -1.00000000       0.00000000    
   1.21520106E-05   7498.90527      -1.00000000       0.00000000    
   1.25511588E-05   7260.42725      -1.00000000       0.00000000    
   1.29634182E-05   7029.53271      -1.00000000       0.00000000    
   1.33892190E-05   6805.98145      -1.00000000       0.00000000    
   1.38290052E-05   6589.53955      -1.00000000       0.00000000    
   1.42832369E-05   6379.98047      -1.00000000       0.00000000    
   1.47523888E-05   6177.08594      -1.00000000       0.00000000    
   1.52369503E-05   5980.64404      -1.00000000       0.00000000    
   1.57374270E-05   5790.44922      -1.00000000       0.00000000    
   1.62543438E-05   5606.30273      -1.00000000       0.00000000    
   1.67882390E-05   5428.01270      -1.00000000       0.00000000    
   1.73396711E-05   5255.39209      -1.00000000       0.00000000    
   1.79092149E-05   5088.26172      -1.00000000       0.00000000    
   1.84974670E-05   4926.44629      -1.00000000       0.00000000    
   1.91050403E-05   4769.77637      -1.00000000       0.00000000    
   1.97325699E-05   4618.08936      -1.00000000       0.00000000    
   2.03807122E-05   4471.22607      -1.00000000       0.00000000    
   2.10501439E-05   4329.03320      -1.00000000       0.00000000    
   2.17415636E-05   4191.36230      -1.00000000       0.00000000    
   2.24556934E-05   4058.06982      -1.00000000       0.00000000    
   2.31932790E-05   3929.01636      -1.00000000       0.00000000    
   2.39550936E-05   3804.06665      -1.00000000       0.00000000    
   2.47419302E-05   3683.09082      -1.00000000       0.00000000    
   2.55546111E-05   3565.96216      -1.00000000       0.00000000    
   2.63939855E-05   3452.55835      -1.00000000       0.00000000    
   2.72609304E-05   3342.76099      -1.00000000       0.00000000    
   2.81563516E-05   3236.45532      -1.00000000       0.00000000    
   2.90811840E-05   3133.53052      -1.00000000       0.00000000    
   3.00363936E-05   3033.87866      -1.00000000       0.00000000    
   3.10229771E-05   2937.39624      -1.00000000       0.00000000    
   3.20419676E-05   2843.98193      -1.00000000       0.00000000    
   3.30944276E-05   2753.53833      -1.00000000       0.00000000    
   3.41814593E-05   2665.97095      -1.00000000       0.00000000    
   3.53041942E-05   2581.18823      -1.00000000       0.00000000    
   3.64638072E-05   2499.10205      -1.00000000       0.00000000    
   3.76615062E-05   2419.62646      -1.00000000       0.00000000    
   3.88985500E-05   2342.67798      -1.00000000       0.00000000    
   4.01762227E-05   2268.17676      -1.00000000       0.00000000    
   4.14958631E-05   2196.04492      -1.00000000       0.00000000    
   4.28588501E-05   2126.20679      -1.00000000       0.00000000    
   4.42666023E-05   2058.58984      -1.00000000       0.00000000    
   4.57205970E-05   1993.12305      -1.00000000       0.00000000    
   4.72223510E-05   1929.73816      -1.00000000       0.00000000    
   4.87734324E-05   1868.36914      -1.00000000       0.00000000    
   5.03754600E-05   1808.95166      -1.00000000       0.00000000    
   5.20301073E-05   1751.42395      -1.00000000       0.00000000    
   5.37391024E-05   1695.72571      -1.00000000       0.00000000    
   5.55042352E-05   1641.79858      -1.00000000       0.00000000    
   5.73273428E-05   1589.58655      -1.00000000       0.00000000    
   5.92103352E-05   1539.03491      -1.00000000       306425.094    
   6.11551732E-05   1490.09106      -1.00000000       296680.094    
   6.31638977E-05   1442.70349      -1.00000000       0.00000000    
   6.52386007E-05   1396.82300      -1.00000000       0.00000000    
   6.73814429E-05   1352.40161      -1.00000000       0.00000000    
   6.95946801E-05   1309.39282      -1.00000000       260702.672    
   7.18806041E-05   1267.75195      -1.00000000       0.00000000    
   7.42416159E-05   1227.43518      -1.00000000       0.00000000    
   7.66801822E-05   1188.40063      -1.00000000       0.00000000    
   7.91988423E-05   1150.60742      -1.00000000       0.00000000    
   8.18002300E-05   1114.01611      -1.00000000       0.00000000    
   8.44870665E-05   1078.58850      -1.00000000       0.00000000    
   8.72621531E-05   1044.28748      -1.00000000       0.00000000    
   9.01283929E-05   1011.07733      -1.00000000       201307.313    
   9.30887836E-05   978.923279      -1.00000000       389811.031    
   9.61464029E-05   947.791809      -1.00000000       0.00000000    
   9.93044596E-05   917.650391      -1.00000000       0.00000000    
   1.02566242E-04   888.467529      -1.00000000       0.00000000    
   1.05935105E-04   860.213196      -1.00000000       0.00000000    
   1.09414621E-04   832.857361      -1.00000000       0.00000000    
   1.13008427E-04   806.371521      -1.00000000       0.00000000    
   1.16720272E-04   780.727905      -1.00000000       0.00000000    
   1.20554039E-04   755.899780      -1.00000000       0.00000000    
   1.24513797E-04   731.860840      -1.00000000       0.00000000    
   1.28603613E-04   708.586426      -1.00000000       0.00000000    
   1.32827772E-04   686.052124      -1.00000000       0.00000000    
   1.37190669E-04   664.234497      -1.00000000       0.00000000    
   1.41696873E-04   643.110718      -1.00000000       0.00000000    
   1.46351013E-04   622.658997      -1.00000000       0.00000000    
   1.51158019E-04   602.857666      -1.00000000       0.00000000    
   1.56122915E-04   583.686096      -1.00000000       0.00000000    
   1.61250893E-04   565.124146      -1.00000000       0.00000000    
   1.66547383E-04   547.152222      -1.00000000       0.00000000    
   1.72017768E-04   529.752075      -1.00000000       105475.492    
   1.77667913E-04   512.905090      -1.00000000       0.00000000    
   1.83503638E-04   496.593842      -1.00000000       0.00000000    
   1.89530954E-04   480.801544      -1.00000000       0.00000000    
   1.95756249E-04   465.511444      -1.00000000       0.00000000    
   2.02186115E-04   450.707397      -1.00000000       0.00000000    
   2.08827187E-04   436.374084       1.38629436       86883.0000    
   2.15686377E-04   422.496674      -1.00000000       0.00000000    
   2.22770759E-04   409.060760      -1.00000000       0.00000000    
   2.30087826E-04   396.052124       2.07944155       78856.1250    
   2.37645232E-04   383.457184      -1.00000000       0.00000000    
   2.45450879E-04   371.262787      -1.00000000       0.00000000    
   2.53513019E-04   359.455994      -1.00000000       0.00000000    
   2.61839858E-04   348.024841       2.07944155       69292.9453    
   2.70440330E-04   336.957031      -1.00000000       0.00000000    
   2.79323285E-04   326.241241      -1.00000000       0.00000000    
   2.88497860E-04   315.866394      0.470003575       62890.6484    
   2.97973806E-04   305.821442      -1.00000000       0.00000000    
   3.07761133E-04   296.095795       2.07944155       58953.8438    
   3.17869766E-04   286.679596      -1.00000000       0.00000000    
   3.28310445E-04   277.562836      -1.00000000       0.00000000    
   3.39094055E-04   268.735992      -1.00000000       0.00000000    
   3.50232032E-04   260.189728      -1.00000000       0.00000000    
   3.61735671E-04   251.915375      -1.00000000       0.00000000    
   3.73617338E-04   243.904037       2.07944155       48562.2148    
   3.85889085E-04   236.147583      -1.00000000       0.00000000    
   3.98563890E-04   228.637802       1.38629436       91046.0313    
   4.11655026E-04   221.366852      -1.00000000       0.00000000    
   4.25176142E-04   214.327118      -1.00000000       0.00000000    
   4.39141615E-04   207.511139       2.07944155       82631.7500    
   4.53565794E-04   200.911926      -1.00000000       0.00000000    
   4.68463753E-04   194.522568      0.470003635       38729.8281    
   4.83851065E-04   188.336411      -1.00000000       0.00000000    
   4.99743794E-04   182.346985      -1.00000000       0.00000000    
   5.16158529E-04   176.548035      0.470003635       35151.0586    
   5.33112441E-04   170.933502       1.38629436       34033.2383    
   5.50623168E-04   165.497528      -1.00000000       0.00000000    
   5.68708812E-04   160.234497      -1.00000000       0.00000000    
   5.87388466E-04   155.138855      -1.00000000       0.00000000    
   6.06681686E-04   150.205246      -1.00000000       0.00000000    
   6.26608613E-04   145.428543      0.980829358       28955.3516    
   6.47190376E-04   140.803665      -1.00000000       0.00000000    
   6.68447814E-04   136.325943       1.38629436       27143.2129    
   6.90403511E-04   131.990601       2.07944155       26279.8047    
   7.13080692E-04   127.793076      -1.00000000       0.00000000    
   7.36502348E-04   123.729103      -1.00000000       0.00000000    
   7.60693336E-04   119.794365      0.693147182       23851.4746    
   7.85679324E-04   115.984695      -1.00000000       0.00000000    
   8.11485981E-04   112.296181      -1.00000000       0.00000000    
   8.38140317E-04   108.724960      0.133531332       21647.3652    
   8.65670096E-04   105.267326      -1.00000000       0.00000000    
   8.94103665E-04   101.919701      0.470003635       20292.7578    
   9.23471176E-04   98.6785278      -1.00000000       0.00000000    
   9.53803770E-04   95.5403824       1.38629436       19022.4492    
   9.85132181E-04   92.5020752      0.133531332       18417.6543    
   1.01748959E-03   89.5604019       1.16315079       35663.6172    
   1.05091033E-03   86.7122269       0.00000000       17264.7305    
   1.08542829E-03   83.9546738      0.875468791       50147.4375    
   1.12108001E-03   81.2848053      0.287682027       16184.0967    
   1.15790335E-03   78.6998138       2.48490667       47007.8516    
   1.19593623E-03   76.1970215       1.23214352       45512.9531    
   1.23521825E-03   73.7738266      0.133531436       14688.6553    
   1.27578992E-03   71.4277267       1.23214364       42664.9219    
   1.31769420E-03   69.1562347     -0.405465066       13769.2627    
   1.36097556E-03   66.9569550      -1.00000000       0.00000000    
   1.40567787E-03   64.8276367      -1.00000000       0.00000000    
   1.45184912E-03   62.7660103       1.09861219       37490.8594    
   1.49953621E-03   60.7699738      0.470003575       12099.6289    
   1.54878956E-03   58.8374138      -1.00000000       0.00000000    
   1.59966073E-03   56.9663124      -1.00000000       0.00000000    
   1.65220280E-03   55.1547165       1.92529082       65889.0156    
   1.70647155E-03   53.4006996      -1.00000000       0.00000000    
   1.76252192E-03   51.7024918      0.287682116       20588.3086    
   1.82041421E-03   50.0582619      0.780158579       29900.3652    
   1.88020710E-03   48.4663506       1.09861219       28949.4707    
   1.94196496E-03   46.9250336     -0.117782958       9342.87598    
   2.00575124E-03   45.4327393     -0.117783025       9045.83691    
   2.07163161E-03   43.9879227       1.51982570       35032.9336    
   2.13967590E-03   42.5890541       1.67397642       50878.2578    
   2.20995513E-03   41.2346725       1.06784070       32840.1523    
   2.28254288E-03   39.9233589       1.62745655       55642.1563    
   2.35751597E-03   38.6537247      0.980829358       38480.1602    
   2.43495172E-03   37.4244690      0.575364232       29805.1348    
   2.51493091E-03   36.2343063      0.798507869       36071.6055    
   2.59753712E-03   35.0819893      0.133531436       13969.7969    
   2.68285652E-03   33.9663239      0.207639396       13525.6582    
   2.77097686E-03   32.8861542      0.757685840       26191.2363    
   2.86199176E-03   31.8403339      0.233614907       19018.5703    
   2.95599760E-03   30.8277569       1.19209282E-07   12275.8408    
   3.05308960E-03   29.8473969      0.826678634       23770.8926    
   3.15337232E-03   28.8981972     -0.864997268       5753.69092    
   3.25694890E-03   27.9791851      0.233614907       16712.1426    
   3.36392759E-03   27.0893974     -0.271933526       10787.2031    
   3.47441831E-03   26.2279224     -0.916290641       5222.12012    
   3.58853815E-03   25.3938427       1.12393022       25280.2559    
   3.70640634E-03   24.5862885      0.744440615       24476.3105    
   3.82814603E-03   23.8044147     -0.223143607       14218.7568    
   3.95388436E-03   23.0474052       1.43758786       45888.1953    
   4.08375496E-03   22.3144569      0.980829477       31099.9863    
   4.21789102E-03   21.6048203       1.25846100       47317.6250    
   4.35643084E-03   20.9177608      0.934309423       29153.8594    
   4.49952111E-03   20.2525501      0.133531541       12097.0723    
   4.64731362E-03   19.6084843     -0.661398649       7808.24268    
   4.79995832E-03   18.9849091      0.470003873       18899.8164    
   4.95761912E-03   18.3811569      0.693147302       25618.3125    
   5.12045575E-03   17.7966137      0.603534818       28347.2129    
   5.28864097E-03   17.2306595       6.45384640E-02   13722.8662    
   5.46235032E-03   16.6827049      0.510825813       16607.9414    
   5.64176822E-03   16.1521664       1.03347266       41807.4492    
   5.82707627E-03   15.6385069      0.744440079       31137.1035    
   6.01847097E-03   15.1411839       1.14788318       39190.9766    
   6.21615211E-03   14.6596756      0.620826006       29188.1895    
   6.42032642E-03   14.1934795      0.909370363       27501.7539    
   6.59999996E-03   13.8070869      0.133531645       22248.1211    
   6.63121045E-03   13.7421026       1.38629448       28261.2871    
   6.84902119E-03   13.3050804     -0.223143607       13091.3975    
   6.89999992E-03   13.2067795      0.926762164       31283.3340    
   7.07398634E-03   12.8819551       1.02961957       27368.6836    
   7.19999988E-03   12.6564970     -0.117782958       10096.1631    
   7.30634062E-03   12.4722862      0.521297097       13547.2275    
   7.54632708E-03   12.0756464      0.113328055       16830.0000    
   7.79419579E-03   11.6916199      0.847297311       36196.1758    
   7.99999945E-03   11.3908472      0.613104522       13745.0742    
   8.05020239E-03   11.3198118       1.13498008       27368.6406    
   8.29999987E-03   10.9791298      -1.00000000       0.00000000    
   8.31462163E-03   10.9598217      0.980829477       32612.7285    
   8.58772639E-03   10.6112804      0.980829358       24660.7793    
   8.60000029E-03   10.5961361       1.38629448       45741.0508    
   8.86980072E-03   10.2738247      0.627188623       22993.3184    
   9.16113611E-03   9.94710445      0.619038641       25746.7559    
   9.46204085E-03   9.63077354      0.815748930       28297.0898    
   9.69999935E-03   9.39451313      0.693147302       22644.2344    
   9.77283344E-03   9.32449913      0.597837210       19549.0293    
   9.99999978E-03   9.11267757      0.470003635       3654.04102    
   1.00938324E-02   9.02796555      0.182321593       11729.4160    
   1.03000002E-02   8.84725952       3.17486674E-02   14151.3506    
   1.04253748E-02   8.74086285      -8.96123499E-02   10029.2920    
   1.07678073E-02   8.46289063      0.999520898       30329.8809    
   1.11214863E-02   8.19375896      0.607624531       22839.7012    
   1.14867836E-02   7.93318462      0.513805628       22113.3633    
   1.18640782E-02   7.68089819      0.885519028       22854.7891    
   1.19999992E-02   7.59389830      0.315852791       18059.7441    
   1.22537659E-02   7.43663406      -1.00000000       0.00000000    
   1.22999996E-02   7.40868092       1.23214364       40652.6094    
   1.26000000E-02   7.23228359       1.29928303       36216.7695    
   1.26562538E-02   7.20013809      0.207639113       14911.5078    
   1.30719617E-02   6.97116280      0.791586518       22207.7363    
   1.35013238E-02   6.74946976       1.20019150       29564.5898    
   1.39447879E-02   6.53482676      0.644356191       19516.6309    
   1.44028189E-02   6.32700968      0.798506975       25194.6094    
   1.48758944E-02   6.12580156      0.738266885       22225.2266    
   1.52999992E-02   5.95599890       1.00899982       28806.6367    
   1.53645081E-02   5.93099213      0.553385496       19549.0293    
   1.55999996E-02   5.84146023      0.207639113       13945.2354    
   1.58691723E-02   5.74237728     -0.362905294       7819.63574    
   1.58999991E-02   5.73124409      0.538995802       27003.5859    
   1.63904112E-02   5.55976152      0.860200226       29643.6563    
   1.69287696E-02   5.38295317      0.637883484       23578.8418    
   1.74848139E-02   5.21176672      0.920930266       28017.4004    
   1.80591196E-02   5.04602528       1.19594002       31145.1719    
   1.86522901E-02   4.88555431      0.879475832       24318.2852    
   1.92649439E-02   4.73018646      0.555362523       20719.5547    
   1.98977198E-02   4.57975960      0.896745503       26687.8926    
   2.01000012E-02   4.53366995      0.718464673       23352.3379    
   2.04000007E-02   4.46699858      0.980829298       2599.14868    
   2.05512810E-02   4.43411636      0.889857650       27368.7246    
   2.07000002E-02   4.40225983      0.813774765       19113.8320    
   2.12263092E-02   4.29310513      0.510824680       19173.4121    
   2.19235104E-02   4.15657759      0.625487626       20689.7520    
   2.26436090E-02   4.02439260      0.503904581       19230.5352    
   2.33873613E-02   3.89641118      0.296491981       14739.9980    
   2.41555441E-02   3.77249932      0.501256108       19529.0605    
   2.49489583E-02   3.65252829      0.766053677       23271.4355    
   2.57684309E-02   3.53637266      0.461704433       16898.5176    
   2.66148224E-02   3.42391062      0.893817365       22496.5254    
   2.74890140E-02   3.31502533      0.318453223       14576.0352    
   2.74999999E-02   3.31370091      0.798507929       18858.4980    
   2.77999993E-02   3.27794170      0.344840080       17594.1816    
   2.80999988E-02   3.24294591      0.364642650       17834.3535    
   2.83919182E-02   3.20960259      0.864417911       25863.5918    
   2.93244794E-02   3.10753250      0.575364709       19799.0859    
   3.02876718E-02   3.00870848      0.775734663       24560.8320    
   3.12825032E-02   2.91302705      0.805477083       23199.7637    
   3.23100090E-02   2.82038832      0.679354489       20215.8164    
   3.33712623E-02   2.73069596      0.912310481       25553.5293    
   3.44673768E-02   2.64385581      0.895174444       21582.4609    
   3.55994925E-02   2.55977726      0.693147779       18857.4727    
   3.67687941E-02   2.47837257      0.757686436       19738.1289    
   3.79765034E-02   2.39955664      0.832909942       21977.0000    
   3.92238796E-02   2.32324743      0.764605343       19736.2734    
   3.96999978E-02   2.29538488      0.675446987       21158.0879    
   3.99999991E-02   2.27816939      0.875468493       23458.7578    
   4.03000005E-02   2.26121020       1.24319327       29768.3223    
   4.05122302E-02   2.24936461      0.773907661       22046.4336    
   4.18428965E-02   2.17783141      0.763766229       23848.8027    
   4.32172678E-02   2.10857320      0.715722680       23510.2109    
   4.46367823E-02   2.04151750      0.712951422       20730.1523    
   4.61029261E-02   1.97659421      0.895991921       25187.0117    
   4.76172231E-02   1.91373563       1.00528216       26291.2051    
   4.91812602E-02   1.85287595      0.869851589       26192.9316    
   5.07966690E-02   1.79395175      0.613105774       19287.8633    
   5.24651371E-02   1.73690152      0.588268578       17982.8301    
   5.41884080E-02   1.68166542      0.454130948       16741.2988    
   5.59682809E-02   1.62818611      0.361245543       15236.3604    
   5.78066185E-02   1.57640731      0.971981168       23540.1387    
   5.97053356E-02   1.52627528      0.581229866       17321.5703    
   6.16664179E-02   1.47773743       1.01616919       22568.7012    
   6.21999986E-02   1.46506071       1.16315067       22513.7910    
   6.25000000E-02   1.45802844      0.735706210       23458.9043    
   6.27999976E-02   1.45106339      0.597836316       24602.0918    
   6.36919141E-02   1.43074322      0.880964100       28695.2207    
   6.57839403E-02   1.38524354      0.799111605       25374.2539    
   6.79446831E-02   1.34119070      0.876500487       25902.5098    
   7.01763928E-02   1.29853892       1.01637435       27147.1348    
   7.24814087E-02   1.25724339      0.845616102       24781.8555    
   7.48621374E-02   1.21726120      0.728719234       22539.5977    
   7.73210600E-02   1.17855048      0.791587591       22526.7891    
   7.98607469E-02   1.14107084      0.853267610       22264.7695    
   8.24838579E-02   1.10478318      0.650587559       20236.8926    
   8.51931274E-02   1.06964934      0.808457911       21510.0977    
   8.79913792E-02   1.03563297      0.891383171       23506.6152    
   9.08815488E-02   1.00269830      0.649183929       17768.0430    
   9.38666463E-02  0.970811009      0.767610788       20875.5469    
   9.69497934E-02  0.939937770      0.590289295       16843.0605    
  0.100134209      0.910046399      0.700385034       18844.1563    
  0.103423215      0.881105602      0.472304702       15262.5498    
  0.106820256      0.853085160      0.481699675       14607.3184    
  0.110328875      0.825955808      0.747898698       17667.6582    
  0.110870004      0.821924508      0.287682116       4183.47607    
  0.111170001      0.819706500       1.28093302       52782.8594    
  0.111469999      0.817500472       1.11985409       47630.2578    
  0.113952741      0.799689174      0.817056060       36028.0117    
  0.115800001      0.786932409       1.05727243       42061.4102    
  0.116099998      0.784898996       1.46507478       64512.4023    
  0.116399996      0.782876074       1.37982297       56602.2109    
  0.117695637      0.774257898       1.08598924       42495.6055    
  0.121561475      0.749635339       1.18006575       40542.2188    
  0.122180000      0.745840371       1.10218954       44694.6328    
  0.122479998      0.744013548      0.958849847       29323.8125    
  0.122779995      0.742195606       1.02911448       37771.9063    
  0.125554278      0.725795865      0.830421686       32476.6172    
  0.129678249      0.702714384      0.896677494       33998.8672    
  0.133937657      0.680367112       1.06488264       34349.1602    
  0.137019992      0.665061891      0.886642694       28089.5605    
  0.137319997      0.663608909       1.18562317       35187.6992    
  0.137620002      0.662162304      0.855665267       28834.1348    
  0.138336971      0.658730447       1.08738363       34558.6680    
  0.142880797      0.637781799      0.910140991       28317.5820    
  0.147573858      0.617499411      0.900425315       26433.4707    
  0.152421072      0.597862065      0.799573541       24759.5703    
  0.157427505      0.578849137      0.646798313       22473.9082    
  0.162598372      0.560440898      0.682121217       22651.9102    
  0.167939082      0.542618036      0.549249709       18150.2520    
  0.173455209      0.525362015      0.617540717       19978.8633    
  0.179152533      0.508654654      0.606012166       17520.5625    
  0.185036972      0.492478728      0.662858248       18336.1465    
  0.191114709      0.476817161      0.597311080       16518.8594    
  0.197392061      0.461653709      0.613548040       15809.6973    
  0.203875616      0.446972400      0.680139363       16997.8125    
  0.210572109      0.432758033      0.608585536       16112.6045    
  0.217488572      0.418995678      0.684116960       16100.7363    
  0.224632204      0.405671030      0.676768899       17123.3438    
  0.232010484      0.392770082      0.640272260       15483.9736    
  0.239631101      0.380279422      0.669018745       16461.5371    
  0.247329995      0.368442059      0.786673069       16690.4941    
  0.247502029      0.368185967      -1.00000000       0.00000000    
  0.247630000      0.367995709       1.32566988       21925.3906    
  0.247930005      0.367550403      0.729514003       16339.6084    
  0.249639988      0.365032762      0.634877324       14588.9336    
  0.249939993      0.364594609       1.17151904       93833.9063    
  0.250239998      0.364157498       1.17795479       100982.969    
  0.255631477      0.356477141       1.27094924       104720.977    
  0.264027953      0.345140636       1.24212074       91179.1641    
  0.266000003      0.342581868       1.01911020       73307.6172    
  0.266299993      0.342195928       1.05779064       87973.6641    
  0.266599983      0.341810882       1.19250906       87417.5000    
  0.272700250      0.334164619       1.12340105       79533.8281    
  0.281657368      0.323537678       1.05303454       70279.3594    
  0.290908694      0.313248724      0.947708964       57273.6172    
  0.291590005      0.312516809       1.13845849       57374.1484    
  0.291889995      0.312195599       1.01719606       54739.1445    
  0.292189986      0.311875075       1.03316474       59920.2344    
  0.300463885      0.303286940      0.927692533       51332.2617    
  0.310332924      0.293641984      0.888017058       45486.0039    
  0.320526123      0.284303725      0.856459558       42171.4844    
  0.331054121      0.275262475      0.763803780       37158.3594    
  0.341927946      0.266508698      0.826252222       35339.8906    
  0.353158921      0.258033335      0.673867285       29027.1250    
  0.364758790      0.249827489      0.733147085       29496.8145    
  0.376739651      0.241882622      0.780015290       29955.4043    
  0.389114052      0.234190404      0.794491529       28303.3535    
  0.401894897      0.226742804      0.757133842       27132.3652    
  0.415095568      0.219532028      0.757247329       26400.6445    
  0.428729802      0.212550595      0.763926983       25857.3145    
  0.442811877      0.205791175      0.523239017       25608.6465    
  0.457356483      0.199246705      0.436637640       39750.0078    
  0.472378820      0.192910373      0.415753335       41059.2852    
  0.487894595      0.186775535      0.451389104       43137.6172    
  0.503919959      0.180835813      0.456310034       42809.9766    
  0.520471692      0.175084978      0.404904753       42389.7109    
  0.537567139      0.169517010      0.475065708       45530.5938    
  0.555224061      0.164126128      0.492889225       45945.3008    
  0.573460996      0.158906668      0.465566456       48249.1992    
  0.592296898      0.153853208      0.473501593       49318.6406    
  0.611751497      0.148960441      0.433125079       49559.3789    
  0.631845117      0.144223273      0.412692726       49447.7852    
  0.652598739      0.139636755      0.393036693       48570.3789    
  0.674033999      0.135196105      0.345156342       46675.8164    
  0.696173370      0.130896673      0.322341591       45139.3516    
  0.719039917      0.126733959      0.250762969       41836.6367    
  0.742657542      0.122703627       6.52431846E-02   31589.9492    
  0.761145711      0.119723164      -4.22227755E-02   28218.2813    
  0.761445701      0.119676001      0.271152318       39099.3906    
  0.761745691      0.119628869      0.106838867       35365.1875    
  0.767050862      0.118801475       1.47394286E-02   30612.2148    
  0.792245448      0.115023412       7.02690929E-02   34237.9727    
  0.818267584      0.111365497       3.27353403E-02   34168.6563    
  0.827294469      0.110150352      0.112578027       39865.7383    
  0.827594459      0.110110424     -0.143591657       33234.4805    
  0.827894449      0.110070519       3.36664021E-02   36357.9219    
  0.845144451      0.107823901       5.00959903E-03   35597.8750    
  0.872904062      0.104394950       6.95994794E-02   39928.8438    
  0.901575506      0.101075031       4.24516387E-02   41395.7930    
  0.931188703       9.78606939E-02   1.70439035E-02   42047.2344    
  0.961774528       9.47485864E-02   2.53641536E-03   43275.5820    
  0.993364990       9.17354375E-02   2.06590295E-02   45398.9883    
  0.999134004       9.12057608E-02  -2.35299598E-02   44644.9023    
  0.999433994       9.11783800E-02   2.48490763       738979.000    
  0.999733984       9.11510214E-02   2.41058111       732899.438    
   1.00075114       9.10583735E-02   2.42672968       728413.938    
   1.00105119       9.10310820E-02   2.47343373       762286.875    
   1.00135124       9.10038054E-02   2.39121151       699147.063    
   1.02599311       8.88181180E-02   1.97537839       430460.594    
   1.05969286       8.59935731E-02   1.43830752       231369.031    
   1.06763482       8.53538811E-02   1.33089924       207349.063    
   1.06793487       8.53298977E-02   1.40464401       215003.938    
   1.06823492       8.53059292E-02   1.27112651       196398.781    
   1.09449959       8.32588449E-02  0.928657234       136063.234    
   1.13044953       8.06110948E-02  0.625343204       95107.0313    
   1.15803826       7.86906406E-02  0.398442835       78480.1875    
   1.15833831       7.86702558E-02  0.492992699       86001.5781    
   1.15863836       7.86498860E-02  0.341656625       74498.3047    
   1.16758037       7.80475363E-02  0.396115661       77307.1172    
   1.20593071       7.55655169E-02  0.236313760       68289.7813    
   1.24554074       7.31624216E-02  0.187882423       65855.6641    
   1.28645182       7.08357468E-02  0.166481435       67681.8828    
   1.32870662       6.85830638E-02  0.192366511       72015.3906    
   1.37234938       6.64020255E-02  0.161649600       72197.3125    
   1.41742563       6.42903373E-02   1.15503812       230148.328    
   1.46398246       6.22458085E-02  0.147939429       78460.0469    
   1.51206851       6.02663010E-02  0.137165695       79096.5469    
   1.56173396       5.83497435E-02  0.165720567       87227.7188    
   1.58433020       5.75175397E-02  0.156080082       82580.8125    
   1.58463025       5.75066470E-02  0.210989997       89910.7266    
   1.58493030       5.74957617E-02  0.118110411       87349.1953    
   1.61303079       5.64941317E-02  0.166161761       91828.1563    
   1.66601241       5.46975359E-02  0.123119622       91285.9297    
   1.71442270       5.31530380E-02  0.115183443       93548.6094    
   1.71472275       5.31437360E-02  0.232676759       109456.539    
   1.71502280       5.31344377E-02  0.179254904       101070.594    
   1.72073424       5.29580750E-02  0.134782568       94050.5391    
   1.77725351       5.12739308E-02  0.153053150       93949.2344    
   1.79159629       5.08634523E-02  0.116646990       96124.6875    
   1.79189634       5.08549362E-02  -1.00000000       0.00000000    
   1.79219639       5.08464240E-02  0.164430007       102831.602    
   1.80773997       5.04092276E-02  0.834258556       194335.172    
   1.80804002       5.04008606E-02  0.837729514       203276.484    
   1.80834007       5.03924973E-02  0.778346360       196630.078    
   1.83562922       4.96433452E-02  0.560064614       157052.125    
   1.89592242       4.80646119E-02  0.247437581       119148.938    
   1.95819592       4.65360880E-02  0.159086883       113489.586    
   2.02251482       4.50561717E-02  0.139426634       115034.234    
   2.03046679       4.48797159E-02  0.127496988       116841.133    
   2.03076673       4.48730886E-02  0.182323381       123187.570    
   2.03106666       4.48664613E-02  0.105093703       111264.008    
   2.08894634       4.36233208E-02  0.119466655       118392.414    
   2.15755987       4.22360338E-02  0.113312088       119642.719    
   2.17525935       4.18923721E-02   6.98308498E-02   105243.055    
   2.17555928       4.18865979E-02  -1.00000000       0.00000000    
   2.17585921       4.18808237E-02   9.76305678E-02   118782.234    
   2.22842717       4.08928655E-02  0.103675894       120880.227    
   2.30162215       3.95924114E-02  0.106429227       124269.227    
   2.37722135       3.83333154E-02   9.83368903E-02   124172.164    
   2.45530367       3.71142589E-02  0.103700615       135063.984    
   2.53595066       3.59339714E-02   7.07804486E-02   134899.453    
   2.55965710       3.56011651E-02   8.84849876E-02   140616.094    
   2.55995703       3.55969928E-02  -1.00000000       0.00000000    
   2.56025696       3.55928242E-02  0.153736740       127873.594    
   2.58097148       3.53071615E-02   7.21779764E-02   132896.828    
   2.58127141       3.53030562E-02  -1.00000000       0.00000000    
   2.58157134       3.52989547E-02  0.117538333       145104.313    
   2.61924648       3.47912163E-02   9.11629945E-02   143382.172    
   2.70527840       3.36848050E-02   9.10337046E-02   150656.000    
   2.79413605       3.26135792E-02   9.59952027E-02   156256.125    
   2.88591242       3.15764174E-02   8.26800987E-02   153990.641    
   2.98070335       3.05722393E-02   7.83692971E-02   162997.844    
   2.99403405       3.04361191E-02   9.78576019E-02   151882.344    
   2.99433398       3.04330699E-02  -1.00000000       0.00000000    
   2.99463391       3.04300208E-02  -2.08038092       95790.8438    
   3.01020336       3.02726310E-02   3.04044560E-02   119812.555    
   3.01050329       3.02696154E-02  0.133531019       168160.859    
   3.01080322       3.02665997E-02   8.86283517E-02   164997.484    
   3.07860780       2.95999944E-02   8.09925944E-02   166052.438    
   3.17972803       2.86586694E-02   6.44293800E-02   168120.234    
   3.28416944       2.77472809E-02   6.64342120E-02   174964.391    
   3.39204121       2.68648788E-02   6.78154379E-02   181745.156    
   3.47691989       2.62090527E-02   6.92945346E-02   175885.750    
   3.47721982       2.62067914E-02  -1.00000000       0.00000000    
   3.47751975       2.62045320E-02  0.109801330       198784.156    
   3.48720956       2.61317175E-02   6.17632233E-02   195144.328    
   3.48750949       2.61294693E-02  0.134817466       217044.859    
   3.48780942       2.61272229E-02   6.66968748E-02   190941.969    
   3.50345635       2.60105357E-02   4.86318432E-02   160567.125    
   3.51954889       2.58916058E-02   4.76176627E-02   102250.852    
   3.51984882       2.58894004E-02  0.116259597       160339.422    
   3.52014875       2.58871950E-02  -4.45533283E-02   169625.922    
   3.61853099       2.51833610E-02   6.40585646E-02   184580.484    
   3.73738527       2.43824944E-02   2.08974481E-02   167433.125    
   3.86014366       2.36070938E-02   5.99947758E-02   155889.422    
   3.98693395       2.28563547E-02   4.46320958E-02   91204.1328    
   3.99970007       2.27834024E-02   7.59456307E-02   86718.3828    
   4.00000000       2.27816943E-02  -1.00000000       0.00000000    
   4.00029993       2.27799863E-02  -1.82533383       16483.5293    
   4.03771400       2.25689020E-02  -1.63026619       17603.1738    
   4.03801394       2.25672256E-02  -1.00000000       0.00000000    
   4.03831387       2.25655511E-02  -1.65698671       16652.5586    
   4.11788893       2.21294891E-02  -1.52084315       14129.8867    
   4.25314522       2.14257371E-02  -1.28430581       15536.2432    
   4.39284420       2.07443684E-02  -1.14612103       17136.3477    
   4.39565277       2.07311139E-02  -1.00000000       0.00000000    
   4.39595270       2.07296982E-02  -1.00746059       21508.9395    
   4.39625263       2.07282845E-02  -1.16344655       16732.6641    
   4.53713179       2.00846661E-02  -1.10246325       17361.3145    
   4.66392231       1.95386559E-02  -1.04058707       18476.8203    
   4.66422224       1.95374005E-02  -1.00000000       0.00000000    
   4.66452217       1.95361432E-02  -1.01118922       18233.6914    
   4.68615818       1.94459446E-02  -1.00678873       17523.0586    
   4.73962593       1.92265753E-02 -0.975602984       16819.4238    
   4.73992586       1.92253590E-02  -1.00000000       0.00000000    
   4.74022579       1.92241427E-02 -0.997084618       17063.6016    
   4.84007978       1.88275352E-02 -0.915579081       18026.6465    
   4.99905729       1.82287917E-02 -0.836955965       18803.4941    
   5.16325665       1.76490881E-02 -0.819891751       19059.3906    
   5.33284903       1.70878228E-02 -0.745114446       15957.1670    
   5.34157991       1.70598924E-02 -0.595265687       23508.7129    
   5.34187984       1.70589332E-02  -1.00000000       0.00000000    
   5.34217978       1.70579758E-02 -0.758525550       19570.9160    
   5.50801182       1.65444035E-02 -0.713628113       20579.1035    
   5.51356649       1.65277366E-02 -0.759582877       20234.8926    
   5.51386642       1.65268369E-02  -1.00000000       0.00000000    
   5.51416636       1.65259391E-02 -0.695980549       20823.7832    
   5.68892813       1.60182677E-02 -0.647118151       20977.8242    
   5.68922853       1.60174221E-02  -1.00000000       0.00000000    
   5.68952847       1.60165783E-02  -1.00000000       0.00000000    
   5.68982840       1.60157327E-02  -1.00000000       0.00000000    
   5.69363832       1.60050169E-02 -0.489498913       21975.6094    
   5.69393826       1.60041731E-02  -1.00000000       0.00000000    
   5.69423819       1.60033312E-02 -0.672031581       19549.9766    
   5.87578678       1.55088631E-02 -0.614120424       21416.7188    
   6.06878328       1.50156580E-02 -0.570569873       19566.8164    
   6.26811838       1.45381391E-02 -0.521509290       22338.3457    
   6.47125387       1.40817799E-02 -0.497476518       19787.4316    
   6.47155380       1.40811279E-02  -1.00000000       0.00000000    
   6.47185373       1.40804751E-02 -0.291839331       21564.9336    
   6.47400141       1.40758036E-02 -0.474526137       19631.2305    
   6.68664646       1.36281727E-02 -0.450968266       19580.6953    
   6.68880939       1.36237657E-02  -1.00000000       0.00000000    
   6.68910933       1.36231557E-02  -1.00000000       0.00000000    
   6.68940926       1.36225447E-02 -0.453492671       19648.8516    
   6.90627623       1.31947771E-02 -0.428450078       17914.3516    
   7.13312006       1.27751632E-02 -0.395197004       17086.6523    
   7.13788605       1.27666332E-02 -0.288465500       18522.9004    
   7.13818598       1.27660967E-02  -1.00000000       0.00000000    
   7.13848591       1.27655603E-02 -0.428775191       16731.3828    
   7.19447994       1.26662077E-02 -0.415703714       17085.5977    
   7.19477987       1.26656797E-02  -1.00000000       0.00000000    
   7.19507980       1.26651516E-02 -0.423187435       16734.3691    
   7.36741447       1.23688951E-02 -0.353224695       17642.0938    
   7.60940504       1.19755454E-02 -0.348019630       16697.3574    
   7.85934353       1.15947053E-02 -0.302563071       14150.9893    
   8.11749172       1.12259770E-02 -0.296791524       16512.7871    
   8.37119293       1.08857574E-02 -0.271632254       14167.3564    
   8.37149334       1.08853662E-02  -1.00000000       0.00000000    
   8.37179375       1.08849760E-02 -0.270630598       17000.9512    
   8.38411903       1.08689740E-02 -0.252271652       15626.1221    
   8.65950394       1.05233248E-02 -0.281706899       12661.1152    
   8.94393444       1.01886671E-02 -0.215600625       10686.3740    
   9.23770714       9.86465253E-03 -0.193500549       1734.85376    
   9.27522564       9.82475001E-03  0.174021974       558.265137    
   9.27552605       9.82443150E-03  -1.00000000       0.00000000    
   9.27582645       9.82411392E-03 -0.296306998       366.540710    
   9.54112911       9.55094211E-03 -0.168639913       332.410614    
   9.85451698       9.24720895E-03  -4.72565070E-02   298.664856    
   10.1498594       8.97813123E-03   7.38132000E-02   257.883209    
   10.1501598       8.97786580E-03  -1.00000000       0.00000000    
   10.1504602       8.97760037E-03 -0.287682086       125.502060    
   10.1781979       8.95313453E-03 -0.200152650       142.547592    
   10.5125113       8.66841152E-03   1.69015070E-03   127.717606    
   10.8578053       8.39274377E-03 -0.283505857       75.1961594    
   11.2144413       8.12584162E-03   9.77658182E-02   82.5121918    
   11.5827904       7.86742847E-03 -0.459533036       36.0268402    
   11.6051311       7.85228331E-03  -1.00000000       0.00000000    
   11.6054316       7.85207935E-03  -1.00000000       0.00000000    
   11.6057320       7.85187632E-03 -0.932820678       19.6688099    
   11.9632397       7.61723239E-03 -0.271934569       31.2596455    
   12.3561840       7.37499353E-03 -0.539943755       16.1522865    
   12.7620354       7.14045763E-03 -0.328504533       12.7952166    
   13.1812181       6.91338023E-03 -0.510825992       8.25887680    
   13.6141682       6.69352477E-03  -6.89929947E-02   9.32894516    
   14.0613394       6.48066122E-03   7.79617205E-02   6.45161438    
   14.5231991       6.27456605E-03 -0.171850175       4.99715662    
   15.0002279       6.07502600E-03  -1.00000000       0.00000000    
