   0.00000000       0.00000000       0.00000000    
   21581.2813       59.2196960       50.0000000    
   17800.6309       59.1601295       50.0000000    
   21550.5566       59.2197075       50.0000000    
   20163.3535       59.2075462       50.0000000    
   17376.8770       59.1417427       50.0000000    
   18666.7949       59.1847610       50.0000000    
   18253.9297       59.1745834       50.0000000    
   16661.0254       59.0893211       50.0000000    
   17238.3379       59.1350861       50.0000000    
   17073.8340       59.1261101       50.0000000    
   16157.3486       59.0078430       50.0000000    
   16485.7852       59.0727196       50.0000000    
   16418.4023       59.0635910       50.0000000    
   15788.1611       58.8988533       50.0000000    
   16059.1436       58.9985657       50.0000000    
   16000.9824       58.9893799       50.0000000    
   15516.6123       58.7591171       50.0000000    
   15785.9727       58.9111214       50.0000000    
   15732.4092       58.9018898       50.0000000    
   15296.2852       58.5952682       50.0000000    
   15528.5459       58.8127556       50.0000000    
   15492.3838       58.8016624       50.0000000    
   14989.5713       58.4098740       50.0000000    
   15300.5684       58.6967812       50.0000000    
   15323.2051       58.6902847       50.0000000    
   14699.1641       58.1935539       50.0000000    
   15115.2422       58.5770836       50.0000000    
   15111.5801       58.5624695       50.0000000    
   14415.2383       57.9421654       50.0000000    
   14857.6533       58.4314690       50.0000000    
   14915.7910       58.4213791       50.0000000    
   14140.2383       57.6804047       50.0000000    
   14759.4951       58.2596016       50.0000000    
   14763.0850       58.2606659       50.0000000    
   13897.9170       57.3907661       50.0000000    
   14521.3633       58.0951691       50.0000000    
   14527.8887       58.0859795       50.0000000    
   0.00000000       0.00000000       0.00000000    
   14229.9082       57.8925552       50.0000000    
   14327.5518       57.8876381       50.0000000    
   0.00000000       0.00000000       0.00000000    
   14018.1025       57.6594849       50.0000000    
   14083.2686       57.6711998       50.0000000    
   0.00000000       0.00000000       0.00000000    
   12960.4209       112.259468       100.000000    
   12963.0908       112.310234       100.000000    
   0.00000000       0.00000000       0.00000000    
   12594.9746       111.098930       100.000000    
   12679.1924       110.925903       100.000000    
   11825.4990       107.384720       100.000000    
   12365.1758       109.575714       100.000000    
   12409.5342       109.223770       100.000000    
   11701.4248       102.629936       100.000000    
   12099.7881       107.620087       100.000000    
   12143.9932       107.034264       100.000000    
   11362.9150       96.7153397       100.000000    
   11820.2666       104.732338       100.000000    
   11821.9209       104.336906       100.000000    
   10891.0957       88.3912430       100.000000    
   11623.3232       99.2147751       100.000000    
   11547.5146       99.1110687       100.000000    
   10574.2881       74.8417358       100.000000    
   0.00000000       0.00000000       0.00000000    
   0.00000000       0.00000000       0.00000000    
   0.00000000       0.00000000       0.00000000    
   21626.2441       59.2196999       50.0000000    
   20166.7617       59.2074623       50.0000000    
   17377.3652       59.1416969       50.0000000    
   20196.2656       59.2075539       50.0000000    
   19294.5352       59.1959610       50.0000000    
   17060.0449       59.1235466       50.0000000    
   18213.4688       59.1744537       50.0000000    
   17892.0391       59.1642685       50.0000000    
   16476.7793       59.0718765       50.0000000    
   17039.3789       59.1265488       50.0000000    
   16937.2422       59.1170235       50.0000000    
   16052.7207       58.9891243       50.0000000    
   16362.3154       59.0654831       50.0000000    
   16354.2637       59.0564804       50.0000000    
   15724.4805       58.8812103       50.0000000    
   15996.0342       58.9925423       50.0000000    
   15983.9326       58.9840240       50.0000000    
   15538.1582       58.7455940       50.0000000    
   15710.7920       58.9056778       50.0000000    
   15706.4590       58.8997650       50.0000000    
   15271.7822       58.5818367       50.0000000    
   15503.0879       58.8082924       50.0000000    
   15505.5967       58.8026237       50.0000000    
   15011.6963       58.4019890       50.0000000    
   15293.6582       58.6962814       50.0000000    
   15304.7051       58.6866035       50.0000000    
   14666.5830       58.1936607       50.0000000    
   15129.8574       58.5654602       50.0000000    
   15091.6875       58.5580940       50.0000000    
   14442.2490       57.9560089       50.0000000    
   14898.5107       58.4212837       50.0000000    
   14898.8447       58.4133568       50.0000000    
   14168.5078       57.6788177       50.0000000    
   14700.5947       58.2560844       50.0000000    
   14693.4238       58.2500114       50.0000000    
   13893.4492       57.3710213       50.0000000    
   14470.5361       58.0798492       50.0000000    
   14504.5830       58.0608444       50.0000000    
   0.00000000       0.00000000       0.00000000    
   14250.9521       57.8845444       50.0000000    
   14311.8682       57.8559418       50.0000000    
   0.00000000       0.00000000       0.00000000    
   13996.9648       57.6636810       50.0000000    
   14039.2354       57.6485977       50.0000000    
   0.00000000       0.00000000       0.00000000    
   12915.2021       112.327599       100.000000    
   12943.3320       112.241707       100.000000    
   0.00000000       0.00000000       0.00000000    
   12583.4707       111.043236       100.000000    
   12662.6338       110.957405       100.000000    
   11924.0205       107.221260       100.000000    
   12302.5244       109.447388       100.000000    
   12420.7305       109.267487       100.000000    
   11617.6826       103.241875       100.000000    
   12032.2168       107.365547       100.000000    
   12104.5293       107.155441       100.000000    
   11303.6250       97.4761581       100.000000    
   11832.0830       104.495728       100.000000    
   11858.0254       104.301537       100.000000    
   10880.6660       89.6448288       100.000000    
   11486.5234       99.9904861       100.000000    
   11590.8438       99.0032501       100.000000    
   10431.4580       76.0783539       100.000000    
   0.00000000       0.00000000       0.00000000    
   0.00000000       0.00000000       0.00000000    
   0.00000000       0.00000000       0.00000000    
   18678.5820       59.1848297       50.0000000    
   18243.5293       59.1744766       50.0000000    
   16628.3359       59.0885353       50.0000000    
   18210.9688       59.1743050       50.0000000    
   17932.2754       59.1642151       50.0000000    
   16493.3164       59.0711174       50.0000000    
   17406.2109       59.1448593       50.0000000    
   17234.8418       59.1353531       50.0000000    
   16208.5439       59.0220108       50.0000000    
   16738.6621       59.1000252       50.0000000    
   16613.7656       59.0908661       50.0000000    
   15929.5244       58.9417648       50.0000000    
   16219.5586       59.0404625       50.0000000    
   16191.5068       59.0320473       50.0000000    
   15675.9434       58.8352623       50.0000000    
   15875.7578       58.9669838       50.0000000    
   15880.6357       58.9603195       50.0000000    
   15442.3789       58.7027550       50.0000000    
   15674.7383       58.8834953       50.0000000    
   15655.2432       58.8782425       50.0000000    
   15160.5215       58.5404320       50.0000000    
   15475.3047       58.7867737       50.0000000    
   15432.2773       58.7802696       50.0000000    
   14961.4229       58.3623581       50.0000000    
   15252.1807       58.6799088       50.0000000    
   15251.8848       58.6704865       50.0000000    
   14677.1504       58.1526413       50.0000000    
   15040.7334       58.5568008       50.0000000    
   15079.2334       58.5465736       50.0000000    
   14381.0635       57.9150124       50.0000000    
   14840.2168       58.4151917       50.0000000    
   14826.3018       58.4032402       50.0000000    
   14121.2344       57.6548691       50.0000000    
   14656.3428       58.2576981       50.0000000    
   14638.5869       58.2438812       50.0000000    
   13878.8115       57.3552666       50.0000000    
   14454.8203       58.0864143       50.0000000    
   14458.6162       58.0583763       50.0000000    
   0.00000000       0.00000000       0.00000000    
   14244.8779       57.8817024       50.0000000    
   14282.2607       57.8511658       50.0000000    
   0.00000000       0.00000000       0.00000000    
   13938.9512       57.6596260       50.0000000    
   14021.0117       57.6379013       50.0000000    
   0.00000000       0.00000000       0.00000000    
   12822.1494       112.375473       100.000000    
   12876.4688       112.226936       100.000000    
   0.00000000       0.00000000       0.00000000    
   12575.0762       110.999207       100.000000    
   12618.0088       110.843468       100.000000    
   11802.3447       107.591782       100.000000    
   12409.9375       109.319984       100.000000    
   12372.3369       109.109985       100.000000    
   11577.5127       103.292465       100.000000    
   12140.2490       107.116486       100.000000    
   12100.2510       107.005692       100.000000    
   11187.5068       97.8766632       100.000000    
   11887.8223       104.263268       100.000000    
   11864.4570       103.789207       100.000000    
   10908.0605       89.1441574       100.000000    
   11568.2656       99.3423004       100.000000    
   11532.7686       98.5947647       100.000000    
   10452.0664       76.8706360       100.000000    
   0.00000000       0.00000000       0.00000000    
   0.00000000       0.00000000       0.00000000    
   0.00000000       0.00000000       0.00000000    
   17199.4648       59.1353302       50.0000000    
   17067.3184       59.1263123       50.0000000    
   16098.0732       59.0058937       50.0000000    
   17052.7422       59.1261024       50.0000000    
   16935.6133       59.1168594       50.0000000    
   16078.9307       58.9900665       50.0000000    
   16710.5000       59.0993881       50.0000000    
   16638.2422       59.0903358       50.0000000    
   15912.9082       58.9425278       50.0000000    
   16340.1191       59.0566978       50.0000000    
   16299.0752       59.0479012       50.0000000    
   15734.2100       58.8646889       50.0000000    
   16025.8701       59.0009041       50.0000000    
   16022.1855       58.9911652       50.0000000    
   15519.5342       58.7630043       50.0000000    
   15741.7422       58.9314651       50.0000000    
   15756.4736       58.9210281       50.0000000    
   15303.1016       58.6340675       50.0000000    
   15592.2764       58.8453369       50.0000000    
   15579.4395       58.8396187       50.0000000    
   15104.7119       58.4731216       50.0000000    
   15350.8438       58.7436371       50.0000000    
   15378.4180       58.7427444       50.0000000    
   14829.0957       58.2811050       50.0000000    
   15198.7402       58.6342583       50.0000000    
   15181.1660       58.6324577       50.0000000    
   14577.4092       58.0841408       50.0000000    
   15023.0059       58.5131149       50.0000000    
   15002.0039       58.5068474       50.0000000    
   14303.7432       57.8297729       50.0000000    
   14814.6982       58.3751564       50.0000000    
   14800.6084       58.3641815       50.0000000    
   14089.6504       57.5558243       50.0000000    
   14606.5195       58.2268906       50.0000000    
   14631.1807       58.2033043       50.0000000    
   13847.1318       57.2801895       50.0000000    
   14389.9824       58.0413361       50.0000000    
   14437.7832       58.0185776       50.0000000    
   0.00000000       0.00000000       0.00000000    
   14176.1758       57.8489952       50.0000000    
   14247.0459       57.8250122       50.0000000    
   0.00000000       0.00000000       0.00000000    
   13875.4912       57.6621590       50.0000000    
   13928.5830       57.6094627       50.0000000    
   0.00000000       0.00000000       0.00000000    
   12817.0781       112.346901       100.000000    
   12843.3984       112.126518       100.000000    
   12056.4824       108.490990       100.000000    
   12536.7549       110.886749       100.000000    
   12576.4443       110.730087       100.000000    
   11783.5889       105.562843       100.000000    
   12307.6924       109.191895       100.000000    
   12383.2637       108.888245       100.000000    
   11426.4326       101.897034       100.000000    
   12170.4775       106.854919       100.000000    
   12125.3408       106.493820       100.000000    
   11171.6221       95.7280350       100.000000    
   11806.9072       103.908684       100.000000    
   11796.2842       103.366554       100.000000    
   10813.7871       86.9042358       100.000000    
   11475.3896       99.4994125       100.000000    
   11496.0176       97.9045258       100.000000    
   0.00000000       0.00000000       0.00000000    
   0.00000000       0.00000000       0.00000000    
   0.00000000       0.00000000       0.00000000    
   0.00000000       0.00000000       0.00000000    
   16450.1699       59.0740280       50.0000000    
   16413.7148       59.0652122       50.0000000    
   15789.7412       58.8974190       50.0000000    
   16418.8906       59.0646667       50.0000000    
   16321.4209       59.0562363       50.0000000    
   15794.9180       58.8798447       50.0000000    
   16221.5918       59.0390816       50.0000000    
   16196.7764       59.0314102       50.0000000    
   15668.6660       58.8326035       50.0000000    
   16016.4521       59.0006104       50.0000000    
   16012.2979       58.9907951       50.0000000    
   15551.7734       58.7590027       50.0000000    
   15848.5840       58.9451065       50.0000000    
   15818.1680       58.9348602       50.0000000    
   15360.3281       58.6624451       50.0000000    
   15659.4844       58.8765869       50.0000000    
   15639.6895       58.8671036       50.0000000    
   15175.1602       58.5324631       50.0000000    
   15417.2881       58.7979965       50.0000000    
   15470.3633       58.7856750       50.0000000    
   14971.2871       58.3803825       50.0000000    
   15272.5107       58.7025337       50.0000000    
   15308.7217       58.6877594       50.0000000    
   14717.0146       58.1901894       50.0000000    
   15130.0967       58.5847511       50.0000000    
   15074.8311       58.5818214       50.0000000    
   14438.0137       57.9657784       50.0000000    
   14932.0420       58.4555130       50.0000000    
   14962.3818       58.4550400       50.0000000    
   14211.0234       57.7443199       50.0000000    
   14709.3838       58.3127365       50.0000000    
   14776.6377       58.3118896       50.0000000    
   13963.2383       57.4694138       50.0000000    
   14552.4170       58.1492310       50.0000000    
   14539.4297       58.1412392       50.0000000    
   13774.3535       57.1661949       50.0000000    
   14337.8213       57.9739914       50.0000000    
   14346.7754       57.9536514       50.0000000    
   0.00000000       0.00000000       0.00000000    
   14136.7666       57.7877808       50.0000000    
   14181.0146       57.7548523       50.0000000    
   0.00000000       0.00000000       0.00000000    
   13044.1309       112.868347       100.000000    
   13953.9961       57.5696869       50.0000000    
   0.00000000       0.00000000       0.00000000    
   12753.5869       111.665298       100.000000    
   12766.0391       112.031723       100.000000    
   11918.0205       108.280754       100.000000    
   12481.4893       110.412743       100.000000    
   12556.6113       110.496330       100.000000    
   11691.5674       104.902611       100.000000    
   12331.4717       108.616707       100.000000    
   12342.7100       108.642593       100.000000    
   11389.1953       100.229347       100.000000    
   12053.4561       106.401215       100.000000    
   12046.1426       106.214073       100.000000    
   11044.6152       93.9161911       100.000000    
   11774.4063       103.421089       100.000000    
   11793.0557       102.413330       100.000000    
   10758.1621       83.7589722       100.000000    
   11524.5059       97.6590424       100.000000    
   11491.7129       96.3499298       100.000000    
   0.00000000       0.00000000       0.00000000    
   0.00000000       0.00000000       0.00000000    
   0.00000000       0.00000000       0.00000000    
   0.00000000       0.00000000       0.00000000    
   16001.3604       59.0007668       50.0000000    
   16012.9189       58.9908791       50.0000000    
   15512.5859       58.7645607       50.0000000    
   16002.2930       58.9908943       50.0000000    
   15970.1797       58.9829750       50.0000000    
   15491.7754       58.7456169       50.0000000    
   15851.9219       58.9655380       50.0000000    
   15916.7129       58.9607582       50.0000000    
   15414.8887       58.6997795       50.0000000    
   15773.7266       58.9278717       50.0000000    
   15767.8730       58.9202805       50.0000000    
   15310.8203       58.6263580       50.0000000    
   15634.4326       58.8782387       50.0000000    
   15650.6631       58.8671913       50.0000000    
   15198.4854       58.5272369       50.0000000    
   15506.3350       58.8063583       50.0000000    
   15524.8037       58.7992592       50.0000000    
   14952.4473       58.4070740       50.0000000    
   15314.3682       58.7260056       50.0000000    
   15370.9473       58.7159653       50.0000000    
   14788.0020       58.2489624       50.0000000    
   15135.6553       58.6350670       50.0000000    
   15176.1836       58.6280060       50.0000000    
   14544.6182       58.0625839       50.0000000    
   15010.8604       58.5244675       50.0000000    
   15054.8760       58.5097733       50.0000000    
   14338.2559       57.8500443       50.0000000    
   14832.4883       58.3981094       50.0000000    
   14881.5713       58.3824387       50.0000000    
   14139.1436       57.5879173       50.0000000    
   14664.9834       58.2514763       50.0000000    
   14686.5283       58.2359962       50.0000000    
   13911.6074       57.3639450       50.0000000    
   14477.3213       58.0824928       50.0000000    
   14446.3730       58.0698242       50.0000000    
   0.00000000       0.00000000       0.00000000    
   14257.2285       57.8992424       50.0000000    
   14271.6592       57.8886909       50.0000000    
   0.00000000       0.00000000       0.00000000    
   14031.7871       57.7294159       50.0000000    
   14100.4492       57.6810837       50.0000000    
   0.00000000       0.00000000       0.00000000    
   12908.8467       112.537849       100.000000    
   12963.1152       112.402130       100.000000    
   0.00000000       0.00000000       0.00000000    
   12651.0596       111.226105       100.000000    
   12725.2129       111.297348       100.000000    
   11926.1006       107.679520       100.000000    
   12419.6992       109.645866       100.000000    
   12490.6445       109.869179       100.000000    
   11605.5273       103.778633       100.000000    
   12218.7324       107.672798       100.000000    
   12290.0859       108.136055       100.000000    
   11394.2100       98.7613373       100.000000    
   11985.0635       105.141869       100.000000    
   12007.0059       105.841675       100.000000    
   11066.4248       91.8674240       100.000000    
   11660.1846       101.802109       100.000000    
   11684.3994       102.005600       100.000000    
   10733.4541       80.5774002       100.000000    
   11446.0098       95.7095184       100.000000    
   11402.6377       94.5748138       100.000000    
   0.00000000       0.00000000       0.00000000    
   0.00000000       0.00000000       0.00000000    
   0.00000000       0.00000000       0.00000000    
   0.00000000       0.00000000       0.00000000    
   15771.7598       58.9174042       50.0000000    
   15738.2295       58.9061012       50.0000000    
   15265.8105       58.6028748       50.0000000    
   15731.5898       58.9051971       50.0000000    
   15720.1670       58.8981705       50.0000000    
   15272.1240       58.5871506       50.0000000    
   15655.6758       58.8818130       50.0000000    
   15688.0850       58.8757858       50.0000000    
   15178.3682       58.5436821       50.0000000    
   15580.0996       58.8436546       50.0000000    
   15552.1279       58.8381538       50.0000000    
   15069.3027       58.4704590       50.0000000    
   15470.1904       58.7925606       50.0000000    
   15471.0361       58.7834549       50.0000000    
   14946.8965       58.3679810       50.0000000    
   15324.5107       58.7305412       50.0000000    
   15338.4961       58.7192764       50.0000000    
   14805.3311       58.2424469       50.0000000    
   15159.0439       58.6460533       50.0000000    
   15214.5098       58.6358299       50.0000000    
   14587.7393       58.1022568       50.0000000    
   15070.2422       58.5471153       50.0000000    
   15079.1260       58.5363388       50.0000000    
   14393.2588       57.9183578       50.0000000    
   14905.5547       58.4431152       50.0000000    
   14945.0371       58.4339867       50.0000000    
   14179.3486       57.7019157       50.0000000    
   14742.5117       58.3111115       50.0000000    
   14769.3652       58.3054047       50.0000000    
   14013.4805       57.4654083       50.0000000    
   14544.8193       58.1600266       50.0000000    
   14569.6621       58.1507149       50.0000000    
   13742.2305       57.1785088       50.0000000    
   14380.1826       58.0051727       50.0000000    
   14379.2627       57.9788094       50.0000000    
   0.00000000       0.00000000       0.00000000    
   14213.9902       57.8272209       50.0000000    
   14171.9092       57.7985420       50.0000000    
   0.00000000       0.00000000       0.00000000    
   13953.0088       57.6629524       50.0000000    
   13978.4775       57.5951805       50.0000000    
   0.00000000       0.00000000       0.00000000    
   12889.7510       112.198555       100.000000    
   12912.9121       112.165573       100.000000    
   12079.0420       108.578621       100.000000    
   12585.1689       110.706055       100.000000    
   12675.4248       110.730278       100.000000    
   11828.1572       105.991211       100.000000    
   12316.6602       109.202576       100.000000    
   12390.6670       109.036568       100.000000    
   11480.0947       102.347458       100.000000    
   12105.0938       107.162628       100.000000    
   12163.4795       106.873344       100.000000    
   11223.0498       96.5906296       100.000000    
   11773.7236       104.621796       100.000000    
   11944.2324       103.781906       100.000000    
   10948.7344       87.7647781       100.000000    
   11512.2031       100.113953       100.000000    
   11588.1807       99.7574692       100.000000    
   10557.3271       78.1861267       100.000000    
   0.00000000       0.00000000       0.00000000    
   0.00000000       0.00000000       0.00000000    
   0.00000000       0.00000000       0.00000000    
   0.00000000       0.00000000       0.00000000    
   0.00000000       0.00000000       0.00000000    
   0.00000000       0.00000000       0.00000000    
   15537.3125       58.8184471       50.0000000    
   15492.3438       58.8060074       50.0000000    
   15018.7373       58.4296875       50.0000000    
   15505.9033       58.8087196       50.0000000    
   15510.9219       58.7969437       50.0000000    
   14982.3896       58.4014015       50.0000000    
   15422.2266       58.7854080       50.0000000    
   15469.5332       58.7765198       50.0000000    
   14966.4834       58.3646317       50.0000000    
   15380.2246       58.7429657       50.0000000    
   15421.3545       58.7427979       50.0000000    
   14860.1289       58.2837296       50.0000000    
   15307.0176       58.6967239       50.0000000    
   15280.6523       58.6843185       50.0000000    
   14677.4736       58.1992226       50.0000000    
   15192.6436       58.6367302       50.0000000    
   15198.8867       58.6239929       50.0000000    
   14537.9219       58.0635719       50.0000000    
   15069.3359       58.5575752       50.0000000    
   15044.9980       58.5433197       50.0000000    
   14369.5703       57.8961258       50.0000000    
   14889.5449       58.4516182       50.0000000    
   14939.1240       58.4486618       50.0000000    
   14208.5586       57.7276840       50.0000000    
   14794.3418       58.3393440       50.0000000    
   14806.1221       58.3157768       50.0000000    
   14040.7490       57.5132256       50.0000000    
   14606.3828       58.2174377       50.0000000    
   14651.8027       58.2003250       50.0000000    
   13891.5176       57.2779846       50.0000000    
   14460.1553       58.0560150       50.0000000    
   14473.7363       58.0650749       50.0000000    
   0.00000000       0.00000000       0.00000000    
   14190.0703       57.9079285       50.0000000    
   14276.7754       57.8846321       50.0000000    
   0.00000000       0.00000000       0.00000000    
   14074.8906       57.7243881       50.0000000    
   14100.5732       57.6970596       50.0000000    
   0.00000000       0.00000000       0.00000000    
   12972.5049       112.669250       100.000000    
   13011.9258       112.526527       100.000000    
   0.00000000       0.00000000       0.00000000    
   12800.0146       111.671623       100.000000    
   12727.8672       111.582443       100.000000    
   11924.2422       108.013046       100.000000    
   12536.2910       110.398270       100.000000    
   12375.1172       110.279785       100.000000    
   11685.3945       104.621338       100.000000    
   12229.5205       108.601357       100.000000    
   12299.1455       108.418190       100.000000    
   11415.7305       99.7096939       100.000000    
   12007.9063       106.110451       100.000000    
   12098.0098       106.123398       100.000000    
   11085.7139       93.3955154       100.000000    
   11713.7773       103.074860       100.000000    
   11774.6025       103.319504       100.000000    
   10779.2207       84.2677765       100.000000    
   11488.7832       97.7741089       100.000000    
   11449.2578       97.6903534       100.000000    
   0.00000000       0.00000000       0.00000000    
   0.00000000       0.00000000       0.00000000    
   0.00000000       0.00000000       0.00000000    
   0.00000000       0.00000000       0.00000000    
   0.00000000       0.00000000       0.00000000    
   0.00000000       0.00000000       0.00000000    
   0.00000000       0.00000000       0.00000000    
   15314.3242       58.7075462       50.0000000    
   15316.8740       58.6963234       50.0000000    
   14658.0176       58.2222595       50.0000000    
   15310.7900       58.6941605       50.0000000    
   15275.6592       58.6834984       50.0000000    
   14673.2578       58.1864548       50.0000000    
   15196.5010       58.6775246       50.0000000    
   15259.2002       58.6631165       50.0000000    
   14677.2773       58.1595230       50.0000000    
   15180.7588       58.6337090       50.0000000    
   15206.7568       58.6309738       50.0000000    
   14615.5830       58.0789146       50.0000000    
   15094.0508       58.5818634       50.0000000    
   15125.5928       58.5780067       50.0000000    
   14459.1348       57.9786110       50.0000000    
   15020.7656       58.5212631       50.0000000    
   15039.7676       58.5057907       50.0000000    
   14341.6963       57.8454514       50.0000000    
   14927.3184       58.4545784       50.0000000    
   14908.7666       58.4306831       50.0000000    
   14180.6992       57.7172203       50.0000000    
   14788.0518       58.3460045       50.0000000    
   14783.6768       58.3363647       50.0000000    
   13947.2363       57.5021095       50.0000000    
   14634.0234       58.2156487       50.0000000    
   14645.4727       58.2144318       50.0000000    
   13873.4102       57.2810478       50.0000000    
   14468.9355       58.0955505       50.0000000    
   14508.0879       58.0536957       50.0000000    
   0.00000000       0.00000000       0.00000000    
   14326.3682       57.9422302       50.0000000    
   14356.0674       57.9105377       50.0000000    
   0.00000000       0.00000000       0.00000000    
   14134.9043       57.7705612       50.0000000    
   14169.2520       57.7663727       50.0000000    
   0.00000000       0.00000000       0.00000000    
   13949.1172       57.5989914       50.0000000    
   13962.4795       57.5897675       50.0000000    
   0.00000000       0.00000000       0.00000000    
   12841.6396       112.280716       100.000000    
   12877.0879       112.201675       100.000000    
   12060.5166       108.525101       100.000000    
   12586.4893       110.829102       100.000000    
   12612.2217       110.810387       100.000000    
   11825.4971       106.341385       100.000000    
   12378.0625       109.225616       100.000000    
   12306.0127       109.218979       100.000000    
   11530.6689       102.987221       100.000000    
   12271.4707       107.529518       100.000000    
   12133.9434       107.235085       100.000000    
   11256.9570       97.2064209       100.000000    
   12000.4697       105.312790       100.000000    
   11966.2070       104.734741       100.000000    
   10954.1104       89.1345978       100.000000    
   11633.3535       102.204071       100.000000    
   11588.8672       101.694511       100.000000    
   10606.8428       80.9424591       100.000000    
   11389.0039       94.8579559       100.000000    
   11389.2637       94.2202988       100.000000    
   0.00000000       0.00000000       0.00000000    
   0.00000000       0.00000000       0.00000000    
   0.00000000       0.00000000       0.00000000    
   0.00000000       0.00000000       0.00000000    
   0.00000000       0.00000000       0.00000000    
   0.00000000       0.00000000       0.00000000    
   0.00000000       0.00000000       0.00000000    
   15063.0391       58.5780334       50.0000000    
   15094.9131       58.5692520       50.0000000    
   14405.5430       57.9816055       50.0000000    
   15107.3301       58.5726814       50.0000000    
   15082.9648       58.5559082       50.0000000    
   14410.8154       57.9337730       50.0000000    
   15067.9463       58.5508652       50.0000000    
   15066.6982       58.5366020       50.0000000    
   14415.2070       57.9191093       50.0000000    
   14982.6504       58.5072517       50.0000000    
   14999.5596       58.5061150       50.0000000    
   14345.3008       57.8290291       50.0000000    
   14890.7627       58.4527359       50.0000000    
   14948.7529       58.4544792       50.0000000    
   14226.7695       57.7583961       50.0000000    
   14826.2520       58.3946152       50.0000000    
   14825.6494       58.3825302       50.0000000    
   14088.3594       57.6275291       50.0000000    
   14759.6572       58.3231506       50.0000000    
   14714.9648       58.2927284       50.0000000    
   13977.6592       57.4509125       50.0000000    
   14638.4863       58.2246323       50.0000000    
   14625.6934       58.1939392       50.0000000    
   13858.5322       57.3038940       50.0000000    
   14492.6348       58.0812683       50.0000000    
   14527.4268       58.0795898       50.0000000    
   0.00000000       0.00000000       0.00000000    
   14319.9961       57.9380264       50.0000000    
   14337.0439       57.9312401       50.0000000    
   0.00000000       0.00000000       0.00000000    
   14155.5586       57.8103180       50.0000000    
   14216.7793       57.7637482       50.0000000    
   0.00000000       0.00000000       0.00000000    
   13877.9072       57.6529427       50.0000000    
   14052.6025       57.6148529       50.0000000    
   0.00000000       0.00000000       0.00000000    
   12881.2803       112.529205       100.000000    
   12950.4199       112.404289       100.000000    
   0.00000000       0.00000000       0.00000000    
   12678.2412       111.640335       100.000000    
   12709.0303       111.642113       100.000000    
   11916.8486       107.874931       100.000000    
   12514.8379       110.396996       100.000000    
   12506.6650       110.287270       100.000000    
   11654.8936       104.083336       100.000000    
   12307.9736       108.637093       100.000000    
   12317.0762       108.213737       100.000000    
   11405.6797       99.9843979       100.000000    
   12024.3164       106.062698       100.000000    
   12069.7227       105.700851       100.000000    
   11030.2490       94.6961441       100.000000    
   11706.0498       103.466644       100.000000    
   11819.9434       102.635910       100.000000    
   10820.6699       83.6925659       100.000000    
   11533.0840       99.8445358       100.000000    
   11508.9863       98.4304428       100.000000    
   0.00000000       0.00000000       0.00000000    
   0.00000000       0.00000000       0.00000000    
   0.00000000       0.00000000       0.00000000    
   0.00000000       0.00000000       0.00000000    
   0.00000000       0.00000000       0.00000000    
   0.00000000       0.00000000       0.00000000    
   0.00000000       0.00000000       0.00000000    
   0.00000000       0.00000000       0.00000000    
   0.00000000       0.00000000       0.00000000    
   0.00000000       0.00000000       0.00000000    
   14825.3105       58.4382248       50.0000000    
   14871.7080       58.4311600       50.0000000    
   14147.5615       57.7198792       50.0000000    
   14897.4473       58.4323349       50.0000000    
   14860.1494       58.4143524       50.0000000    
   14093.7930       57.6763344       50.0000000    
   14887.1299       58.4038315       50.0000000    
   14861.4229       58.3952065       50.0000000    
   14130.4258       57.6510773       50.0000000    
   14812.2402       58.3727837       50.0000000    
   14806.2891       58.3549690       50.0000000    
   14074.9902       57.5541000       50.0000000    
   14755.5078       58.3129158       50.0000000    
   14661.5449       58.3085670       50.0000000    
   13983.2432       57.4926796       50.0000000    
   14608.3760       58.2488785       50.0000000    
   14664.8867       58.2461586       50.0000000    
   13842.7959       57.3605728       50.0000000    
   14580.8906       58.1668663       50.0000000    
   14533.1084       58.1492615       50.0000000    
   13788.4883       57.1691589       50.0000000    
   14407.4717       58.0690384       50.0000000    
   14428.1523       58.0410461       50.0000000    
   0.00000000       0.00000000       0.00000000    
   14388.5059       57.9575539       50.0000000    
   14291.7354       57.9181061       50.0000000    
   0.00000000       0.00000000       0.00000000    
   14140.0547       57.8025894       50.0000000    
   14196.9502       57.8041687       50.0000000    
   0.00000000       0.00000000       0.00000000    
   13965.2891       57.6687279       50.0000000    
   14003.3525       57.6499100       50.0000000    
   0.00000000       0.00000000       0.00000000    
   12861.5166       112.599693       100.000000    
   13004.4121       112.392258       100.000000    
   0.00000000       0.00000000       0.00000000    
   12778.5039       111.746872       100.000000    
   12786.4512       111.632729       100.000000    
   11912.8887       108.125664       100.000000    
   12440.0479       110.714043       100.000000    
   12520.0322       110.524620       100.000000    
   11737.0830       106.097481       100.000000    
   12433.9707       109.211708       100.000000    
   12383.3418       109.156731       100.000000    
   11576.9863       102.290657       100.000000    
   12176.6416       107.607376       100.000000    
   12202.7939       107.180130       100.000000    
   11271.7627       96.2647324       100.000000    
   11920.8438       105.282524       100.000000    
   11977.9404       104.499542       100.000000    
   10912.0127       89.8837585       100.000000    
   11643.2041       101.363037       100.000000    
   11670.7715       100.759972       100.000000    
   10602.2490       80.0500488       100.000000    
   11337.1475       94.5316010       100.000000    
   11428.6484       92.6653137       100.000000    
   0.00000000       0.00000000       0.00000000    
   0.00000000       0.00000000       0.00000000    
   0.00000000       0.00000000       0.00000000    
   0.00000000       0.00000000       0.00000000    
   0.00000000       0.00000000       0.00000000    
   0.00000000       0.00000000       0.00000000    
   0.00000000       0.00000000       0.00000000    
   0.00000000       0.00000000       0.00000000    
   0.00000000       0.00000000       0.00000000    
   0.00000000       0.00000000       0.00000000    
   14699.5469       58.2859459       50.0000000    
   14679.8594       58.2711563       50.0000000    
   13841.8027       57.4135590       50.0000000    
   14709.2783       58.2729645       50.0000000    
   14643.6270       58.2584991       50.0000000    
   13887.7041       57.3583145       50.0000000    
   14639.4805       58.2584076       50.0000000    
   14661.0107       58.2194672       50.0000000    
   13883.2588       57.3464088       50.0000000    
   14574.8018       58.2307472       50.0000000    
   14621.3584       58.1936951       50.0000000    
   13755.9463       57.2774162       50.0000000    
   14559.4678       58.1507149       50.0000000    
   14479.7100       58.1451492       50.0000000    
   13773.7832       57.1924934       50.0000000    
   14384.5713       58.0875092       50.0000000    
   14471.6260       58.0668335       50.0000000    
   0.00000000       0.00000000       0.00000000    
   14313.2500       57.9994812       50.0000000    
   14381.0176       57.9801254       50.0000000    
   0.00000000       0.00000000       0.00000000    
   14259.2998       57.9138756       50.0000000    
   14287.9033       57.8744812       50.0000000    
   0.00000000       0.00000000       0.00000000    
   14107.9619       57.8053169       50.0000000    
   14106.4863       57.7469711       50.0000000    
   0.00000000       0.00000000       0.00000000    
   14011.1582       57.6631012       50.0000000    
   14016.5205       57.6139259       50.0000000    
   0.00000000       0.00000000       0.00000000    
   12894.4492       112.565781       100.000000    
   12981.4912       112.531494       100.000000    
   0.00000000       0.00000000       0.00000000    
   12686.6260       111.868690       100.000000    
   12766.9639       111.726402       100.000000    
   11951.9961       108.194336       100.000000    
   12605.6201       110.508331       100.000000    
   12643.1113       110.403648       100.000000    
   11847.8496       106.093201       100.000000    
   12377.6836       109.454475       100.000000    
   12493.1299       109.306870       100.000000    
   11501.9336       102.633461       100.000000    
   12169.8906       107.884216       100.000000    
   12196.5039       107.677628       100.000000    
   11347.8096       98.8845062       100.000000    
   11984.4951       105.644714       100.000000    
   12012.1113       105.431915       100.000000    
   11109.9619       92.6291733       100.000000    
   11791.5762       103.390381       100.000000    
   11758.8330       102.655731       100.000000    
   10735.4414       84.2731323       100.000000    
   11514.4121       99.2984924       100.000000    
   11449.6475       97.4935226       100.000000    
   0.00000000       0.00000000       0.00000000    
   0.00000000       0.00000000       0.00000000    
   0.00000000       0.00000000       0.00000000    
   0.00000000       0.00000000       0.00000000    
   0.00000000       0.00000000       0.00000000    
   0.00000000       0.00000000       0.00000000    
   0.00000000       0.00000000       0.00000000    
   0.00000000       0.00000000       0.00000000    
   0.00000000       0.00000000       0.00000000    
   0.00000000       0.00000000       0.00000000    
   0.00000000       0.00000000       0.00000000    
   0.00000000       0.00000000       0.00000000    
   0.00000000       0.00000000       0.00000000    
   14455.0371       58.0981598       50.0000000    
   14519.3369       58.0854721       50.0000000    
   0.00000000       0.00000000       0.00000000    
   14461.3164       58.0924149       50.0000000    
   14547.2627       58.0606003       50.0000000    
   0.00000000       0.00000000       0.00000000    
   14465.1016       58.0726967       50.0000000    
   14479.5840       58.0280075       50.0000000    
   0.00000000       0.00000000       0.00000000    
   14386.8164       58.0545769       50.0000000    
   14459.4287       57.9970856       50.0000000    
   0.00000000       0.00000000       0.00000000    
   14322.4863       57.9623222       50.0000000    
   14390.9580       57.9637337       50.0000000    
   0.00000000       0.00000000       0.00000000    
   14231.8301       57.9036293       50.0000000    
   14219.5195       57.8743401       50.0000000    
   0.00000000       0.00000000       0.00000000    
   14095.5557       57.8324814       50.0000000    
   14158.8467       57.8108864       50.0000000    
   0.00000000       0.00000000       0.00000000    
   14042.1299       57.7404556       50.0000000    
   14050.0830       57.6838303       50.0000000    
   0.00000000       0.00000000       0.00000000    
   13911.7021       57.6182594       50.0000000    
   13966.1211       57.5775261       50.0000000    
   0.00000000       0.00000000       0.00000000    
   12898.3945       112.581192       100.000000    
   12904.1826       112.357475       100.000000    
   0.00000000       0.00000000       0.00000000    
   12732.4063       111.789413       100.000000    
   12759.7549       111.649529       100.000000    
   11922.6318       108.304810       100.000000    
   12551.6514       110.606590       100.000000    
   12641.3975       110.601410       100.000000    
   11843.2764       106.121513       100.000000    
   12466.0635       109.496223       100.000000    
   12428.1982       109.388664       100.000000    
   11602.5605       102.678215       100.000000    
   12155.4258       108.007416       100.000000    
   12267.9873       107.887115       100.000000    
   11417.3994       99.0995407       100.000000    
   11994.9492       106.292305       100.000000    
   12091.1611       105.884720       100.000000    
   11073.5557       93.2614594       100.000000    
   11747.7871       103.928581       100.000000    
   11826.4258       103.377449       100.000000    
   10799.6631       86.3179779       100.000000    
   11579.4102       99.7969284       100.000000    
   11558.9629       99.5229874       100.000000    
   10567.8174       75.6549835       100.000000    
   11499.1309       91.2692566       100.000000    
   0.00000000       0.00000000       0.00000000    
   0.00000000       0.00000000       0.00000000    
   0.00000000       0.00000000       0.00000000    
   0.00000000       0.00000000       0.00000000    
   0.00000000       0.00000000       0.00000000    
   0.00000000       0.00000000       0.00000000    
   0.00000000       0.00000000       0.00000000    
   0.00000000       0.00000000       0.00000000    
   0.00000000       0.00000000       0.00000000    
   0.00000000       0.00000000       0.00000000    
   0.00000000       0.00000000       0.00000000    
   0.00000000       0.00000000       0.00000000    
   0.00000000       0.00000000       0.00000000    
   0.00000000       0.00000000       0.00000000    
   14278.2070       57.8925743       50.0000000    
   14315.5449       57.8891869       50.0000000    
   0.00000000       0.00000000       0.00000000    
   14277.1855       57.8913803       50.0000000    
   14299.4912       57.8482933       50.0000000    
   0.00000000       0.00000000       0.00000000    
   14276.5391       57.8672714       50.0000000    
   14225.3398       57.8266335       50.0000000    
   0.00000000       0.00000000       0.00000000    
   14163.9805       57.8663101       50.0000000    
   14225.8975       57.8057480       50.0000000    
   0.00000000       0.00000000       0.00000000    
   14107.2393       57.7886162       50.0000000    
   14177.6719       57.7311707       50.0000000    
   0.00000000       0.00000000       0.00000000    
   14064.0771       57.7135086       50.0000000    
   14062.3262       57.6711349       50.0000000    
   0.00000000       0.00000000       0.00000000    
   13838.8809       57.6480980       50.0000000    
   13923.7646       57.6050987       50.0000000    
   0.00000000       0.00000000       0.00000000    
   12929.5693       112.732445       100.000000    
   13003.1455       112.568237       100.000000    
   0.00000000       0.00000000       0.00000000    
   12837.5957       112.370590       100.000000    
   12866.6406       112.183556       100.000000    
   12046.1035       108.521423       100.000000    
   12707.2852       111.633194       100.000000    
   12670.6592       111.550179       100.000000    
   11952.6943       107.730804       100.000000    
   12560.1973       110.602776       100.000000    
   12590.2988       110.312843       100.000000    
   11758.7207       105.987190       100.000000    
   12377.5674       109.458069       100.000000    
   12444.8643       109.358063       100.000000    
   11594.4873       102.530876       100.000000    
   12272.8301       107.831940       100.000000    
   12256.1201       107.889938       100.000000    
   11319.9043       99.3687439       100.000000    
   12161.4170       106.106972       100.000000    
   12073.9912       106.096245       100.000000    
   11107.1270       93.9133377       100.000000    
   11773.1191       103.924347       100.000000    
   11914.1807       103.426376       100.000000    
   10884.0908       87.3688431       100.000000    
   11643.4775       100.720612       100.000000    
   11640.9102       100.527809       100.000000    
   10565.5186       78.2697830       100.000000    
   11461.5371       94.3055878       100.000000    
   11388.8477       94.5142059       100.000000    
   0.00000000       0.00000000       0.00000000    
   0.00000000       0.00000000       0.00000000    
   0.00000000       0.00000000       0.00000000    
   0.00000000       0.00000000       0.00000000    
   0.00000000       0.00000000       0.00000000    
   0.00000000       0.00000000       0.00000000    
   0.00000000       0.00000000       0.00000000    
   0.00000000       0.00000000       0.00000000    
   0.00000000       0.00000000       0.00000000    
   0.00000000       0.00000000       0.00000000    
   0.00000000       0.00000000       0.00000000    
   0.00000000       0.00000000       0.00000000    
   0.00000000       0.00000000       0.00000000    
   0.00000000       0.00000000       0.00000000    
   0.00000000       0.00000000       0.00000000    
   0.00000000       0.00000000       0.00000000    
   14001.2939       57.6931305       50.0000000    
   14001.1299       57.7047882       50.0000000    
   0.00000000       0.00000000       0.00000000    
   14012.0293       57.6959801       50.0000000    
   14083.6465       57.6242142       50.0000000    
   0.00000000       0.00000000       0.00000000    
   13986.6699       57.6833611       50.0000000    
   13979.2754       57.6195641       50.0000000    
   0.00000000       0.00000000       0.00000000    
   13937.9854       57.6280174       50.0000000    
   13958.6924       57.5848656       50.0000000    
   0.00000000       0.00000000       0.00000000    
   12950.8926       112.817406       100.000000    
   13909.1689       57.5308266       50.0000000    
   0.00000000       0.00000000       0.00000000    
   12927.5176       112.520645       100.000000    
   12965.4844       112.470268       100.000000    
   0.00000000       0.00000000       0.00000000    
   12792.1309       112.335396       100.000000    
   12793.0127       112.120247       100.000000    
   12037.0771       108.812157       100.000000    
   12711.2070       111.626221       100.000000    
   12735.5898       111.672745       100.000000    
   12008.9160       107.973328       100.000000    
   12512.6104       111.069107       100.000000    
   12618.8203       110.790764       100.000000    
   11866.3018       105.812263       100.000000    
   12504.1689       110.444153       100.000000    
   12531.5576       110.188530       100.000000    
   11663.3311       103.812790       100.000000    
   12322.1152       109.246979       100.000000    
   12437.1533       108.748611       100.000000    
   11564.2939       102.085793       100.000000    
   12218.3418       108.119926       100.000000    
   12235.0586       107.470512       100.000000    
   11422.6006       98.3645935       100.000000    
   12115.1768       106.030273       100.000000    
   12081.0459       105.865669       100.000000    
   11138.9482       93.2402496       100.000000    
   11835.8643       103.938889       100.000000    
   11868.8594       103.321823       100.000000    
   10803.9619       87.1459045       100.000000    
   11689.7109       100.761322       100.000000    
   11559.5488       100.446976       100.000000    
   10526.6563       77.1678009       100.000000    
   11498.9541       94.9002457       100.000000    
   11457.5859       94.3234100       100.000000    
   0.00000000       0.00000000       0.00000000    
   0.00000000       0.00000000       0.00000000    
   0.00000000       0.00000000       0.00000000    
   0.00000000       0.00000000       0.00000000    
   0.00000000       0.00000000       0.00000000    
   0.00000000       0.00000000       0.00000000    
   0.00000000       0.00000000       0.00000000    
   0.00000000       0.00000000       0.00000000    
   0.00000000       0.00000000       0.00000000    
   0.00000000       0.00000000       0.00000000    
   0.00000000       0.00000000       0.00000000    
   0.00000000       0.00000000       0.00000000    
   0.00000000       0.00000000       0.00000000    
   0.00000000       0.00000000       0.00000000    
   0.00000000       0.00000000       0.00000000    
   0.00000000       0.00000000       0.00000000    
   0.00000000       0.00000000       0.00000000    
   0.00000000       0.00000000       0.00000000    
   0.00000000       0.00000000       0.00000000    
   12880.9453       112.486496       100.000000    
   12876.3252       112.424469       100.000000    
   0.00000000       0.00000000       0.00000000    
   12826.4150       112.483109       100.000000    
   12957.1465       112.213684       100.000000    
   0.00000000       0.00000000       0.00000000    
   12845.6875       112.409019       100.000000    
   12865.4492       112.145355       100.000000    
   0.00000000       0.00000000       0.00000000    
   12865.6563       112.196518       100.000000    
   12808.0537       112.115791       100.000000    
   12011.6299       108.535973       100.000000    
   12727.5801       111.760948       100.000000    
   12788.9883       111.948730       100.000000    
   12011.5859       108.237961       100.000000    
   12615.9072       111.228477       100.000000    
   12645.6016       111.316887       100.000000    
   11922.6572       107.845116       100.000000    
   12512.7764       110.992180       100.000000    
   12543.2344       110.787376       100.000000    
   11878.9248       106.018959       100.000000    
   12540.8936       110.272369       100.000000    
   12512.2588       110.199081       100.000000    
   11713.0322       104.308571       100.000000    
   12364.9199       109.264160       100.000000    
   12394.9844       109.260681       100.000000    
   11565.3857       102.530655       100.000000    
   12301.1504       108.588341       100.000000    
   12318.5186       108.294022       100.000000    
   11361.5186       99.4211960       100.000000    
   12121.1133       107.462418       100.000000    
   12199.1338       107.224564       100.000000    
   11237.7979       96.7854767       100.000000    
   11988.9932       105.664322       100.000000    
   11918.8008       105.324387       100.000000    
   11097.0303       92.2006073       100.000000    
   11756.1484       104.361519       100.000000    
   11809.6553       102.977409       100.000000    
   10826.6816       86.0701218       100.000000    
   11592.3066       101.090012       100.000000    
   11572.8994       100.337860       100.000000    
   10579.3770       77.6986237       100.000000    
   11454.8701       94.6574402       100.000000    
   11354.6250       94.5215683       100.000000    
   0.00000000       0.00000000       0.00000000    
   0.00000000       0.00000000       0.00000000    
   0.00000000       0.00000000       0.00000000    
   0.00000000       0.00000000       0.00000000    
   0.00000000       0.00000000       0.00000000    
   0.00000000       0.00000000       0.00000000    
   0.00000000       0.00000000       0.00000000    
   0.00000000       0.00000000       0.00000000    
   0.00000000       0.00000000       0.00000000    
   0.00000000       0.00000000       0.00000000    
   0.00000000       0.00000000       0.00000000    
   0.00000000       0.00000000       0.00000000    
   0.00000000       0.00000000       0.00000000    
   0.00000000       0.00000000       0.00000000    
   0.00000000       0.00000000       0.00000000    
   0.00000000       0.00000000       0.00000000    
   0.00000000       0.00000000       0.00000000    
   0.00000000       0.00000000       0.00000000    
   0.00000000       0.00000000       0.00000000    
   0.00000000       0.00000000       0.00000000    
   0.00000000       0.00000000       0.00000000    
   0.00000000       0.00000000       0.00000000    
   12589.9043       111.056053       100.000000    
   12607.5381       111.068466       100.000000    
   11909.1826       107.293320       100.000000    
   12612.0322       111.176559       100.000000    
   12705.3828       110.893593       100.000000    
   11913.6328       107.146278       100.000000    
   12634.5693       110.963646       100.000000    
   12651.7568       110.751495       100.000000    
   11866.7354       107.346916       100.000000    
   12559.3047       110.910645       100.000000    
   12580.3145       110.681114       100.000000    
   11754.0186       105.598213       100.000000    
   12475.9150       110.478065       100.000000    
   12553.0586       110.512329       100.000000    
   11814.6602       104.683235       100.000000    
   12378.8760       109.770981       100.000000    
   12485.0703       109.863976       100.000000    
   11646.7998       104.051804       100.000000    
   12372.8770       109.263351       100.000000    
   12319.5020       109.076019       100.000000    
   11593.3799       102.042343       100.000000    
   12308.5264       108.593384       100.000000    
   12279.7666       108.307175       100.000000    
   11409.3320       99.6938553       100.000000    
   12100.2920       107.654427       100.000000    
   12226.7188       107.396790       100.000000    
   11259.9307       97.7060165       100.000000    
   11965.2793       106.582108       100.000000    
   12010.2256       105.948128       100.000000    
   11132.9482       93.1191940       100.000000    
   11978.6807       105.091881       100.000000    
   11917.5635       104.610214       100.000000    
   10968.0967       89.0184708       100.000000    
   11839.8047       102.648422       100.000000    
   11740.8135       102.672005       100.000000    
   10694.5332       85.0625458       100.000000    
   11531.7402       100.614998       100.000000    
   11452.9961       99.3619537       100.000000    
   10467.0264       77.2697601       100.000000    
   11396.1406       95.6039352       100.000000    
   11421.8936       93.0833588       100.000000    
   0.00000000       0.00000000       0.00000000    
   0.00000000       0.00000000       0.00000000    
   0.00000000       0.00000000       0.00000000    
   0.00000000       0.00000000       0.00000000    
   0.00000000       0.00000000       0.00000000    
   0.00000000       0.00000000       0.00000000    
   0.00000000       0.00000000       0.00000000    
   0.00000000       0.00000000       0.00000000    
   0.00000000       0.00000000       0.00000000    
   0.00000000       0.00000000       0.00000000    
   0.00000000       0.00000000       0.00000000    
   0.00000000       0.00000000       0.00000000    
   0.00000000       0.00000000       0.00000000    
   0.00000000       0.00000000       0.00000000    
   0.00000000       0.00000000       0.00000000    
   0.00000000       0.00000000       0.00000000    
   0.00000000       0.00000000       0.00000000    
   0.00000000       0.00000000       0.00000000    
   0.00000000       0.00000000       0.00000000    
   0.00000000       0.00000000       0.00000000    
   0.00000000       0.00000000       0.00000000    
   0.00000000       0.00000000       0.00000000    
   0.00000000       0.00000000       0.00000000    
   0.00000000       0.00000000       0.00000000    
   0.00000000       0.00000000       0.00000000    
   12339.0898       109.567276       100.000000    
   12399.5723       109.249481       100.000000    
   11607.8701       103.243683       100.000000    
   12364.8711       109.635887       100.000000    
   12393.5615       109.367966       100.000000    
   11596.2305       102.851570       100.000000    
   12354.5566       109.282600       100.000000    
   12350.4668       109.094177       100.000000    
   11615.1455       103.131363       100.000000    
   12298.3633       109.151794       100.000000    
   12364.2432       108.768700       100.000000    
   11513.1885       101.184151       100.000000    
   12335.3438       108.741341       100.000000    
   12331.5586       108.618942       100.000000    
   11424.9580       100.249504       100.000000    
   12197.0830       107.603600       100.000000    
   12285.7637       107.819221       100.000000    
   11418.0908       98.7980804       100.000000    
   12126.7422       107.013535       100.000000    
   12119.0391       106.865669       100.000000    
   11261.3594       96.3946304       100.000000    
   11977.9795       106.529762       100.000000    
   12013.7432       106.013527       100.000000    
   11132.8975       93.6658173       100.000000    
   11940.5508       105.483009       100.000000    
   11937.3691       104.904976       100.000000    
   10930.4150       90.3744583       100.000000    
   11785.2891       103.603683       100.000000    
   11751.0850       103.092087       100.000000    
   10811.4834       85.0663605       100.000000    
   11661.9551       101.478638       100.000000    
   11624.5293       100.903580       100.000000    
   10610.7793       80.3965836       100.000000    
   11553.2158       99.0482864       100.000000    
   11554.1260       97.5185013       100.000000    
   0.00000000       0.00000000       0.00000000    
   11384.7539       91.8835449       100.000000    
   0.00000000       0.00000000       0.00000000    
   0.00000000       0.00000000       0.00000000    
   0.00000000       0.00000000       0.00000000    
   0.00000000       0.00000000       0.00000000    
   0.00000000       0.00000000       0.00000000    
   0.00000000       0.00000000       0.00000000    
   0.00000000       0.00000000       0.00000000    
   0.00000000       0.00000000       0.00000000    
   0.00000000       0.00000000       0.00000000    
   0.00000000       0.00000000       0.00000000    
   0.00000000       0.00000000       0.00000000    
   0.00000000       0.00000000       0.00000000    
   0.00000000       0.00000000       0.00000000    
   0.00000000       0.00000000       0.00000000    
   0.00000000       0.00000000       0.00000000    
   0.00000000       0.00000000       0.00000000    
   0.00000000       0.00000000       0.00000000    
   0.00000000       0.00000000       0.00000000    
   0.00000000       0.00000000       0.00000000    
   0.00000000       0.00000000       0.00000000    
   0.00000000       0.00000000       0.00000000    
   0.00000000       0.00000000       0.00000000    
   0.00000000       0.00000000       0.00000000    
   0.00000000       0.00000000       0.00000000    
   0.00000000       0.00000000       0.00000000    
   0.00000000       0.00000000       0.00000000    
   0.00000000       0.00000000       0.00000000    
   0.00000000       0.00000000       0.00000000    
   0.00000000       0.00000000       0.00000000    
   12111.6250       107.349182       100.000000    
   12145.6807       107.003403       100.000000    
   11306.9492       97.9023895       100.000000    
   12167.1563       107.274712       100.000000    
   12180.7285       107.026306       100.000000    
   11292.7832       96.8082199       100.000000    
   12106.2734       107.210960       100.000000    
   12108.3887       106.902763       100.000000    
   11279.9131       96.7945862       100.000000    
   12070.1602       106.857208       100.000000    
   12116.0195       106.478439       100.000000    
   11162.4004       95.8561096       100.000000    
   12009.6709       106.716003       100.000000    
   12098.1045       105.966888       100.000000    
   11039.8994       94.2394638       100.000000    
   11934.9766       105.180847       100.000000    
   12027.1709       105.378510       100.000000    
   11064.1777       91.6391525       100.000000    
   11870.9502       104.488609       100.000000    
   11869.7598       104.165314       100.000000    
   10883.6748       88.1405792       100.000000    
   11805.1084       103.306198       100.000000    
   11716.7646       103.035995       100.000000    
   10798.6074       84.6786728       100.000000    
   11695.4131       101.819351       100.000000    
   11617.2314       101.184357       100.000000    
   10600.8438       80.1283417       100.000000    
   11526.3701       99.2173538       100.000000    
   11521.3750       98.1275711       100.000000    
   0.00000000       0.00000000       0.00000000    
   11474.7725       94.4225693       100.000000    
   11364.9326       93.5523376       100.000000    
   0.00000000       0.00000000       0.00000000    
   0.00000000       0.00000000       0.00000000    
   0.00000000       0.00000000       0.00000000    
   0.00000000       0.00000000       0.00000000    
   0.00000000       0.00000000       0.00000000    
   0.00000000       0.00000000       0.00000000    
   0.00000000       0.00000000       0.00000000    
   0.00000000       0.00000000       0.00000000    
   0.00000000       0.00000000       0.00000000    
   0.00000000       0.00000000       0.00000000    
   0.00000000       0.00000000       0.00000000    
   0.00000000       0.00000000       0.00000000    
   0.00000000       0.00000000       0.00000000    
   0.00000000       0.00000000       0.00000000    
   0.00000000       0.00000000       0.00000000    
   0.00000000       0.00000000       0.00000000    
   0.00000000       0.00000000       0.00000000    
   0.00000000       0.00000000       0.00000000    
   0.00000000       0.00000000       0.00000000    
   0.00000000       0.00000000       0.00000000    
   0.00000000       0.00000000       0.00000000    
   0.00000000       0.00000000       0.00000000    
   0.00000000       0.00000000       0.00000000    
   0.00000000       0.00000000       0.00000000    
   0.00000000       0.00000000       0.00000000    
   0.00000000       0.00000000       0.00000000    
   0.00000000       0.00000000       0.00000000    
   0.00000000       0.00000000       0.00000000    
   0.00000000       0.00000000       0.00000000    
   0.00000000       0.00000000       0.00000000    
   0.00000000       0.00000000       0.00000000    
   0.00000000       0.00000000       0.00000000    
   0.00000000       0.00000000       0.00000000    
   0.00000000       0.00000000       0.00000000    
   11890.2998       104.417923       100.000000    
   11877.3525       104.082512       100.000000    
   10885.6650       89.9298401       100.000000    
   11824.8604       104.808517       100.000000    
   11869.9375       103.940414       100.000000    
   10922.5244       88.7369843       100.000000    
   11893.4160       104.226669       100.000000    
   11848.1484       103.811134       100.000000    
   10927.0811       88.9050903       100.000000    
   11877.7100       103.781509       100.000000    
   11840.8887       103.316376       100.000000    
   10802.1084       87.2126541       100.000000    
   11704.1270       103.757881       100.000000    
   11719.3975       102.637245       100.000000    
   10672.3525       84.9422379       100.000000    
   11660.9199       101.929245       100.000000    
   11673.5742       101.770737       100.000000    
   10731.3340       81.2457886       100.000000    
   11581.4414       99.9166794       100.000000    
   11596.9893       99.8195801       100.000000    
   10496.9316       76.6889420       100.000000    
   11553.8027       98.1869049       100.000000    
   11460.3457       97.1073837       100.000000    
   0.00000000       0.00000000       0.00000000    
   11380.1719       95.4580765       100.000000    
   11363.4756       93.6353378       100.000000    
   0.00000000       0.00000000       0.00000000    
   0.00000000       0.00000000       0.00000000    
   0.00000000       0.00000000       0.00000000    
   0.00000000       0.00000000       0.00000000    
   0.00000000       0.00000000       0.00000000    
   0.00000000       0.00000000       0.00000000    
   0.00000000       0.00000000       0.00000000    
   0.00000000       0.00000000       0.00000000    
   0.00000000       0.00000000       0.00000000    
   0.00000000       0.00000000       0.00000000    
   0.00000000       0.00000000       0.00000000    
   0.00000000       0.00000000       0.00000000    
   0.00000000       0.00000000       0.00000000    
   0.00000000       0.00000000       0.00000000    
   0.00000000       0.00000000       0.00000000    
   0.00000000       0.00000000       0.00000000    
   0.00000000       0.00000000       0.00000000    
   0.00000000       0.00000000       0.00000000    
   0.00000000       0.00000000       0.00000000    
   0.00000000       0.00000000       0.00000000    
   0.00000000       0.00000000       0.00000000    
   0.00000000       0.00000000       0.00000000    
   0.00000000       0.00000000       0.00000000    
   0.00000000       0.00000000       0.00000000    
   0.00000000       0.00000000       0.00000000    
   0.00000000       0.00000000       0.00000000    
   0.00000000       0.00000000       0.00000000    
   0.00000000       0.00000000       0.00000000    
   0.00000000       0.00000000       0.00000000    
   0.00000000       0.00000000       0.00000000    
   0.00000000       0.00000000       0.00000000    
   0.00000000       0.00000000       0.00000000    
   0.00000000       0.00000000       0.00000000    
   0.00000000       0.00000000       0.00000000    
   0.00000000       0.00000000       0.00000000    
   0.00000000       0.00000000       0.00000000    
   0.00000000       0.00000000       0.00000000    
   0.00000000       0.00000000       0.00000000    
   0.00000000       0.00000000       0.00000000    
   0.00000000       0.00000000       0.00000000    
   11618.2402       99.5810165       100.000000    
   11544.9922       99.2718430       100.000000    
   10467.7373       76.0089722       100.000000    
   11664.3711       99.6356583       100.000000    
   11582.7695       99.1679993       100.000000    
   10555.0029       75.8384018       100.000000    
   11524.2705       99.6803131       100.000000    
   11558.8730       98.1801834       100.000000    
   10549.1475       76.7012634       100.000000    
   11566.4766       99.1208191       100.000000    
   11487.8350       98.4032059       100.000000    
   0.00000000       0.00000000       0.00000000    
   11508.7793       98.1655350       100.000000    
   11487.0244       97.2653351       100.000000    
   0.00000000       0.00000000       0.00000000    
   11420.7139       95.8846893       100.000000    
   11410.4453       94.3758774       100.000000    
   0.00000000       0.00000000       0.00000000    
   0.00000000       0.00000000       0.00000000    
   0.00000000       0.00000000       0.00000000    
   0.00000000       0.00000000       0.00000000    
   0.00000000       0.00000000       0.00000000    
   0.00000000       0.00000000       0.00000000    
   0.00000000       0.00000000       0.00000000    
   0.00000000       0.00000000       0.00000000    
   0.00000000       0.00000000       0.00000000    
   0.00000000       0.00000000       0.00000000    
   0.00000000       0.00000000       0.00000000    
   0.00000000       0.00000000       0.00000000    
   0.00000000       0.00000000       0.00000000    
   0.00000000       0.00000000       0.00000000    
   0.00000000       0.00000000       0.00000000    
   0.00000000       0.00000000       0.00000000    
   0.00000000       0.00000000       0.00000000    
   0.00000000       0.00000000       0.00000000    
   0.00000000       0.00000000       0.00000000    
   0.00000000       0.00000000       0.00000000    
   0.00000000       0.00000000       0.00000000    
   0.00000000       0.00000000       0.00000000    
   0.00000000       0.00000000       0.00000000    
   0.00000000       0.00000000       0.00000000    
   0.00000000       0.00000000       0.00000000    
   0.00000000       0.00000000       0.00000000    
   0.00000000       0.00000000       0.00000000    
   0.00000000       0.00000000       0.00000000    
   0.00000000       0.00000000       0.00000000    
   0.00000000       0.00000000       0.00000000    
   0.00000000       0.00000000       0.00000000    
   0.00000000       0.00000000       0.00000000    
   0.00000000       0.00000000       0.00000000    
   0.00000000       0.00000000       0.00000000    
   0.00000000       0.00000000       0.00000000    
   0.00000000       0.00000000       0.00000000    
   0.00000000       0.00000000       0.00000000    
   0.00000000       0.00000000       0.00000000    
   0.00000000       0.00000000       0.00000000    
   0.00000000       0.00000000       0.00000000    
   0.00000000       0.00000000       0.00000000    
   0.00000000       0.00000000       0.00000000    
   0.00000000       0.00000000       0.00000000    
   0.00000000       0.00000000       0.00000000    
   0.00000000       0.00000000       0.00000000    
   0.00000000       0.00000000       0.00000000    
   0.00000000       0.00000000       0.00000000    
   0.00000000       0.00000000       0.00000000    
   0.00000000       0.00000000       0.00000000    
   0.00000000       0.00000000       0.00000000    
   0.00000000       0.00000000       0.00000000    
   0.00000000       0.00000000       0.00000000    
   0.00000000       0.00000000       0.00000000    
   0.00000000       0.00000000       0.00000000    
   0.00000000       0.00000000       0.00000000    
   0.00000000       0.00000000       0.00000000    
   0.00000000       0.00000000       0.00000000    
   0.00000000       0.00000000       0.00000000    
   0.00000000       0.00000000       0.00000000    
   0.00000000       0.00000000       0.00000000    
   0.00000000       0.00000000       0.00000000    
   0.00000000       0.00000000       0.00000000    
   0.00000000       0.00000000       0.00000000    
   0.00000000       0.00000000       0.00000000    
   0.00000000       0.00000000       0.00000000    
   0.00000000       0.00000000       0.00000000    
   0.00000000       0.00000000       0.00000000    
   0.00000000       0.00000000       0.00000000    
   0.00000000       0.00000000       0.00000000    
   0.00000000       0.00000000       0.00000000    
   0.00000000       0.00000000       0.00000000    
   0.00000000       0.00000000       0.00000000    
   0.00000000       0.00000000       0.00000000    
   0.00000000       0.00000000       0.00000000    
   0.00000000       0.00000000       0.00000000    
   0.00000000       0.00000000       0.00000000    
   0.00000000       0.00000000       0.00000000    
   0.00000000       0.00000000       0.00000000    
   0.00000000       0.00000000       0.00000000    
   0.00000000       0.00000000       0.00000000    
   0.00000000       0.00000000       0.00000000    
   0.00000000       0.00000000       0.00000000    
   0.00000000       0.00000000       0.00000000    
   0.00000000       0.00000000       0.00000000    
   0.00000000       0.00000000       0.00000000    
   0.00000000       0.00000000       0.00000000    
   0.00000000       0.00000000       0.00000000    
   0.00000000       0.00000000       0.00000000    
   0.00000000       0.00000000       0.00000000    
   0.00000000       0.00000000       0.00000000    
   0.00000000       0.00000000       0.00000000    
   0.00000000       0.00000000       0.00000000    
   0.00000000       0.00000000       0.00000000    
   0.00000000       0.00000000       0.00000000    
   0.00000000       0.00000000       0.00000000    
   0.00000000       0.00000000       0.00000000    
   0.00000000       0.00000000       0.00000000    
   0.00000000       0.00000000       0.00000000    
   0.00000000       0.00000000       0.00000000    
   0.00000000       0.00000000       0.00000000    
   0.00000000       0.00000000       0.00000000    
   0.00000000       0.00000000       0.00000000    
   0.00000000       0.00000000       0.00000000    
   0.00000000       0.00000000       0.00000000    
   0.00000000       0.00000000       0.00000000    
   0.00000000       0.00000000       0.00000000    
   0.00000000       0.00000000       0.00000000    
   0.00000000       0.00000000       0.00000000    
   0.00000000       0.00000000       0.00000000    
   0.00000000       0.00000000       0.00000000    
   0.00000000       0.00000000       0.00000000    
   0.00000000       0.00000000       0.00000000    
   0.00000000       0.00000000       0.00000000    
   0.00000000       0.00000000       0.00000000    
   0.00000000       0.00000000       0.00000000    
