
 Mean ionic ratio <ion>/<H+>

 Total, integrated over all nebular components

 Element      Ion        <ion>/<H+>I     <ion>/<H+>II

           1           1   6.32162094E-02
           1           2  0.936783791    
           1           3   0.00000000    
           1           4   0.00000000    
           1           5   0.00000000    
           1           6   0.00000000    
           1           7   0.00000000    
           2           1   1.84366591E-02
           2           2  0.602112234    
           2           3  0.379451066    
           2           4   0.00000000    
           2           5   0.00000000    
           2           6   0.00000000    
           2           7   0.00000000    
           3           1   0.00000000    
           3           2   0.00000000    
           3           3   0.00000000    
           3           4   0.00000000    
           3           5   0.00000000    
           3           6   0.00000000    
           3           7   0.00000000    
           4           1   0.00000000    
           4           2   0.00000000    
           4           3   0.00000000    
           4           4   0.00000000    
           4           5   0.00000000    
           4           6   0.00000000    
           4           7   0.00000000    
           5           1   0.00000000    
           5           2   0.00000000    
           5           3   0.00000000    
           5           4   0.00000000    
           5           5   0.00000000    
           5           6   0.00000000    
           5           7   0.00000000    
           6           1   6.30209967E-03
           6           2  0.261552840    
           6           3  0.603796244    
           6           4  0.105733193    
           6           5   2.26156153E-02
           6           6   1.82602360E-13
           6           7   1.00000094E-20
           7           1   7.81469420E-03
           7           2  0.435789198    
           7           3  0.418600142    
           7           4  0.101307347    
           7           5   2.93288007E-02
           7           6   7.15984730E-03
           7           7   6.95399752E-14
           8           1   6.20036647E-02
           8           2  0.424360514    
           8           3  0.376429915    
           8           4   9.81068909E-02
           8           5   3.43986750E-02
           8           6   4.68021771E-03
           8           7   2.01126695E-05
           9           1   0.00000000    
           9           2   0.00000000    
           9           3   0.00000000    
           9           4   0.00000000    
           9           5   0.00000000    
           9           6   0.00000000    
           9           7   0.00000000    
          10           1   3.56627366E-04
          10           2   5.91978505E-02
          10           3  0.810967982    
          10           4   9.37265307E-02
          10           5   3.55170481E-02
          10           6   2.33901505E-04
          10           7   6.46698055E-08
          11           1   0.00000000    
          11           2   0.00000000    
          11           3   0.00000000    
          11           4   0.00000000    
          11           5   0.00000000    
          11           6   0.00000000    
          11           7   0.00000000    
          12           1   0.00000000    
          12           2   0.00000000    
          12           3   0.00000000    
          12           4   0.00000000    
          12           5   0.00000000    
          12           6   0.00000000    
          12           7   0.00000000    
          13           1   0.00000000    
          13           2   0.00000000    
          13           3   0.00000000    
          13           4   0.00000000    
          13           5   0.00000000    
          13           6   0.00000000    
          13           7   0.00000000    
          14           1   0.00000000    
          14           2   0.00000000    
          14           3   0.00000000    
          14           4   0.00000000    
          14           5   0.00000000    
          14           6   0.00000000    
          14           7   0.00000000    
          15           1   0.00000000    
          15           2   0.00000000    
          15           3   0.00000000    
          15           4   0.00000000    
          15           5   0.00000000    
          15           6   0.00000000    
          15           7   0.00000000    
          16           1   1.28865871E-03
          16           2  0.154790699    
          16           3  0.645466566    
          16           4  0.111760184    
          16           5   4.95318361E-02
          16           6   2.86545418E-02
          16           7   8.50749854E-03
          17           1   0.00000000    
          17           2   0.00000000    
          17           3   0.00000000    
          17           4   0.00000000    
          17           5   0.00000000    
          17           6   0.00000000    
          17           7   0.00000000    
          18           1   5.49330958E-04
          18           2   3.14406194E-02
          18           3  0.631290555    
          18           4  0.213703826    
          18           5   4.40447964E-02
          18           6   5.34873083E-02
          18           7   2.54835859E-02
          19           1   0.00000000    
          19           2   0.00000000    
          19           3   0.00000000    
          19           4   0.00000000    
          19           5   0.00000000    
          19           6   0.00000000    
          19           7   0.00000000    
          20           1   0.00000000    
          20           2   0.00000000    
          20           3   0.00000000    
          20           4   0.00000000    
          20           5   0.00000000    
          20           6   0.00000000    
          20           7   0.00000000    
          21           1   0.00000000    
          21           2   0.00000000    
          21           3   0.00000000    
          21           4   0.00000000    
          21           5   0.00000000    
          21           6   0.00000000    
          21           7   0.00000000    
          22           1   0.00000000    
          22           2   0.00000000    
          22           3   0.00000000    
          22           4   0.00000000    
          22           5   0.00000000    
          22           6   0.00000000    
          22           7   0.00000000    
          23           1   0.00000000    
          23           2   0.00000000    
          23           3   0.00000000    
          23           4   0.00000000    
          23           5   0.00000000    
          23           6   0.00000000    
          23           7   0.00000000    
          24           1   0.00000000    
          24           2   0.00000000    
          24           3   0.00000000    
          24           4   0.00000000    
          24           5   0.00000000    
          24           6   0.00000000    
          24           7   0.00000000    
          25           1   0.00000000    
          25           2   0.00000000    
          25           3   0.00000000    
          25           4   0.00000000    
          25           5   0.00000000    
          25           6   0.00000000    
          25           7   0.00000000    
          26           1   0.00000000    
          26           2   0.00000000    
          26           3   0.00000000    
          26           4   0.00000000    
          26           5   0.00000000    
          26           6   0.00000000    
          26           7   0.00000000    
          27           1   0.00000000    
          27           2   0.00000000    
          27           3   0.00000000    
          27           4   0.00000000    
          27           5   0.00000000    
          27           6   0.00000000    
          27           7   0.00000000    
          28           1   0.00000000    
          28           2   0.00000000    
          28           3   0.00000000    
          28           4   0.00000000    
          28           5   0.00000000    
          28           6   0.00000000    
          28           7   0.00000000    
          29           1   0.00000000    
          29           2   0.00000000    
          29           3   0.00000000    
          29           4   0.00000000    
          29           5   0.00000000    
          29           6   0.00000000    
          29           7   0.00000000    
          30           1   0.00000000    
          30           2   0.00000000    
          30           3   0.00000000    
          30           4   0.00000000    
          30           5   0.00000000    
          30           6   0.00000000    
          30           7   0.00000000    

 Mean ionic ratio <ion>/<H+>

 Component :            1

 Element      Ion        <ion>/<H+>I     <ion>/<H+>II

           1           1   6.32162094E-02
           1           2  0.936783791    
           1           3   0.00000000    
           1           4   0.00000000    
           1           5   0.00000000    
           1           6   0.00000000    
           1           7   0.00000000    
           2           1   1.84366591E-02
           2           2  0.602112234    
           2           3  0.379451066    
           2           4   0.00000000    
           2           5   0.00000000    
           2           6   0.00000000    
           2           7   0.00000000    
           3           1   0.00000000    
           3           2   0.00000000    
           3           3   0.00000000    
           3           4   0.00000000    
           3           5   0.00000000    
           3           6   0.00000000    
           3           7   0.00000000    
           4           1   0.00000000    
           4           2   0.00000000    
           4           3   0.00000000    
           4           4   0.00000000    
           4           5   0.00000000    
           4           6   0.00000000    
           4           7   0.00000000    
           5           1   0.00000000    
           5           2   0.00000000    
           5           3   0.00000000    
           5           4   0.00000000    
           5           5   0.00000000    
           5           6   0.00000000    
           5           7   0.00000000    
           6           1   6.30209967E-03
           6           2  0.261552840    
           6           3  0.603796244    
           6           4  0.105733193    
           6           5   2.26156153E-02
           6           6   1.82602360E-13
           6           7   1.00000094E-20
           7           1   7.81469420E-03
           7           2  0.435789198    
           7           3  0.418600142    
           7           4  0.101307347    
           7           5   2.93288007E-02
           7           6   7.15984730E-03
           7           7   6.95399752E-14
           8           1   6.20036647E-02
           8           2  0.424360514    
           8           3  0.376429915    
           8           4   9.81068909E-02
           8           5   3.43986750E-02
           8           6   4.68021771E-03
           8           7   2.01126695E-05
           9           1   0.00000000    
           9           2   0.00000000    
           9           3   0.00000000    
           9           4   0.00000000    
           9           5   0.00000000    
           9           6   0.00000000    
           9           7   0.00000000    
          10           1   3.56627366E-04
          10           2   5.91978505E-02
          10           3  0.810967982    
          10           4   9.37265307E-02
          10           5   3.55170481E-02
          10           6   2.33901505E-04
          10           7   6.46698055E-08
          11           1   0.00000000    
          11           2   0.00000000    
          11           3   0.00000000    
          11           4   0.00000000    
          11           5   0.00000000    
          11           6   0.00000000    
          11           7   0.00000000    
          12           1   0.00000000    
          12           2   0.00000000    
          12           3   0.00000000    
          12           4   0.00000000    
          12           5   0.00000000    
          12           6   0.00000000    
          12           7   0.00000000    
          13           1   0.00000000    
          13           2   0.00000000    
          13           3   0.00000000    
          13           4   0.00000000    
          13           5   0.00000000    
          13           6   0.00000000    
          13           7   0.00000000    
          14           1   0.00000000    
          14           2   0.00000000    
          14           3   0.00000000    
          14           4   0.00000000    
          14           5   0.00000000    
          14           6   0.00000000    
          14           7   0.00000000    
          15           1   0.00000000    
          15           2   0.00000000    
          15           3   0.00000000    
          15           4   0.00000000    
          15           5   0.00000000    
          15           6   0.00000000    
          15           7   0.00000000    
          16           1   1.28865871E-03
          16           2  0.154790699    
          16           3  0.645466566    
          16           4  0.111760184    
          16           5   4.95318361E-02
          16           6   2.86545418E-02
          16           7   8.50749854E-03
          17           1   0.00000000    
          17           2   0.00000000    
          17           3   0.00000000    
          17           4   0.00000000    
          17           5   0.00000000    
          17           6   0.00000000    
          17           7   0.00000000    
          18           1   5.49330958E-04
          18           2   3.14406194E-02
          18           3  0.631290555    
          18           4  0.213703826    
          18           5   4.40447964E-02
          18           6   5.34873083E-02
          18           7   2.54835859E-02
          19           1   0.00000000    
          19           2   0.00000000    
          19           3   0.00000000    
          19           4   0.00000000    
          19           5   0.00000000    
          19           6   0.00000000    
          19           7   0.00000000    
          20           1   0.00000000    
          20           2   0.00000000    
          20           3   0.00000000    
          20           4   0.00000000    
          20           5   0.00000000    
          20           6   0.00000000    
          20           7   0.00000000    
          21           1   0.00000000    
          21           2   0.00000000    
          21           3   0.00000000    
          21           4   0.00000000    
          21           5   0.00000000    
          21           6   0.00000000    
          21           7   0.00000000    
          22           1   0.00000000    
          22           2   0.00000000    
          22           3   0.00000000    
          22           4   0.00000000    
          22           5   0.00000000    
          22           6   0.00000000    
          22           7   0.00000000    
          23           1   0.00000000    
          23           2   0.00000000    
          23           3   0.00000000    
          23           4   0.00000000    
          23           5   0.00000000    
          23           6   0.00000000    
          23           7   0.00000000    
          24           1   0.00000000    
          24           2   0.00000000    
          24           3   0.00000000    
          24           4   0.00000000    
          24           5   0.00000000    
          24           6   0.00000000    
          24           7   0.00000000    
          25           1   0.00000000    
          25           2   0.00000000    
          25           3   0.00000000    
          25           4   0.00000000    
          25           5   0.00000000    
          25           6   0.00000000    
          25           7   0.00000000    
          26           1   0.00000000    
          26           2   0.00000000    
          26           3   0.00000000    
          26           4   0.00000000    
          26           5   0.00000000    
          26           6   0.00000000    
          26           7   0.00000000    
          27           1   0.00000000    
          27           2   0.00000000    
          27           3   0.00000000    
          27           4   0.00000000    
          27           5   0.00000000    
          27           6   0.00000000    
          27           7   0.00000000    
          28           1   0.00000000    
          28           2   0.00000000    
          28           3   0.00000000    
          28           4   0.00000000    
          28           5   0.00000000    
          28           6   0.00000000    
          28           7   0.00000000    
          29           1   0.00000000    
          29           2   0.00000000    
          29           3   0.00000000    
          29           4   0.00000000    
          29           5   0.00000000    
          29           6   0.00000000    
          29           7   0.00000000    
          30           1   0.00000000    
          30           2   0.00000000    
          30           3   0.00000000    
          30           4   0.00000000    
          30           5   0.00000000    
          30           6   0.00000000    
          30           7   0.00000000    
