   1.00099996E-05   9103.57422      -1.00000000       0.00000000    
   1.03430684E-05   8810.41992      -1.00000000       0.00000000    
   1.06872230E-05   8526.70313      -1.00000000       0.00000000    
   1.10428282E-05   8252.12305      -1.00000000       0.00000000    
   1.14102668E-05   7986.38428      -1.00000000       0.00000000    
   1.17899308E-05   7729.20361      -1.00000000       0.00000000    
   1.21822286E-05   7480.30420      -1.00000000       0.00000000    
   1.25875795E-05   7239.42041      -1.00000000       0.00000000    
   1.30064172E-05   7006.29346      -1.00000000       0.00000000    
   1.34391921E-05   6780.67334      -1.00000000       0.00000000    
   1.38863661E-05   6562.31982      -1.00000000       0.00000000    
   1.43484203E-05   6350.99707      -1.00000000       0.00000000    
   1.48258487E-05   6146.47998      -1.00000000       0.00000000    
   1.53191631E-05   5948.54834      -1.00000000       0.00000000    
   1.58288913E-05   5756.99023      -1.00000000       0.00000000    
   1.63555796E-05   5571.60205      -1.00000000       0.00000000    
   1.68997940E-05   5392.18262      -1.00000000       0.00000000    
   1.74621164E-05   5218.54150      -1.00000000       0.00000000    
   1.80431507E-05   5050.49121      -1.00000000       0.00000000    
   1.86435173E-05   4887.85303      -1.00000000       0.00000000    
   1.92638599E-05   4730.45264      -1.00000000       0.00000000    
   1.99048445E-05   4578.12012      -1.00000000       0.00000000    
   2.05671568E-05   4430.69385      -1.00000000       0.00000000    
   2.12515060E-05   4288.01514      -1.00000000       0.00000000    
   2.19586273E-05   4149.93018      -1.00000000       0.00000000    
   2.26892771E-05   4016.29248      -1.00000000       0.00000000    
   2.34442377E-05   3886.95801      -1.00000000       0.00000000    
   2.42243204E-05   3761.78882      -1.00000000       0.00000000    
   2.50303583E-05   3640.64990      -1.00000000       0.00000000    
   2.58632172E-05   3523.41211      -1.00000000       0.00000000    
   2.67237865E-05   3409.95020      -1.00000000       0.00000000    
   2.76129922E-05   3300.14136      -1.00000000       0.00000000    
   2.85317856E-05   3193.86865      -1.00000000       0.00000000    
   2.94811489E-05   3091.01831      -1.00000000       0.00000000    
   3.04621026E-05   2991.48022      -1.00000000       0.00000000    
   3.14756981E-05   2895.14722      -1.00000000       0.00000000    
   3.25230176E-05   2801.91626      -1.00000000       0.00000000    
   3.36051853E-05   2711.68799      -1.00000000       0.00000000    
   3.47233618E-05   2624.36499      -1.00000000       0.00000000    
   3.58787438E-05   2539.85400      -1.00000000       0.00000000    
   3.70725684E-05   2458.06494      -1.00000000       0.00000000    
   3.83061197E-05   2378.90918      -1.00000000       0.00000000    
   3.95807147E-05   2302.30249      -1.00000000       0.00000000    
   4.08977212E-05   2228.16284      -1.00000000       0.00000000    
   4.22585508E-05   2156.41016      -1.00000000       0.00000000    
   4.36646551E-05   2086.96875      -1.00000000       0.00000000    
   4.51175511E-05   2019.76331      -1.00000000       0.00000000    
   4.66187885E-05   1954.72205      -1.00000000       0.00000000    
   4.81699790E-05   1891.77527      -1.00000000       0.00000000    
   4.97727815E-05   1830.85559      -1.00000000       0.00000000    
   5.14289204E-05   1771.89758      -1.00000000       0.00000000    
   5.31401602E-05   1714.83813      -1.00000000       0.00000000    
   5.49083416E-05   1659.61621      -1.00000000       0.00000000    
   5.67353563E-05   1606.17261      -1.00000000       0.00000000    
   5.86231654E-05   1554.44995      -1.00000000       0.00000000    
   6.05737878E-05   1504.39294      -1.00000000       0.00000000    
   6.25893153E-05   1455.94775      -1.00000000       0.00000000    
   6.46719054E-05   1409.06274      -1.00000000       0.00000000    
   6.68237990E-05   1363.68738      -1.00000000       0.00000000    
   6.90472880E-05   1319.77344      -1.00000000       0.00000000    
   7.13447589E-05   1277.27356      -1.00000000       0.00000000    
   7.37186783E-05   1236.14233      -1.00000000       0.00000000    
   7.61715928E-05   1196.33545      -1.00000000       0.00000000    
   7.87061144E-05   1157.81067      -1.00000000       0.00000000    
   8.13249790E-05   1120.52625      -1.00000000       0.00000000    
   8.40309804E-05   1084.44263      -1.00000000       0.00000000    
   8.68270217E-05   1049.52087      -1.00000000       0.00000000    
   8.97160935E-05   1015.72382      -1.00000000       0.00000000    
   9.27013025E-05   983.015015      -1.00000000       0.00000000    
   9.57858429E-05   951.359558      -1.00000000       0.00000000    
   9.89730106E-05   920.723511      -1.00000000       0.00000000    
   1.02266233E-04   891.073914      -1.00000000       0.00000000    
   1.05669031E-04   862.379211      -1.00000000       0.00000000    
   1.09185050E-04   834.608521      -1.00000000       0.00000000    
   1.12818067E-04   807.732117      -1.00000000       0.00000000    
   1.16571966E-04   781.721191      -1.00000000       0.00000000    
   1.20450772E-04   756.547913      -1.00000000       0.00000000    
   1.24458646E-04   732.185181      -1.00000000       0.00000000    
   1.28599873E-04   708.606995      -1.00000000       0.00000000    
   1.32878893E-04   685.788147      -1.00000000       0.00000000    
   1.37300289E-04   663.704224      -1.00000000       0.00000000    
   1.41868819E-04   642.331238      -1.00000000       0.00000000    
   1.46589344E-04   621.646667      -1.00000000       0.00000000    
   1.51466957E-04   601.628113      -1.00000000       0.00000000    
   1.56506852E-04   582.254211      -1.00000000       0.00000000    
   1.61714444E-04   563.504211      -1.00000000       0.00000000    
   1.67095321E-04   545.358032      -1.00000000       0.00000000    
   1.72655244E-04   527.796204      -1.00000000       0.00000000    
   1.78400165E-04   510.799835      -1.00000000       0.00000000    
   1.84336226E-04   494.350861      -1.00000000       0.00000000    
   1.90469815E-04   478.431580      -1.00000000       0.00000000    
   1.96807494E-04   463.024933      -1.00000000       0.00000000    
   2.03356060E-04   448.114349      -1.00000000       0.00000000    
   2.10122511E-04   433.683990      -1.00000000       0.00000000    
   2.17114110E-04   419.718323      -1.00000000       0.00000000    
   2.24338350E-04   406.202423      -1.00000000       0.00000000    
   2.31802958E-04   393.121704      -1.00000000       0.00000000    
   2.39515954E-04   380.462219      -1.00000000       0.00000000    
   2.47485586E-04   368.210419      -1.00000000       0.00000000    
   2.55720399E-04   356.353149      -1.00000000       0.00000000    
   2.64229224E-04   344.877716      -1.00000000       0.00000000    
   2.73021171E-04   333.771820      -1.00000000       0.00000000    
   2.82105670E-04   323.023560      -1.00000000       0.00000000    
   2.91492412E-04   312.621429      -1.00000000       0.00000000    
   3.01191525E-04   302.554230      -1.00000000       0.00000000    
   3.11213342E-04   292.811249      -1.00000000       0.00000000    
   3.21568630E-04   283.382050      -1.00000000       0.00000000    
   3.32268479E-04   274.256439      -1.00000000       0.00000000    
   3.43324355E-04   265.424744      -1.00000000       0.00000000    
   3.54748103E-04   256.877441      -1.00000000       0.00000000    
   3.66551976E-04   248.605316      -1.00000000       0.00000000    
   3.78748577E-04   240.599640      -1.00000000       0.00000000    
   3.91351030E-04   232.851761      -1.00000000       0.00000000    
   4.04372811E-04   225.353378      -1.00000000       0.00000000    
   4.17827890E-04   218.096436      -1.00000000       0.00000000    
   4.31730674E-04   211.073196      -1.00000000       0.00000000    
   4.46096034E-04   204.276123      -1.00000000       0.00000000    
   4.60939395E-04   197.697952      -1.00000000       0.00000000    
   4.76276677E-04   191.331604      -1.00000000       0.00000000    
   4.92124236E-04   185.170273      -1.00000000       0.00000000    
   5.08499157E-04   179.207321      -1.00000000       0.00000000    
   5.25418902E-04   173.436417      -1.00000000       0.00000000    
   5.42901689E-04   167.851334      -1.00000000       0.00000000    
   5.60966146E-04   162.446106      -1.00000000       0.00000000    
   5.79631713E-04   157.214966      -1.00000000       0.00000000    
   5.98918297E-04   152.152267      -1.00000000       0.00000000    
   6.18846680E-04   147.252579      -1.00000000       0.00000000    
   6.39438105E-04   142.510696      -1.00000000       0.00000000    
   6.60714752E-04   137.921509      -1.00000000       0.00000000    
   6.82699319E-04   133.480103      -1.00000000       0.00000000    
   7.05415383E-04   129.181717      -1.00000000       0.00000000    
   7.28887331E-04   125.021759      -1.00000000       0.00000000    
   7.53140310E-04   120.995743      -1.00000000       0.00000000    
   7.78200221E-04   117.099396      -1.00000000       0.00000000    
   8.04094016E-04   113.328499      -1.00000000       0.00000000    
   8.30849342E-04   109.679062      -1.00000000       0.00000000    
   8.58494954E-04   106.147125      -1.00000000       0.00000000    
   8.87060480E-04   102.728928      -1.00000000       0.00000000    
   9.16576479E-04   99.4208069      -1.00000000       0.00000000    
   9.47074557E-04   96.2192230      -1.00000000       0.00000000    
   9.78587428E-04   93.1207275      -1.00000000       0.00000000    
   1.01114891E-03   90.1220093      -1.00000000       0.00000000    
   1.04479375E-03   87.2198715      -1.00000000       0.00000000    
   1.07955816E-03   84.4111786      -1.00000000       0.00000000    
   1.11547927E-03   81.6929321      -1.00000000       0.00000000    
   1.15259562E-03   79.0622253      -1.00000000       0.00000000    
   1.19094702E-03   76.5162277      -1.00000000       0.00000000    
   1.23057445E-03   74.0522232      -1.00000000       0.00000000    
   1.27152051E-03   71.6675644      -1.00000000       0.00000000    
   1.31382910E-03   69.3596878      -1.00000000       0.00000000    
   1.35754526E-03   67.1261444      -1.00000000       0.00000000    
   1.40271615E-03   64.9645157      -1.00000000       0.00000000    
   1.44939008E-03   62.8724976      -1.00000000       0.00000000    
   1.49761687E-03   60.8478546      -1.00000000       0.00000000    
   1.54744845E-03   58.8884048      -1.00000000       0.00000000    
   1.59893814E-03   56.9920578      -1.00000000       0.00000000    
   1.65214110E-03   55.1567726      -1.00000000       0.00000000    
   1.70711428E-03   53.3805962      -1.00000000       0.00000000    
   1.76391669E-03   51.6616096      -1.00000000       0.00000000    
   1.82260922E-03   49.9979782      -1.00000000       0.00000000    
   1.88325450E-03   48.3879204      -1.00000000       0.00000000    
   1.94591784E-03   46.8297119     -0.965080619       169309.266    
   2.01066607E-03   45.3216858      -1.00000000       0.00000000    
   2.07756879E-03   43.8622169      -1.00000000       0.00000000    
   2.14669760E-03   42.4497490     -0.838328719       153473.719    
   2.21812679E-03   41.0827637      -1.00000000       0.00000000    
   2.29193270E-03   39.7597961      -1.00000000       0.00000000    
   2.36819405E-03   38.4794388      -1.00000000       0.00000000    
   2.44699325E-03   37.2403030      -1.00000000       0.00000000    
   2.52841436E-03   36.0410767      -1.00000000       0.00000000    
   2.61254469E-03   34.8804665      -1.00000000       0.00000000    
   2.69947434E-03   33.7572289      -1.00000000       0.00000000    
   2.78929621E-03   32.6701660      -1.00000000       0.00000000    
   2.88210716E-03   31.6181107      -1.00000000       0.00000000    
   2.97800614E-03   30.5999298      -1.00000000       0.00000000    
   3.07709607E-03   29.6145344      -1.00000000       0.00000000    
   3.17948312E-03   28.6608791      -1.00000000       0.00000000    
   3.28527694E-03   27.7379265      -1.00000000       0.00000000    
   3.39459116E-03   26.8446980      -1.00000000       0.00000000    
   3.50754242E-03   25.9802322      -1.00000000       0.00000000    
   3.62425204E-03   25.1436100      -1.00000000       0.00000000    
   3.74484528E-03   24.3339214      -1.00000000       0.00000000    
   3.86945088E-03   23.5503120      -1.00000000       0.00000000    
   3.99820274E-03   22.7919331      -1.00000000       0.00000000    
   4.13123844E-03   22.0579796      -1.00000000       0.00000000    
   4.26870119E-03   21.3476601      -1.00000000       0.00000000    
   4.41073766E-03   20.6602116      -1.00000000       0.00000000    
   4.55750013E-03   19.9949017      -1.00000000       0.00000000    
   4.70914599E-03   19.3510189      -1.00000000       0.00000000    
   4.86583775E-03   18.7278690      -1.00000000       0.00000000    
   5.02774352E-03   18.1247864      -1.00000000       0.00000000    
   5.19503606E-03   17.5411243      -1.00000000       0.00000000    
   5.36789559E-03   16.9762573      -1.00000000       0.00000000    
   5.54650649E-03   16.4295807      -1.00000000       0.00000000    
   5.73106017E-03   15.9005089      -1.00000000       0.00000000    
   5.92175499E-03   15.3884745      -1.00000000       0.00000000    
   6.11879490E-03   14.8929291      -1.00000000       0.00000000    
   6.32239133E-03   14.4133387      -1.00000000       0.00000000    
   6.53276220E-03   13.9491959      -1.00000000       0.00000000    
   6.59999996E-03   13.8070879      -1.00000000       0.00000000    
   6.75013289E-03   13.4999971      -1.00000000       0.00000000    
   6.89999992E-03   13.2067795      -1.00000000       0.00000000    
   6.97473623E-03   13.0652647      -1.00000000       0.00000000    
   7.19999988E-03   12.6564970      -1.00000000       0.00000000    
   7.20681297E-03   12.6445313      -1.00000000       0.00000000    
   7.44661223E-03   12.2373466      -1.00000000       0.00000000    
   7.69439014E-03   11.8432741      -1.00000000       0.00000000    
   7.95041304E-03   11.4618921      -1.00000000       0.00000000    
   7.99999945E-03   11.3908472      -1.00000000       0.00000000    
   8.21495429E-03   11.0927916      -1.00000000       0.00000000    
   8.29999987E-03   10.9791288      -1.00000000       0.00000000    
   8.48829746E-03   10.7355776      -1.00000000       0.00000000    
   8.60000029E-03   10.5961361      -1.00000000       0.00000000    
   8.77073687E-03   10.3898659      -1.00000000       0.00000000    
   9.06257331E-03   10.0552874      -1.00000000       0.00000000    
   9.36412066E-03   9.73148251      -1.00000000       0.00000000    
   9.67570208E-03   9.41810417      -1.00000000       0.00000000    
   9.69999935E-03   9.39451313      -1.00000000       0.00000000    
   9.99765098E-03   9.11481857      -1.00000000       0.00000000    
   9.99999978E-03   9.11267757      -1.00000000       0.00000000    
   1.03000002E-02   8.84725952      -1.00000000       0.00000000    
   1.03303147E-02   8.82129669      -1.00000000       0.00000000    
   1.06740473E-02   8.53722763      -1.00000000       0.00000000    
   1.10292174E-02   8.26230621      -1.00000000       0.00000000    
   1.13962069E-02   7.99623728      -1.00000000       0.00000000    
   1.17754061E-02   7.73873758      -1.00000000       0.00000000    
   1.19999992E-02   7.59389830      -1.00000000       0.00000000    
   1.21672228E-02   7.48952961      -1.00000000       0.00000000    
   1.22999996E-02   7.40868092      -1.00000000       0.00000000    
   1.25720780E-02   7.24834633      -1.00000000       0.00000000    
   1.26000000E-02   7.23228359      -1.00000000       0.00000000    
   1.29904039E-02   7.01493025      -2.78809309       26222.5430    
   1.34226494E-02   6.78903008      -1.00000000       0.00000000    
   1.38692781E-02   6.57040501      -1.00000000       0.00000000    
   1.43307671E-02   6.35882044      -1.00000000       0.00000000    
   1.48076117E-02   6.15404987      -1.00000000       0.00000000    
   1.52999992E-02   5.95599890      -1.00000000       0.00000000    
   1.53003233E-02   5.95587254      -1.00000000       0.00000000    
   1.55999996E-02   5.84146023      -1.00000000       0.00000000    
   1.58094298E-02   5.76407719      -1.00000000       0.00000000    
   1.58999991E-02   5.73124409      -1.00000000       0.00000000    
   1.63354762E-02   5.57845879      -1.00000000       0.00000000    
   1.68790258E-02   5.39881754      -1.00000000       0.00000000    
   1.74406618E-02   5.22496080      -1.00000000       0.00000000    
   1.80209856E-02   5.05670309      -1.00000000       0.00000000    
   1.86206196E-02   4.89386368      -1.00000000       0.00000000    
   1.92402061E-02   4.73626852      -1.00000000       0.00000000    
   1.98804103E-02   4.58374739      -1.00000000       0.00000000    
   2.01000012E-02   4.53366995      -1.00000000       0.00000000    
   2.04000007E-02   4.46699858      -1.00000000       0.00000000    
   2.05419138E-02   4.43613863      -1.00000000       0.00000000    
   2.07000002E-02   4.40225983      -1.00000000       0.00000000    
   2.12254301E-02   4.29328251      -3.12181425       17514.1270    
   2.19316892E-02   4.15502739      -1.00000000       0.00000000    
   2.26614475E-02   4.02122498      -1.00000000       0.00000000    
   2.34154910E-02   3.89173055      -1.00000000       0.00000000    
   2.41946224E-02   3.76640582      -1.00000000       0.00000000    
   2.49996781E-02   3.64511800      -1.00000000       0.00000000    
   2.58315243E-02   3.52773499      -3.35209489       12754.1377    
   2.66910475E-02   3.41413283      -1.00000000       0.00000000    
   2.74999999E-02   3.31370068      -1.00000000       0.00000000    
   2.75791697E-02   3.30418849      -1.00000000       0.00000000    
   2.77999993E-02   3.27794147      -1.00000000       0.00000000    
   2.80999988E-02   3.24294591      -1.00000000       0.00000000    
   2.84968466E-02   3.19778442      -3.17544651       16037.9502    
   2.94450559E-02   3.09480739      -3.56069112       11188.9492    
   3.04248165E-02   2.99514627      -1.00000000       0.00000000    
   3.14371772E-02   2.89869475      -3.61932874       10479.9268    
   3.24832238E-02   2.80534887      -1.00000000       0.00000000    
   3.35640796E-02   2.71500874      -1.00000000       0.00000000    
   3.46808955E-02   2.62757850      -1.00000000       0.00000000    
   3.58348750E-02   2.54296350      -1.00000000       0.00000000    
   3.70272547E-02   2.46107292      -1.00000000       0.00000000    
   3.82593051E-02   2.38181973      -3.72418666       8611.21191    
   3.95323560E-02   2.30511880      -1.00000000       0.00000000    
   3.96999978E-02   2.29538488      -1.00000000       0.00000000    
   3.99999991E-02   2.27816939      -1.00000000       0.00000000    
   4.03000005E-02   2.26121020      -1.00000000       0.00000000    
   4.08477634E-02   2.23088765      -1.00000000       0.00000000    
   4.22069393E-02   2.15904713      -1.00000000       0.00000000    
   4.36113402E-02   2.08951998      -1.00000000       0.00000000    
   4.50624749E-02   2.02223182      -1.00000000       0.00000000    
   4.65618894E-02   1.95711076      -3.29235816       14151.4609    
   4.81112003E-02   1.89408648      -1.00000000       0.00000000    
   4.97120656E-02   1.83309162      -1.00000000       0.00000000    
   5.13661951E-02   1.77406120      -1.00000000       0.00000000    
   5.30753620E-02   1.71693170      -1.00000000       0.00000000    
   5.48414029E-02   1.66164184      -1.00000000       0.00000000    
   5.66662066E-02   1.60813260      -3.35537148       11628.0547    
   5.85517325E-02   1.55634642      -1.00000000       0.00000000    
   6.04999922E-02   1.50622785      -1.00000000       0.00000000    
   6.21999986E-02   1.46506059      -1.00000000       0.00000000    
   6.25000000E-02   1.45802844      -1.00000000       0.00000000    
   6.25130832E-02   1.45772326      -1.00000000       0.00000000    
   6.27999976E-02   1.45106339      -1.00000000       0.00000000    
   6.45931587E-02   1.41078055      -4.34866333       5471.72070    
   6.67424425E-02   1.36534977      -4.48017406       4936.27783    
   6.89632446E-02   1.32138169      -3.77920556       9554.62891    
   7.12579414E-02   1.27882969      -1.00000000       0.00000000    
   7.36289918E-02   1.23764801      -4.49563456       4474.58643    
   7.60789365E-02   1.19779241      -4.50534964       4330.48926    
   7.86104053E-02   1.15922022      -1.00000000       0.00000000    
   8.12261030E-02   1.12189019      -3.85280347       8112.14795    
   8.39288384E-02   1.08576238      -1.00000000       0.00000000    
   8.67215097E-02   1.05079782      -1.00000000       0.00000000    
   8.96070898E-02   1.01695931      -1.00000000       0.00000000    
   9.25887004E-02  0.984210551      -3.78631806       7116.60986    
   9.56695154E-02  0.952516377      -4.50396729       3443.72070    
   9.88528430E-02  0.921842754      -1.00000000       0.00000000    
  0.102142081      0.892157018      -1.00000000       0.00000000    
  0.105540760      0.863427341      -3.86728692       6243.28564    
  0.109052531      0.835622787      -1.00000000       0.00000000    
  0.110870004      0.821924567      -1.00000000       0.00000000    
  0.111170001      0.819706500      -1.00000000       0.00000000    
  0.111469999      0.817500412      -1.00000000       0.00000000    
  0.112681150      0.808713615      -1.00000000       0.00000000    
  0.115800001      0.786932409      -1.00000000       0.00000000    
  0.116099998      0.784898996      -1.00000000       0.00000000    
  0.116399996      0.782876074      -1.00000000       0.00000000    
  0.116430506      0.782670975      -1.00000000       0.00000000    
  0.120304629      0.757466912      -5.00142622       3751.97510    
  0.122180000      0.745840371      -1.00000000       0.00000000    
  0.122479998      0.744013548      -1.00000000       0.00000000    
  0.122779995      0.742195606      -3.86072969       11803.1133    
  0.124307647      0.733074546      -1.00000000       0.00000000    
  0.128443867      0.709467709      -4.16440153       7695.03516    
  0.132717729      0.686620891      -4.56499910       5030.70020    
  0.137019992      0.665061891      -3.86597896       9769.80078    
  0.137133777      0.664510012      -1.00000000       0.00000000    
  0.137319997      0.663608909      -1.00000000       0.00000000    
  0.137620002      0.662162304      -4.56174040       4928.72363    
  0.141696781      0.643111110      -4.50050402       4907.40479    
  0.146411598      0.622401357      -5.24636602       2250.23340    
  0.151283324      0.602358401      -1.00000000       0.00000000    
  0.156317130      0.582960904      -4.12477922       6322.93457    
  0.161518425      0.564188123      -5.22641802       2039.77563    
  0.166892782      0.546019852      -5.19052315       1974.08777    
  0.172445983      0.528436661      -4.51223183       3821.02466    
  0.178183973      0.511419594      -4.49702787       3697.97778    
  0.184112877      0.494950533      -1.00000000       0.00000000    
  0.190239042      0.479011983      -1.00000000       0.00000000    
  0.196569055      0.463586599      -4.49388933       3352.11133    
  0.203109711      0.448657870      -4.48758221       3244.16479    
  0.209867984      0.434209973      -5.18528843       1569.84766    
  0.216851145      0.420227349      -4.10057497       4557.87598    
  0.224066675      0.406694919      -1.00000000       0.00000000    
  0.231522277      0.393598318      -5.22001743       1423.01868    
  0.239225969      0.380923420      -5.23211098       1377.19312    
  0.247185990      0.368656725      -1.00000000       0.00000000    
  0.247329995      0.368442059      -1.00000000       0.00000000    
  0.247630000      0.367995709      -1.00000000       0.00000000    
  0.247930005      0.367550433      -3.30275774       10732.3818    
  0.249639988      0.365032762      -3.33443451       10732.3818    
  0.249939993      0.364594638      -3.58698511       35952.6563    
  0.250239998      0.364157528      -5.77919912       3943.04590    
  0.255410880      0.356784999      -4.56157684       12624.9336    
  0.263909429      0.345295638      -4.09515429       18334.6270    
  0.266000003      0.342581838      -4.79113054       9023.79688    
  0.266299993      0.342195928      -1.00000000       0.00000000    
  0.266599983      0.341810882      -4.44007397       13501.9248    
  0.272690773      0.334176213      -5.55077696       4267.65039    
  0.281764269      0.323414922      -4.52020168       10523.5234    
  0.291139692      0.313000172      -4.90681696       6586.36328    
  0.291590005      0.312516809      -1.00000000       0.00000000    
  0.291889995      0.312195599      -1.00000000       0.00000000    
  0.292189986      0.311875075      -4.79768276       7241.24414    
  0.300827116      0.302920729      -5.85837936       2313.73560    
  0.310836852      0.293165922      -6.54624653       1059.91467    
  0.321179658      0.283725232      -5.41006327       3077.34985    
  0.331866592      0.274588555      -5.34750414       2978.24951    
  0.342909157      0.265746117      -5.69551897       1921.56116    
  0.354319125      0.257188410      -5.67921209       1859.68213    
  0.366108775      0.248906285      -5.64101982       1799.79382    
  0.378290713      0.240890861      -5.21244144       2612.75708    
  0.390877962      0.233133554      -6.28785801       842.873901    
  0.403884053      0.225626081      -5.22417688       2447.19263    
  0.417322904      0.218360350      -4.93188477       3157.84814    
  0.431208938      0.211328581      -5.23621988       2292.11768    
  0.445556998      0.204523250      -3.95277190       8133.78906    
  0.460382491      0.197937101     -0.310738653       1165754.00    
  0.475701302      0.191563010     -0.252875745       1279184.88    
  0.491529822      0.185394183     -0.247791976       1396835.25    
  0.507885039      0.179424018     -0.279295504       1366772.25    
  0.524784446      0.173646092     -0.228051409       1676188.88    
  0.542246103      0.168054283     -0.265272498       1501920.38    
  0.560288787      0.162642494     -0.137363032       2643190.50    
  0.578931868      0.157405004     -0.181562975       1968436.63    
  0.598195314      0.152336150     -0.257032961       1482046.38    
  0.618099749      0.147430524     -0.158275440       2422619.75    
  0.638666451      0.142682880     -0.119980760       2505056.25    
  0.659917474      0.138088137     -0.161367655       1946062.25    
  0.681875587      0.133641347     -0.165892184       1890157.50    
  0.704564393      0.129337743     -0.118135400       1767088.63    
  0.728008151      0.125172749      -9.07869637E-02   1873119.50    
  0.752231956      0.121141851      -8.13968666E-03   2090913.38    
  0.761145711      0.119723171      -6.69946373E-02   2018199.88    
  0.761445701      0.119675994      0.199464723       2696581.75    
  0.761745691      0.119628876       6.51105046E-02   2251845.25    
  0.777261794      0.117240772      -1.23143112E-02   1964888.38    
  0.803124428      0.113465324      -1.66073348E-02   2114013.50    
  0.827294469      0.110150337       2.56578485E-03   2166842.75    
  0.827594459      0.110110424       8.73143822E-02   2660627.25    
  0.827894449      0.110070527      -5.60616106E-02   2230690.50    
  0.829847693      0.109811448      -1.65999420E-02   2326736.00    
  0.857460141      0.106275231      -2.70303003E-02   2258958.50    
  0.885991335      0.102852903      -1.93087142E-02   2362061.75    
  0.915471911       9.95407626E-02  -6.11376250E-03   2377383.75    
  0.945933402       9.63352993E-02   3.78333195E-03   2521588.75    
  0.977408469       9.32330489E-02  -1.06721539E-02   2506758.50    
  0.999134004       9.12057534E-02  -2.25912444E-02   1568038.63    
  0.999433994       9.11783800E-02  0.125108331       2732536.25    
  0.999733984       9.11510214E-02  0.119083636       2653213.75    
   1.00075114       9.10583735E-02   7.31321052E-02   2423813.50    
   1.00105119       9.10310820E-02  0.117103897       2480362.25    
   1.00135124       9.10038128E-02   8.77986401E-02   2451254.25    
   1.00993085       9.02307034E-02  0.101934776       2233716.25    
   1.04353535       8.73250514E-02  0.190302610       2065521.25    
   1.06763482       8.53538737E-02  0.256572902       1922918.50    
   1.06793487       8.53299052E-02   5.22107892E-02   1545733.13    
   1.06823492       8.53059292E-02  0.263117820       2052069.63    
   1.07825804       8.45129564E-02  0.267260164       2035444.00    
   1.11413610       8.17914233E-02  0.376537770       2161300.50    
   1.15120792       7.91575238E-02  0.402153492       2224443.00    
   1.15803826       7.86906481E-02  0.430692971       2232728.75    
   1.15833831       7.86702633E-02  0.278112471       1869258.75    
   1.15863836       7.86498785E-02  0.399996430       2113892.00    
   1.18951333       7.66084492E-02  0.445127070       2187022.50    
   1.22909331       7.41414651E-02  0.417370975       2218560.50    
   1.26999032       7.17539117E-02  0.431101024       2260714.50    
   1.31224811       6.94432482E-02  0.427036673       2355083.25    
   1.35591197       6.72069937E-02  0.413594961       2413823.75    
   1.40102863       6.50427565E-02  0.438243061       2621499.75    
   1.44764662       6.29482195E-02   7.19731078E-02   2682244.00    
   1.49581575       6.09211214E-02  0.405947059       2695461.50    
   1.54558766       5.89593053E-02  0.410572171       2741967.50    
   1.58433020       5.75175360E-02  0.361158162       2578124.25    
   1.58463025       5.75066507E-02  0.242425889       2264679.00    
   1.58493030       5.74957617E-02  0.365282863       2630010.75    
   1.59701574       5.70606589E-02  0.371573299       2438112.50    
   1.65015507       5.52231595E-02  0.377058983       2503475.50    
   1.70506251       5.34448288E-02  0.361084878       2772078.00    
   1.71442270       5.31530380E-02  0.376596987       2795827.75    
   1.71472275       5.31437360E-02  0.299162149       2624151.50    
   1.71502280       5.31344414E-02  0.358503848       2864150.75    
   1.76179695       5.17237671E-02  0.337949842       2723707.50    
   1.79159629       5.08634560E-02  0.349003494       2668949.25    
   1.79189634       5.08549362E-02  0.205310166       2372520.25    
   1.79219639       5.08464240E-02  0.285696387       2732609.75    
   1.80773997       5.04092276E-02  0.242135495       2793875.50    
   1.80804002       5.04008569E-02  0.570087552       3774467.00    
   1.80834007       5.03925011E-02  0.224356651       2821310.25    
   1.82041907       5.00581302E-02  0.276691735       2886764.75    
   1.88099182       4.84461300E-02  0.340641141       2990577.00    
   1.94358015       4.68860380E-02  0.402432829       3111856.50    
   2.00825095       4.53761928E-02  0.401742816       3119871.75    
   2.03046679       4.48797159E-02  0.390549570       2737161.00    
   2.03076673       4.48730923E-02  0.489071786       3236541.00    
   2.03106666       4.48664650E-02  0.408817679       3233369.75    
   2.07507348       4.39149626E-02  0.402753472       3833915.25    
   2.14411950       4.25007902E-02  0.384938240       3837957.25    
   2.17525935       4.18923721E-02  0.385583818       3158338.75    
   2.17555928       4.18865979E-02  0.299386173       4890781.50    
   2.17585921       4.18808199E-02  0.385299802       2949594.50    
   2.21546316       4.11321558E-02  0.385648012       2822886.50    
   2.28918052       3.98075953E-02  0.373061478       1765756.38    
   2.36535096       3.85256894E-02  0.364272207       728346.875    
   2.44405580       3.72850634E-02  0.358956277       1667620.25    
   2.52537942       3.60843912E-02  0.353702009       1091874.25    
   2.55965710       3.56011651E-02  0.350830019       2198501.25    
   2.55995703       3.55969965E-02  0.232155100       1941924.88    
   2.56025696       3.55928242E-02  0.327779353       1873408.00    
   2.58097148       3.53071578E-02  0.357771605       1272910.00    
   2.58127141       3.53030562E-02  0.368907362       1690193.88    
   2.58157134       3.52989584E-02  0.333882689       1494201.63    
   2.60940909       3.49223800E-02  0.327207237       1073147.25    
   2.69623470       3.37977894E-02  0.319351435       1269473.50    
   2.78594947       3.27094123E-02  0.314380378       1130582.13    
   2.87864923       3.16560902E-02  0.335590005       361080.844    
   2.97443366       3.06366812E-02  0.244573653       127692.172    
   2.99403405       3.04361172E-02  0.271069318       242816.297    
   2.99433398       3.04330681E-02  -6.06241748E-02   143846.344    
   2.99463391       3.04300189E-02   3.17494757E-02   67967.2109    
   3.01020336       3.02726310E-02  0.403940439       55733.1094    
   3.01050329       3.02696135E-02  0.575364292       143846.344    
   3.01080322       3.02665997E-02  0.223306134       101854.758    
   3.07340527       2.96500996E-02  0.272784472       76937.1250    
   3.17566991       2.86952928E-02  0.331566155       78120.7344    
   3.28133726       2.77712289E-02  0.296085656       116168.969    
   3.39052081       2.68769264E-02  0.329312474       116032.383    
   3.47691989       2.62090527E-02  0.302018791       58222.5820    
   3.47721982       2.62067895E-02  0.374693573       107884.750    
   3.47751975       2.62045301E-02   7.75248483E-02   66941.7344    
   3.48720956       2.61317175E-02  0.465015948       43188.2188    
   3.48750949       2.61294711E-02  -1.00000000       0.00000000    
   3.48780942       2.61272229E-02   1.94186103E-02   53154.1719    
   3.50333714       2.60114186E-02  0.295060128       23108.3301    
   3.51954889       2.58916058E-02  0.303018510       135872.563    
   3.51984882       2.58893985E-02  0.405465275       107884.750    
   3.52014875       2.58871932E-02  0.464007676       193820.063    
   3.61990738       2.51737870E-02  0.455799669       82190.6719    
   3.74035645       2.43631266E-02  0.515095472       28362.5098    
   3.86481380       2.35785674E-02  0.434860826       12872.1318    
   3.99341249       2.28192750E-02  0.199976876       1599.27002    
   3.99970007       2.27834024E-02  0.374693573       3274.67798    
   4.00000000       2.27816943E-02  -1.00000000       0.00000000    
   4.00029993       2.27799863E-02  -1.00000000       0.00000000    
   4.03771400       2.25689020E-02  -1.00000000       0.00000000    
   4.03801394       2.25672256E-02  -1.00000000       0.00000000    
   4.03831387       2.25655511E-02  -1.00000000       0.00000000    
   4.12629032       2.20844317E-02  -1.00000000       0.00000000    
   4.26358843       2.13732570E-02  -1.00000000       0.00000000    
   4.39565277       2.07311139E-02  -1.00000000       0.00000000    
   4.39595270       2.07296982E-02  -1.00000000       0.00000000    
   4.39625263       2.07282845E-02  -1.00000000       0.00000000    
   4.40545559       2.06849836E-02  -1.00000000       0.00000000    
   4.55204296       2.00188737E-02  -1.00000000       0.00000000    
   4.66392231       1.95386559E-02  -1.00000000       0.00000000    
   4.66422224       1.95373986E-02  -1.00000000       0.00000000    
   4.66452217       1.95361432E-02  -1.00000000       0.00000000    
   4.70350790       1.93742160E-02  -1.00000000       0.00000000    
   4.73962593       1.92265753E-02  -1.00000000       0.00000000    
   4.73992586       1.92253590E-02  -1.00000000       0.00000000    
   4.74022579       1.92241427E-02  -1.00000000       0.00000000    
   4.86001253       1.87503174E-02  -1.00000000       0.00000000    
   5.02172518       1.81465074E-02  -1.00000000       0.00000000    
   5.18881798       1.75621454E-02  -1.00000000       0.00000000    
   5.34157991       1.70598906E-02  -1.00000000       0.00000000    
   5.34187984       1.70589332E-02  -1.00000000       0.00000000    
   5.34217978       1.70579758E-02  -1.00000000       0.00000000    
   5.36147118       1.69965979E-02  -1.00000000       0.00000000    
   5.51356649       1.65277366E-02  -1.00000000       0.00000000    
   5.51386642       1.65268369E-02  -1.00000000       0.00000000    
   5.51416636       1.65259391E-02  -1.00000000       0.00000000    
   5.53986931       1.64492652E-02  -1.00000000       0.00000000    
   5.68922853       1.60174221E-02  -1.00000000       0.00000000    
   5.68952847       1.60165764E-02  -1.00000000       0.00000000    
   5.68982840       1.60157327E-02  -1.00000000       0.00000000    
   5.69363832       1.60050169E-02  -1.00000000       0.00000000    
   5.69393826       1.60041731E-02  -1.00000000       0.00000000    
   5.69423819       1.60033293E-02  -1.00000000       0.00000000    
   5.72420311       1.59195568E-02  -1.00000000       0.00000000    
   5.91467094       1.54069047E-02  -1.00000000       0.00000000    
   6.11147594       1.49107641E-02  -1.00000000       0.00000000    
   6.31482983       1.44305974E-02  -1.00000000       0.00000000    
   6.47125387       1.40817789E-02  -1.00000000       0.00000000    
   6.47155380       1.40811279E-02  -1.00000000       0.00000000    
   6.47185373       1.40804742E-02  -1.00000000       0.00000000    
   6.52494955       1.39658973E-02  -1.00000000       0.00000000    
   6.68880939       1.36237657E-02  -1.00000000       0.00000000    
   6.68910933       1.36231547E-02  -1.00000000       0.00000000    
   6.68940926       1.36225447E-02  -1.00000000       0.00000000    
   6.74206114       1.35161597E-02  -1.00000000       0.00000000    
   6.96639681       1.30809052E-02  -1.00000000       0.00000000    
   7.13788605       1.27666332E-02  -1.00000000       0.00000000    
   7.13818598       1.27660977E-02  -1.00000000       0.00000000    
   7.13848591       1.27655594E-02  -1.00000000       0.00000000    
   7.19447994       1.26662068E-02  -1.00000000       0.00000000    
   7.19477987       1.26656787E-02  -1.00000000       0.00000000    
   7.19507980       1.26651516E-02  -1.00000000       0.00000000    
   7.19819736       1.26596661E-02  -1.00000000       0.00000000    
   7.43771076       1.22519927E-02  -1.00000000       0.00000000    
   7.68519449       1.18574463E-02  -1.00000000       0.00000000    
   7.94091225       1.14756059E-02  -1.00000000       0.00000000    
   8.20513821       1.11060617E-02  -1.00000000       0.00000000    
   8.37119293       1.08857583E-02  -1.00000000       0.00000000    
   8.37149334       1.08853672E-02  -1.00000000       0.00000000    
   8.37179375       1.08849760E-02  -1.00000000       0.00000000    
   8.47815704       1.07484171E-02  -1.00000000       0.00000000    
   8.76025963       1.04022911E-02  -1.00000000       0.00000000    
   9.05174923       1.00673120E-02  -1.00000000       0.00000000    
   9.27522564       9.82475094E-03  -1.00000000       0.00000000    
   9.27552605       9.82443150E-03  -1.00000000       0.00000000    
   9.27582645       9.82411392E-03  -1.00000000       0.00000000    
   9.35293770       9.74311773E-03  -1.00000000       0.00000000    
   9.66414833       9.42936447E-03  -1.00000000       0.00000000    
   9.98571396       9.12571419E-03  -1.00000000       0.00000000    
   10.1498594       8.97813123E-03  -1.00000000       0.00000000    
   10.1501598       8.97786580E-03  -1.00000000       0.00000000    
   10.1504602       8.97760037E-03  -1.00000000       0.00000000    
   10.3179789       8.83184373E-03  -1.00000000       0.00000000    
   10.6613007       8.54743458E-03  -1.00000000       0.00000000    
   11.0160475       8.27218499E-03  -1.00000000       0.00000000    
   11.3825979       8.00579786E-03  -1.00000000       0.00000000    
   11.6051311       7.85228238E-03  -1.00000000       0.00000000    
   11.6054316       7.85208028E-03  -1.00000000       0.00000000    
   11.6057320       7.85187632E-03  -1.00000000       0.00000000    
   11.7613449       7.74798915E-03  -1.00000000       0.00000000    
   12.1526947       7.49848317E-03  -1.00000000       0.00000000    
   12.5570660       7.25701172E-03  -1.00000000       0.00000000    
   12.9748917       7.02331634E-03  -1.00000000       0.00000000    
   13.4066210       6.79714745E-03  -1.00000000       0.00000000    
   13.8527155       6.57826057E-03  -1.00000000       0.00000000    
   14.3136539       6.36642333E-03  -1.00000000       0.00000000    
   14.7899294       6.16140710E-03  -1.00000000       0.00000000    
   15.2820530       5.96299302E-03  -1.00000000       0.00000000    
   15.7905512       5.77096920E-03  -1.00000000       0.00000000    
   16.3159695       5.58512798E-03  -1.00000000       0.00000000    
   16.8588696       5.40527189E-03  -1.00000000       0.00000000    
   17.4198360       5.23120724E-03  -1.00000000       0.00000000    
   17.9994659       5.06274868E-03  -1.00000000       0.00000000    
