   0.00000000       0.00000000       0.00000000               1
   0.00000000       0.00000000       0.00000000               1
   0.00000000       0.00000000       0.00000000               1
   0.00000000       0.00000000       0.00000000               1
   0.00000000       0.00000000       0.00000000               1
   0.00000000       0.00000000       0.00000000               1
   0.00000000       0.00000000       0.00000000               1
   0.00000000       0.00000000       0.00000000               1
   0.00000000       0.00000000       0.00000000               1
   0.00000000       0.00000000       0.00000000               1
   10200.0254       1261.01855       1120.00000               1
   10208.8545       1259.69849       1120.00000               1
   10125.1719       1159.30762       1030.00000               1
   10213.5332       1157.30872       1030.00000               1
   10124.1572       1094.65662       973.000000               1
   10217.1895       1091.12219       973.000000               1
   10162.0215       1041.03540       926.000000               1
   10362.0010       1031.85693       926.000000               1
   10300.7578       995.827637       890.000000               1
   9681.88672       810.228149       890.000000               1
   0.00000000       0.00000000       0.00000000               1
   0.00000000       0.00000000       0.00000000               1
   0.00000000       0.00000000       0.00000000               1
   0.00000000       0.00000000       0.00000000               1
   0.00000000       0.00000000       0.00000000               1
   0.00000000       0.00000000       0.00000000               1
   0.00000000       0.00000000       0.00000000               1
   0.00000000       0.00000000       0.00000000               1
   0.00000000       0.00000000       0.00000000               1
   0.00000000       0.00000000       0.00000000               1
   10204.4531       1249.74487       1110.00000               1
   10202.0869       1248.41638       1110.00000               1
   10141.8047       1159.27478       1030.00000               1
   10215.6621       1157.21069       1030.00000               1
   10145.6826       1090.12988       969.000000               1
   10258.8252       1086.38672       969.000000               1
   10156.8916       1038.75085       924.000000               1
   10351.5273       1029.23669       924.000000               1
   10318.5176       993.442688       888.000000               1
   9634.64063       789.127625       888.000000               1
   0.00000000       0.00000000       0.00000000               1
   0.00000000       0.00000000       0.00000000               1
   0.00000000       0.00000000       0.00000000               1
   0.00000000       0.00000000       0.00000000               1
   0.00000000       0.00000000       0.00000000               1
   0.00000000       0.00000000       0.00000000               1
   0.00000000       0.00000000       0.00000000               1
   0.00000000       0.00000000       0.00000000               1
   10279.6123       1328.72681       1180.00000               1
   10266.8115       1327.46362       1180.00000               1
   10171.9912       1215.79980       1080.00000               1
   10241.0527       1214.16821       1080.00000               1
   10124.4414       1136.64185       1010.00000               1
   10229.4902       1134.22778       1010.00000               1
   10136.4951       1077.61267       958.000000               1
   10306.6592       1073.20605       958.000000               1
   10188.4473       1029.53857       916.000000               1
   10332.3555       1017.02484       916.000000               1
   10320.0850       987.110107       883.000000               1
   9315.68457       670.999695       883.000000               1
   0.00000000       0.00000000       0.00000000               1
   0.00000000       0.00000000       0.00000000               1
   0.00000000       0.00000000       0.00000000               1
   0.00000000       0.00000000       0.00000000               1
   0.00000000       0.00000000       0.00000000               1
   0.00000000       0.00000000       0.00000000               1
   0.00000000       0.00000000       0.00000000               1
   0.00000000       0.00000000       0.00000000               1
   10206.9863       1261.00537       1120.00000               1
   10230.6289       1259.65845       1120.00000               1
   10164.7568       1181.82532       1050.00000               1
   10242.0918       1179.73499       1050.00000               1
   10131.1953       1112.73462       989.000000               1
   10255.4482       1109.32129       989.000000               1
   10152.5449       1060.36902       943.000000               1
   10331.2441       1053.52014       943.000000               1
   10238.2959       1016.64642       905.000000               1
   10309.4268       988.613953       905.000000               1
   10351.2920       976.218201       875.000000               1
   8662.21582       447.799683       875.000000               1
   0.00000000       0.00000000       0.00000000               1
   0.00000000       0.00000000       0.00000000               1
   0.00000000       0.00000000       0.00000000               1
   0.00000000       0.00000000       0.00000000               1
   10280.4346       1328.73279       1180.00000               1
   10285.7803       1327.44739       1180.00000               1
   10215.4053       1261.00513       1120.00000               1
   10241.4980       1259.66199       1120.00000               1
   10165.6387       1193.24866       1060.00000               1
   10207.1377       1191.65820       1060.00000               1
   10135.1611       1136.60181       1010.00000               1
   10256.1436       1134.08264       1010.00000               1
   10146.6250       1082.09106       962.000000               1
   10291.3750       1077.47229       962.000000               1
   10213.2432       1038.55298       924.000000               1
   10357.3223       1026.19568       924.000000               1
   10304.6436       1001.16040       892.000000               1
   9778.07422       854.239563       892.000000               1
   10400.1885       959.974304       865.000000               1
   7638.28271       234.678146       865.000000               1
   10217.9063       1261.00256       1120.00000               1
   10210.6855       1259.70081       1120.00000               1
   10205.5938       1249.73669       1110.00000               1
   10228.0488       1248.40076       1110.00000               1
   10178.5137       1215.79163       1080.00000               1
   10229.6777       1214.16504       1080.00000               1
   10142.4473       1181.81653       1050.00000               1
   10238.2998       1179.72119       1050.00000               1
   10111.8457       1136.59631       1010.00000               1
   10252.5615       1134.08850       1010.00000               1
   10132.1240       1090.16272       969.000000               1
   10289.4072       1086.60339       969.000000               1
   10146.6826       1050.20227       934.000000               1
   10322.8408       1043.06665       934.000000               1
   10259.1963       1014.32574       903.000000               1
   10291.9785       981.754150       903.000000               1
   10390.9502       982.849182       877.000000               1
   8801.38184       513.711487       877.000000               1
   0.00000000       0.00000000       0.00000000               1
   0.00000000       0.00000000       0.00000000               1
   10137.8232       1159.29492       1030.00000               1
   10215.8184       1157.31165       1030.00000               1
   10106.3906       1159.27234       1030.00000               1
   10227.4150       1157.21948       1030.00000               1
   10114.8643       1136.64209       1010.00000               1
   10255.4678       1134.25061       1010.00000               1
   10146.1846       1112.73474       989.000000               1
   10258.4434       1109.27637       989.000000               1
   10123.6426       1082.07959       962.000000               1
   10295.4785       1077.43115       962.000000               1
   10174.6738       1050.18677       934.000000               1
   10368.5723       1042.90088       934.000000               1
   10214.0645       1019.17908       907.000000               1
   10356.7578       1001.31335       907.000000               1
   10338.6270       990.773682       883.000000               1
   9581.28809       769.884949       883.000000               1
   10481.3037       961.932739       861.000000               1
   7945.01611       291.513184       861.000000               1
   0.00000000       0.00000000       0.00000000               1
   0.00000000       0.00000000       0.00000000               1
   10100.5391       1094.64807       973.000000               1
   10251.9092       1091.09387       973.000000               1
   10117.7549       1090.11646       969.000000               1
   10252.8135       1086.37671       969.000000               1
   10131.5400       1077.62073       958.000000               1
   10279.9199       1073.29529       958.000000               1
   10149.4551       1060.37292       943.000000               1
   10345.9434       1053.51416       943.000000               1
   10204.7080       1038.54749       924.000000               1
   10349.4414       1026.23035       924.000000               1
   10254.6758       1014.28894       903.000000               1
   10277.4795       981.300598       903.000000               1
   10308.4053       990.742798       883.000000               1
   9581.00293       766.357727       883.000000               1
   10449.4980       966.734375       864.000000               1
   8172.32861       343.842010       864.000000               1
   0.00000000       0.00000000       0.00000000               1
   0.00000000       0.00000000       0.00000000               1
   0.00000000       0.00000000       0.00000000               1
   0.00000000       0.00000000       0.00000000               1
   10171.4980       1041.02148       926.000000               1
   10346.6025       1032.10278       926.000000               1
   10185.0107       1038.70532       924.000000               1
   10346.7168       1028.98096       924.000000               1
   10199.3887       1029.55347       916.000000               1
   10391.4004       1017.11304       916.000000               1
   10228.9424       1016.64960       905.000000               1
   10264.5264       989.106262       905.000000               1
   10296.1553       1001.08197       892.000000               1
   9782.09766       851.628845       892.000000               1
   10406.8896       982.829346       877.000000               1
   8803.01855       511.759949       877.000000               1
   10522.2266       961.937439       861.000000               1
   7928.84424       289.963135       861.000000               1
   0.00000000       0.00000000       0.00000000               1
   0.00000000       0.00000000       0.00000000               1
   0.00000000       0.00000000       0.00000000               1
   0.00000000       0.00000000       0.00000000               1
   0.00000000       0.00000000       0.00000000               1
   0.00000000       0.00000000       0.00000000               1
   10263.0752       995.861023       890.000000               1
   9751.55469       830.571472       890.000000               1
   10322.4297       993.359375       888.000000               1
   9614.58691       777.381531       888.000000               1
   10330.0996       987.068359       883.000000               1
   9300.62305       670.683594       883.000000               1
   10373.7998       976.182129       875.000000               1
   8700.96289       444.814697       875.000000               1
   10416.1865       959.650818       865.000000               1
   7666.63623       231.873627       865.000000               1
   0.00000000       0.00000000       0.00000000               1
   0.00000000       0.00000000       0.00000000               1
   0.00000000       0.00000000       0.00000000               1
   0.00000000       0.00000000       0.00000000               1
   0.00000000       0.00000000       0.00000000               1
   0.00000000       0.00000000       0.00000000               1
   0.00000000       0.00000000       0.00000000               1
   0.00000000       0.00000000       0.00000000               1
   0.00000000       0.00000000       0.00000000               1
   0.00000000       0.00000000       0.00000000               1
