 Spectral energy distribution at the surface of the nebula: 
   viewPoints = 
    nu [Ryd]        lambda [um]         F(nu)*D^2            
                                        [Jy * pc^2]              
   1.00099996E-05   9103.57422       0.00000000    
   1.03430684E-05   8810.41992       0.00000000    
   1.06872230E-05   8526.70313       0.00000000    
   1.10428282E-05   8252.12305       1864683.00    
   1.14102668E-05   7986.38428       0.00000000    
   1.17899308E-05   7729.20361       1746520.88    
   1.21822286E-05   7480.30420       0.00000000    
   1.25875795E-05   7239.42041       0.00000000    
   1.30064172E-05   7006.29346       1583169.75    
   1.34391921E-05   6780.67334       1532188.38    
   1.38863661E-05   6562.31982       1482848.13    
   1.43484203E-05   6350.99707       1435095.75    
   1.48258487E-05   6146.47998       0.00000000    
   1.53191631E-05   5948.54834       0.00000000    
   1.58288913E-05   5756.99023       0.00000000    
   1.63555796E-05   5571.60205       0.00000000    
   1.68997940E-05   5392.18262       0.00000000    
   1.74621164E-05   5218.54150       0.00000000    
   1.80431507E-05   5050.49121       0.00000000    
   1.86435173E-05   4887.85303       1104478.75    
   1.92638599E-05   4730.45264       0.00000000    
   1.99048445E-05   4578.12012       0.00000000    
   2.05671568E-05   4430.69385       1001177.69    
   2.12515060E-05   4288.01514       968937.063    
   2.19586273E-05   4149.93018       0.00000000    
   2.26892771E-05   4016.29248       0.00000000    
   2.34442377E-05   3886.95801       1756624.50    
   2.42243204E-05   3761.78882       0.00000000    
   2.50303583E-05   3640.64990       822655.438    
   2.58632172E-05   3523.41211       796164.438    
   2.67237865E-05   3409.95020       770526.125    
   2.76129922E-05   3300.14136       0.00000000    
   2.85317856E-05   3193.86865       721699.313    
   2.94811489E-05   3091.01831       0.00000000    
   3.04621026E-05   2991.48022       0.00000000    
   3.14756981E-05   2895.14722       0.00000000    
   3.25230176E-05   2801.91626       0.00000000    
   3.36051853E-05   2711.68799       612743.875    
   3.47233618E-05   2624.36499       593012.000    
   3.58787438E-05   2539.85400       1721748.00    
   3.70725684E-05   2458.06494       0.00000000    
   3.83061197E-05   2378.90918       537547.313    
   3.95807147E-05   2302.30249       0.00000000    
   4.08977212E-05   2228.16284       0.00000000    
   4.22585508E-05   2156.41016       974542.500    
   4.36646551E-05   2086.96875       471580.000    
   4.51175511E-05   2019.76331       456393.563    
   4.66187885E-05   1954.72205       0.00000000    
   4.81699790E-05   1891.77527       0.00000000    
   4.97727815E-05   1830.85559       413707.156    
   5.14289204E-05   1771.89758       400384.844    
   5.31401602E-05   1714.83813       774983.750    
   5.49083416E-05   1659.61621       375013.563    
   5.67353563E-05   1606.17261       725874.188    
   5.86231654E-05   1554.44995       0.00000000    
   6.05737878E-05   1504.39294       339938.594    
   6.25893153E-05   1455.94775       328991.875    
   6.46719054E-05   1409.06274       636794.250    
   6.68237990E-05   1363.68738       308143.875    
   6.90472880E-05   1319.77344       298221.469    
   7.13447589E-05   1277.27356       865853.938    
   7.37186783E-05   1236.14233       1117293.38    
   7.61715928E-05   1196.33545       1081315.00    
   7.87061144E-05   1157.81067       523247.156    
   8.13249790E-05   1120.52625       1012793.50    
   8.40309804E-05   1084.44263       980179.563    
   8.68270217E-05   1049.52087       1185770.00    
   8.97160935E-05   1015.72382       229517.016    
   9.27013025E-05   983.015015       1110628.38    
   9.57858429E-05   951.359558       429945.813    
   9.89730106E-05   920.723511       208050.359    
   1.02266233E-04   891.073914       201350.563    
   1.05669031E-04   862.379211       0.00000000    
   1.09185050E-04   834.608521       565774.438    
   1.12818067E-04   807.732117       1277628.13    
   1.16571966E-04   781.721191       706563.313    
   1.20450772E-04   756.547913       512857.406    
   1.24458646E-04   732.185181       661789.500    
   1.28599873E-04   708.606995       800598.375    
   1.32878893E-04   685.788147       309927.125    
   1.37300289E-04   663.704224       899838.750    
   1.41868819E-04   642.331238       290287.313    
   1.46589344E-04   621.646667       421409.031    
   1.51466957E-04   601.628113       815677.000    
   1.56506852E-04   582.254211       394705.688    
   1.61714444E-04   563.504211       636658.250    
   1.67095321E-04   545.358032       246462.313    
   1.72655244E-04   527.796204       357788.375    
   1.78400165E-04   510.799835       230844.875    
   1.84336226E-04   494.350861       558527.875    
   1.90469815E-04   478.431580       324324.844    
   1.96807494E-04   463.024933       104626.859    
   2.03356060E-04   448.114349       202515.313    
   2.10122511E-04   433.683990       391987.906    
   2.17114110E-04   419.718323       569047.188    
   2.24338350E-04   406.202423       367148.563    
   2.31802958E-04   393.121704       621819.563    
   2.39515954E-04   380.462219       343883.031    
   2.47485586E-04   368.210419       166404.641    
   2.55720399E-04   356.353149       402614.813    
   2.64229224E-04   344.877716       311719.594    
   2.73021171E-04   333.771820       226260.969    
   2.82105670E-04   323.023560       364958.500    
   2.91492412E-04   312.621429       423847.063    
   3.01191525E-04   302.554230       341831.563    
   3.11213342E-04   292.811249       529318.563    
   3.21568630E-04   283.382050       512273.063    
   3.32268479E-04   274.256439       185916.219    
   3.43324355E-04   265.424744       119952.836    
   3.54748103E-04   256.877441       348270.000    
   3.66551976E-04   248.605316       280879.313    
   3.78748577E-04   240.599640       543668.875    
   3.91351030E-04   232.851761       526161.000    
   4.04372811E-04   225.353378       254608.594    
   4.17827890E-04   218.096436       492818.906    
   4.31730674E-04   211.073196       286169.625    
   4.46096034E-04   204.276123       415431.625    
   4.60939395E-04   197.697952       580743.625    
   4.76276677E-04   191.331604       216170.297    
   4.92124236E-04   185.170273       418418.219    
   5.08499157E-04   179.207321       283460.750    
   5.25418902E-04   173.436417       391903.500    
   5.42901689E-04   167.851334       417211.531    
   5.60966146E-04   162.446106       550604.250    
   5.79631713E-04   157.214966       71049.8516    
   5.98918297E-04   152.152267       515714.000    
   6.18846680E-04   147.252579       266190.281    
   6.39438105E-04   142.510696       322022.781    
   6.60714752E-04   137.921509       716800.938    
   6.82699319E-04   133.480103       392102.219    
   7.05415383E-04   129.181717       321094.563    
   7.28887331E-04   125.021759       282503.781    
   7.53140310E-04   120.995743       464791.250    
   7.78200221E-04   117.099396       343983.125    
   8.04094016E-04   113.328499       435338.719    
   8.30849342E-04   109.679062       446103.500    
   8.58494954E-04   106.147125       479708.125    
   8.87060480E-04   102.728928       394621.188    
   9.16576479E-04   99.4208069       516706.750    
   9.47074557E-04   96.2192230       456583.688    
   9.78587428E-04   93.1207275       526047.875    
   1.01114891E-03   90.1220093       244371.922    
   1.04479375E-03   87.2198715       453296.594    
   1.07955816E-03   84.4111786       438699.188    
   1.11547927E-03   81.6929321       479951.250    
   1.15259562E-03   79.0622253       339438.938    
   1.19094702E-03   76.5162277       570567.063    
   1.23057445E-03   74.0522232       451794.656    
   1.27152051E-03   71.6675644       469633.344    
   1.31382910E-03   69.3596878       454510.594    
   1.35754526E-03   67.1261444       455042.719    
   1.40271615E-03   64.9645157       455068.188    
   1.44939008E-03   62.8724976       468828.344    
   1.49761687E-03   60.8478546       494979.563    
   1.54744845E-03   58.8884048       345973.000    
   1.59893814E-03   56.9920578       412100.594    
   1.65214110E-03   55.1567726       411293.531    
   1.70711428E-03   53.3805962       578980.188    
   1.76391669E-03   51.6616096       396903.938    
   1.82260922E-03   49.9979782       338932.063    
   1.88325450E-03   48.3879204       426422.938    
   1.94591784E-03   46.8297119       444436.719    
   2.01066607E-03   45.3216858       460848.281    
   2.07756879E-03   43.8622169       455918.938    
   2.14669760E-03   42.4497490       354907.813    
   2.21812679E-03   41.0827637       427027.313    
   2.29193270E-03   39.7597961       422261.344    
   2.36819405E-03   38.4794388       434748.531    
   2.44699325E-03   37.2403030       471237.594    
   2.52841436E-03   36.0410767       399054.813    
   2.61254469E-03   34.8804665       504430.031    
   2.69947434E-03   33.7572289       396651.969    
   2.78929621E-03   32.6701660       465083.688    
   2.88210716E-03   31.6181107       485829.125    
   2.97800614E-03   30.5999298       407954.313    
   3.07709607E-03   29.6145344       421584.406    
   3.17948312E-03   28.6608791       505153.250    
   3.28527694E-03   27.7379265       432475.875    
   3.39459116E-03   26.8446980       394285.438    
   3.50754242E-03   25.9802322       422683.031    
   3.62425204E-03   25.1436100       460205.063    
   3.74484528E-03   24.3339214       478376.875    
   3.86945088E-03   23.5503120       468293.719    
   3.99820274E-03   22.7919331       427462.969    
   4.13123844E-03   22.0579796       428650.188    
   4.26870119E-03   21.3476601       414846.313    
   4.41073766E-03   20.6602116       429498.500    
   4.55750013E-03   19.9949017       465367.281    
   4.70914599E-03   19.3510189       406654.750    
   4.86583775E-03   18.7278690       452804.781    
   5.02774352E-03   18.1247864       511943.656    
   5.19503606E-03   17.5411243       463748.375    
   5.36789559E-03   16.9762573       398946.031    
   5.54650649E-03   16.4295807       426937.156    
   5.73106017E-03   15.9005089       503012.500    
   5.92175499E-03   15.3884745       486814.000    
   6.11879490E-03   14.8929291       424023.438    
   6.32239133E-03   14.4133387       501561.844    
   6.53276220E-03   13.9491959       403101.594    
   6.59999996E-03   13.8070879       452784.188    
   6.75013289E-03   13.4999971       444921.625    
   6.89999992E-03   13.2067795       420195.344    
   6.97473623E-03   13.0652647       440427.438    
   7.19999988E-03   12.6564970       406664.063    
   7.20681297E-03   12.6445313       508437.438    
   7.44661223E-03   12.2373466       456257.906    
   7.69439014E-03   11.8432741       449593.656    
   7.95041304E-03   11.4618921       392638.406    
   7.99999945E-03   11.3908472       407723.719    
   8.21495429E-03   11.0927916       17976.6074    
   8.29999987E-03   10.9791288       14797.3037    
   8.48829746E-03   10.7355776       480874.125    
   8.60000029E-03   10.5961361       400980.625    
   8.77073687E-03   10.3898659       440115.281    
   9.06257331E-03   10.0552874       479420.469    
   9.36412066E-03   9.73148251       393614.563    
   9.67570208E-03   9.41810417       433521.750    
   9.69999935E-03   9.39451313       498344.625    
   9.99765098E-03   9.11481857       40447.3672    
   9.99999978E-03   9.11267757       428086.813    
   1.03000002E-02   8.84725952       400006.750    
   1.03303147E-02   8.82129669       472187.656    
   1.06740473E-02   8.53722763       476485.688    
   1.10292174E-02   8.26230621       423801.344    
   1.13962069E-02   7.99623728       422801.844    
   1.17754061E-02   7.73873758       361740.500    
   1.19999992E-02   7.59389830       454214.156    
   1.21672228E-02   7.48952961       53929.8164    
   1.22999996E-02   7.40868092       426265.250    
   1.25720780E-02   7.24834633       355037.813    
   1.26000000E-02   7.23228359       422207.719    
   1.29904039E-02   7.01493025       426116.375    
   1.34226494E-02   6.78903008       446412.156    
   1.38692781E-02   6.57040501       386012.031    
   1.43307671E-02   6.35882044       423871.625    
   1.48076117E-02   6.15404987       414532.094    
   1.52999992E-02   5.95599890       456975.969    
   1.53003233E-02   5.95587254       422450.094    
   1.55999996E-02   5.84146023       394591.063    
   1.58094298E-02   5.76407719       440428.125    
   1.58999991E-02   5.73124409       358817.688    
   1.63354762E-02   5.57845879       392482.219    
   1.68790258E-02   5.39881754       361098.813    
   1.74406618E-02   5.22496080       387251.063    
   1.80209856E-02   5.05670309       359926.469    
   1.86206196E-02   4.89386368       396992.125    
   1.92402061E-02   4.73626852       385277.531    
   1.98804103E-02   4.58374739       387321.438    
   2.01000012E-02   4.53366995       381439.688    
   2.04000007E-02   4.46699858       30509.3672    
   2.05419138E-02   4.43613863       399980.531    
   2.07000002E-02   4.40225983       378723.313    
   2.12254301E-02   4.29328251       397351.813    
   2.19316892E-02   4.15502739       421557.000    
   2.26614475E-02   4.02122498       385265.063    
   2.34154910E-02   3.89173055       384290.281    
   2.41946224E-02   3.76640582       430639.406    
   2.49996781E-02   3.64511800       358291.250    
   2.58315243E-02   3.52773499       364290.156    
   2.66910475E-02   3.41413283       350703.063    
   2.74999999E-02   3.31370068       338533.750    
   2.75791697E-02   3.30418849       395486.344    
   2.77999993E-02   3.27794147       393475.906    
   2.80999988E-02   3.24294591       377282.531    
   2.84968466E-02   3.19778442       383908.563    
   2.94450559E-02   3.09480739       393711.188    
   3.04248165E-02   2.99514627       381709.469    
   3.14371772E-02   2.89869475       391032.375    
   3.24832238E-02   2.80534887       385412.438    
   3.35640796E-02   2.71500874       390179.156    
   3.46808955E-02   2.62757850       347928.000    
   3.58348750E-02   2.54296350       361431.344    
   3.70272547E-02   2.46107292       337558.219    
   3.82593051E-02   2.38181973       356827.188    
   3.95323560E-02   2.30511880       316311.469    
   3.96999978E-02   2.29538488       415162.125    
   3.99999991E-02   2.27816939       433684.406    
   4.03000005E-02   2.26121020       413492.625    
   4.08477634E-02   2.23088765       412193.844    
   4.22069393E-02   2.15904713       389314.813    
   4.36113402E-02   2.08951998       398968.531    
   4.50624749E-02   2.02223182       400743.406    
   4.65618894E-02   1.95711076       380762.563    
   4.81112003E-02   1.89408648       377916.063    
   4.97120656E-02   1.83309162       371959.469    
   5.13661951E-02   1.77406120       354770.563    
   5.30753620E-02   1.71693170       352269.125    
   5.48414029E-02   1.66164184       341675.906    
   5.66662066E-02   1.60813260       333216.375    
   5.85517325E-02   1.55634642       327761.219    
   6.04999922E-02   1.50622785       319298.406    
   6.21999986E-02   1.46506059       325600.469    
   6.25000000E-02   1.45802844       30144.3516    
   6.25130832E-02   1.45772326       489867.094    
   6.27999976E-02   1.45106339       482888.406    
   6.45931587E-02   1.41078055       423374.250    
   6.67424425E-02   1.36534977       435626.625    
   6.89632446E-02   1.32138169       418313.594    
   7.12579414E-02   1.27882969       399352.563    
   7.36289918E-02   1.23764801       401034.844    
   7.60789365E-02   1.19779241       391909.188    
   7.86104053E-02   1.15922022       381646.250    
   8.12261030E-02   1.12189019       382284.875    
   8.39288384E-02   1.08576238       361632.344    
   8.67215097E-02   1.05079782       348800.063    
   8.96070898E-02   1.01695931       328146.313    
   9.25887004E-02  0.984210551       313798.031    
   9.56695154E-02  0.952516377       311226.188    
   9.88528430E-02  0.921842754       304328.969    
  0.102142081      0.892157018       303399.750    
  0.105540760      0.863427341       298507.063    
  0.109052531      0.835622787       291950.781    
  0.110870004      0.821924567       102512.883    
  0.111170001      0.819706500       622445.625    
  0.111469999      0.817500412       612049.125    
  0.112681150      0.808713615       600016.438    
  0.115800001      0.786932409       588775.188    
  0.116099998      0.784898996       550538.688    
  0.116399996      0.782876074       513994.594    
  0.116430506      0.782670975       602193.125    
  0.120304629      0.757466912       557637.313    
  0.122180000      0.745840371       557800.875    
  0.122479998      0.744013548       534809.250    
  0.122779995      0.742195606       560647.813    
  0.124307647      0.733074546       533693.313    
  0.128443867      0.709467709       495207.531    
  0.132717729      0.686620891       483261.563    
  0.137019992      0.665061891       466507.938    
  0.137133777      0.664510012       355032.313    
  0.137319997      0.663608909       482482.719    
  0.137620002      0.662162304       471925.250    
  0.141696781      0.643111110       441973.125    
  0.146411598      0.622401357       427263.000    
  0.151283324      0.602358401       406698.313    
  0.156317130      0.582960904       391099.719    
  0.161518425      0.564188123       379653.156    
  0.166892782      0.546019852       354472.125    
  0.172445983      0.528436661       348190.813    
  0.178183973      0.511419594       331893.469    
  0.184112877      0.494950533       324337.969    
  0.190239042      0.479011983       304585.063    
  0.196569055      0.463586599       299909.219    
  0.203109711      0.448657870       288426.500    
  0.209867984      0.434209973       280413.969    
  0.216851145      0.420227349       275181.688    
  0.224066675      0.406694919       271098.969    
  0.231522277      0.393598318       263169.438    
  0.239225969      0.380923420       257793.328    
  0.247185990      0.368656725       257537.109    
  0.247329995      0.368442059       233812.375    
  0.247630000      0.367995709       323574.031    
  0.247930005      0.367550433       291786.750    
  0.249639988      0.365032762       301177.563    
  0.249939993      0.364594638       1298789.75    
  0.250239998      0.364157528       1275575.38    
  0.255410880      0.356784999       1208639.63    
  0.263909429      0.345295638       1100968.63    
  0.266000003      0.342581838       1086803.25    
  0.266299993      0.342195928       1119082.38    
  0.266599983      0.341810882       1144709.63    
  0.272690773      0.334176213       1098653.13    
  0.281764269      0.323414922       966629.188    
  0.291139692      0.313000172       890531.125    
  0.291590005      0.312516809       855342.250    
  0.291889995      0.312195599       939310.000    
  0.292189986      0.311875075       877850.063    
  0.300827116      0.302920729       810168.750    
  0.310836852      0.293165922       738362.688    
  0.321179658      0.283725232       688236.125    
  0.331866592      0.274588555       625680.375    
  0.342909157      0.265746117       571724.188    
  0.354319125      0.257188410       544363.688    
  0.366108775      0.248906285       507091.656    
  0.378290713      0.240890861       479549.563    
  0.390877962      0.233133554       453465.938    
  0.403884053      0.225626081       454463.875    
  0.417322904      0.218360350       437805.938    
  0.431208938      0.211328581       430822.469    
  0.445556998      0.204523250       423603.844    
  0.460382491      0.197937101       1590592.75    
  0.475701302      0.191563010       1647236.13    
  0.491529822      0.185394183       1789616.13    
  0.507885039      0.179424018       1807143.50    
  0.524784446      0.173646092       2105544.50    
  0.542246103      0.168054283       1958183.13    
  0.560288787      0.162642494       3032386.00    
  0.578931868      0.157405004       2360332.75    
  0.598195314      0.152336150       1916416.00    
  0.618099749      0.147430524       2838072.00    
  0.638666451      0.142682880       2824388.75    
  0.659917474      0.138088137       2286850.75    
  0.681875587      0.133641347       2231228.50    
  0.704564393      0.129337743       1988675.25    
  0.728008151      0.125172749       2051132.75    
  0.752231956      0.121141851       2108002.25    
  0.761145711      0.119723171       2158040.50    
  0.761445701      0.119675994       2208956.50    
  0.761745691      0.119628876       2109897.75    
  0.777261794      0.117240772       1989234.25    
  0.803124428      0.113465324       2149414.75    
  0.827294469      0.110150337       2161290.25    
  0.827594459      0.110110424       2438169.50    
  0.827894449      0.110070527       2359318.50    
  0.829847693      0.109811448       2365682.00    
  0.857460141      0.106275231       2320851.50    
  0.885991335      0.102852903       2408113.25    
  0.915471911       9.95407626E-02   2391963.00    
  0.945933402       9.63352993E-02   2512066.75    
  0.977408469       9.32330489E-02   2533654.25    
  0.999134004       9.12057534E-02   1603865.75    
  0.999433994       9.11783800E-02   2411193.50    
  0.999733984       9.11510214E-02   2355346.75    
   1.00075114       9.10583735E-02   2252881.50    
   1.00105119       9.10310820E-02   2206264.25    
   1.00135124       9.10038128E-02   2245214.75    
   1.00993085       9.02307034E-02   2017243.25    
   1.04353535       8.73250514E-02   1707584.88    
   1.06763482       8.53538737E-02   1487759.38    
   1.06793487       8.53299052E-02   1467099.88    
   1.06823492       8.53059292E-02   1577326.13    
   1.07825804       8.45129564E-02   1558079.25    
   1.11413610       8.17914233E-02   1483156.13    
   1.15120792       7.91575238E-02   1487881.13    
   1.15803826       7.86906481E-02   1451404.25    
   1.15833831       7.86702633E-02   1415424.50    
   1.15863836       7.86498785E-02   1416989.25    
   1.18951333       7.66084492E-02   1401319.00    
   1.22909331       7.41414651E-02   1461535.50    
   1.26999032       7.17539117E-02   1468997.00    
   1.31224811       6.94432482E-02   1536549.63    
   1.35591197       6.72069937E-02   1596186.25    
   1.40102863       6.50427565E-02   1691310.25    
   1.44764662       6.29482195E-02   2495978.00    
   1.49581575       6.09211214E-02   1796108.50    
   1.54558766       5.89593053E-02   1818666.50    
   1.58433020       5.75175360E-02   1796614.25    
   1.58463025       5.75066507E-02   1777143.13    
   1.58493030       5.74957617E-02   1825228.25    
   1.59701574       5.70606589E-02   1681440.50    
   1.65015507       5.52231595E-02   1717072.88    
   1.70506251       5.34448288E-02   1931916.13    
   1.71442270       5.31530380E-02   1918476.25    
   1.71472275       5.31437360E-02   1945648.75    
   1.71502280       5.31344414E-02   2001242.13    
   1.76179695       5.17237671E-02   1942632.75    
   1.79159629       5.08634560E-02   1882651.88    
   1.79189634       5.08549362E-02   1932167.88    
   1.79219639       5.08464240E-02   2053531.00    
   1.80773997       5.04092276E-02   2193052.00    
   1.80804002       5.04008569E-02   2134370.25    
   1.80834007       5.03925011E-02   2254311.75    
   1.82041907       5.00581302E-02   2188999.75    
   1.88099182       4.84461300E-02   2127239.75    
   1.94358015       4.68860380E-02   2080871.25    
   2.00825095       4.53761928E-02   2087671.00    
   2.03046679       4.48797159E-02   1852195.50    
   2.03076673       4.48730923E-02   1984631.75    
   2.03106666       4.48664650E-02   2148365.25    
   2.07507348       4.39149626E-02   2562883.75    
   2.14411950       4.25007902E-02   2611701.75    
   2.17525935       4.18923721E-02   2147839.25    
   2.17555928       4.18865979E-02   3625404.75    
   2.17585921       4.18808199E-02   2006451.88    
   2.21546316       4.11321558E-02   1919590.63    
   2.28918052       3.98075953E-02   1215940.25    
   2.36535096       3.85256894E-02   505984.094    
   2.44405580       3.72850634E-02   1164674.13    
   2.52537942       3.60843912E-02   766587.563    
   2.55965710       3.56011651E-02   1547972.25    
   2.55995703       3.55969965E-02   1539603.00    
   2.56025696       3.55928242E-02   1349831.63    
   2.58097148       3.53071578E-02   890060.375    
   2.58127141       3.53030562E-02   1168751.25    
   2.58157134       3.52989584E-02   1070054.25    
   2.60940909       3.49223800E-02   773668.688    
   2.69623470       3.37977894E-02   922425.063    
   2.78594947       3.27094123E-02   825597.688    
   2.87864923       3.16560902E-02   258142.516    
   2.97443366       3.06366812E-02   99987.8594    
   2.99403405       3.04361172E-02   185162.875    
   2.99433398       3.04330681E-02   152836.672    
   2.99463391       3.04300189E-02   65843.1875    
   3.01020336       3.02726310E-02   37212.0977    
   3.01050329       3.02696135E-02   80913.5547    
   3.01080322       3.02665997E-02   81470.5625    
   3.07340527       2.96500996E-02   58568.9102    
   3.17566991       2.86952928E-02   56074.9570    
   3.28133726       2.77712289E-02   86397.6172    
   3.39052081       2.68769264E-02   83475.8047    
   3.47691989       2.62090527E-02   43045.3633    
   3.47721982       2.62067895E-02   74170.7578    
   3.47751975       2.62045301E-02   61948.1523    
   3.48720956       2.61317175E-02   27127.6035    
   3.48750949       2.61294711E-02   4495.19824    
   3.48780942       2.61272229E-02   52131.9492    
   3.50333714       2.60114186E-02   17203.8477    
   3.51954889       2.58916058E-02   100353.492    
   3.51984882       2.58893985E-02   71923.1563    
   3.52014875       2.58871932E-02   121866.063    
   3.61990738       2.51737870E-02   52104.0234    
   3.74035645       2.43631266E-02   16944.9980    
   3.86481380       2.35785674E-02   8332.83594    
   3.99341249       2.28192750E-02   1309.40186    
   3.99970007       2.27834024E-02   2251.34082    
   4.00000000       2.27816943E-02   0.00000000    
   4.00029993       2.27799863E-02   107.247742    
   4.03771400       2.25689020E-02   0.00000000    
   4.03801394       2.25672256E-02   0.00000000    
   4.03831387       2.25655511E-02   0.00000000    
   4.12629032       2.20844317E-02   0.00000000    
   4.26358843       2.13732570E-02   0.00000000    
   4.39565277       2.07311139E-02   0.00000000    
   4.39595270       2.07296982E-02   0.00000000    
   4.39625263       2.07282845E-02   0.00000000    
   4.40545559       2.06849836E-02   0.00000000    
   4.55204296       2.00188737E-02   0.00000000    
   4.66392231       1.95386559E-02   0.00000000    
   4.66422224       1.95373986E-02   0.00000000    
   4.66452217       1.95361432E-02   0.00000000    
   4.70350790       1.93742160E-02   0.00000000    
   4.73962593       1.92265753E-02   0.00000000    
   4.73992586       1.92253590E-02   0.00000000    
   4.74022579       1.92241427E-02   0.00000000    
   4.86001253       1.87503174E-02   0.00000000    
   5.02172518       1.81465074E-02   0.00000000    
   5.18881798       1.75621454E-02   0.00000000    
   5.34157991       1.70598906E-02   0.00000000    
   5.34187984       1.70589332E-02   0.00000000    
   5.34217978       1.70579758E-02   0.00000000    
   5.36147118       1.69965979E-02   0.00000000    
   5.51356649       1.65277366E-02   0.00000000    
   5.51386642       1.65268369E-02   0.00000000    
   5.51416636       1.65259391E-02   0.00000000    
   5.53986931       1.64492652E-02   0.00000000    
   5.68922853       1.60174221E-02   0.00000000    
   5.68952847       1.60165764E-02   0.00000000    
   5.68982840       1.60157327E-02   0.00000000    
   5.69363832       1.60050169E-02   0.00000000    
   5.69393826       1.60041731E-02   0.00000000    
   5.69423819       1.60033293E-02   0.00000000    
   5.72420311       1.59195568E-02   0.00000000    
   5.91467094       1.54069047E-02   0.00000000    
   6.11147594       1.49107641E-02   0.00000000    
   6.31482983       1.44305974E-02   0.00000000    
   6.47125387       1.40817789E-02   0.00000000    
   6.47155380       1.40811279E-02   0.00000000    
   6.47185373       1.40804742E-02   0.00000000    
   6.52494955       1.39658973E-02   0.00000000    
   6.68880939       1.36237657E-02   0.00000000    
   6.68910933       1.36231547E-02   0.00000000    
   6.68940926       1.36225447E-02   0.00000000    
   6.74206114       1.35161597E-02   0.00000000    
   6.96639681       1.30809052E-02   0.00000000    
   7.13788605       1.27666332E-02   0.00000000    
   7.13818598       1.27660977E-02   0.00000000    
   7.13848591       1.27655594E-02   0.00000000    
   7.19447994       1.26662068E-02   0.00000000    
   7.19477987       1.26656787E-02   0.00000000    
   7.19507980       1.26651516E-02   0.00000000    
   7.19819736       1.26596661E-02   0.00000000    
   7.43771076       1.22519927E-02   0.00000000    
   7.68519449       1.18574463E-02   0.00000000    
   7.94091225       1.14756059E-02   0.00000000    
   8.20513821       1.11060617E-02   0.00000000    
   8.37119293       1.08857583E-02   0.00000000    
   8.37149334       1.08853672E-02   0.00000000    
   8.37179375       1.08849760E-02   0.00000000    
   8.47815704       1.07484171E-02   0.00000000    
   8.76025963       1.04022911E-02   0.00000000    
   9.05174923       1.00673120E-02   0.00000000    
   9.27522564       9.82475094E-03   0.00000000    
   9.27552605       9.82443150E-03   0.00000000    
   9.27582645       9.82411392E-03   0.00000000    
   9.35293770       9.74311773E-03   0.00000000    
   9.66414833       9.42936447E-03   0.00000000    
   9.98571396       9.12571419E-03   0.00000000    
   10.1498594       8.97813123E-03   0.00000000    
   10.1501598       8.97786580E-03   0.00000000    
   10.1504602       8.97760037E-03   0.00000000    
   10.3179789       8.83184373E-03   0.00000000    
   10.6613007       8.54743458E-03   0.00000000    
   11.0160475       8.27218499E-03   0.00000000    
   11.3825979       8.00579786E-03   0.00000000    
   11.6051311       7.85228238E-03   0.00000000    
   11.6054316       7.85208028E-03   0.00000000    
   11.6057320       7.85187632E-03   0.00000000    
   11.7613449       7.74798915E-03   0.00000000    
   12.1526947       7.49848317E-03   0.00000000    
   12.5570660       7.25701172E-03   0.00000000    
   12.9748917       7.02331634E-03   0.00000000    
   13.4066210       6.79714745E-03   0.00000000    
   13.8527155       6.57826057E-03   0.00000000    
   14.3136539       6.36642333E-03   0.00000000    
   14.7899294       6.16140710E-03   0.00000000    
   15.2820530       5.96299302E-03   0.00000000    
   15.7905512       5.77096920E-03   0.00000000    
   16.3159695       5.58512798E-03   0.00000000    
   16.8588696       5.40527189E-03   0.00000000    
   17.4198360       5.23120724E-03   0.00000000    
   17.9994659       5.06274868E-03   0.00000000    
  
 Total energy radiated out of the nebula [e36 erg/s]:   17.4195499    
 dTheta:   0.314159274    
 dPhi:   0.314159274    
  
